[2016.06.11-06.02.27:125][  0]Log file open, 06/10/16 23:02:27
[2016.06.11-06.02.27:125][  0]LogInit:Display: Running engine for game: MyProject14
[2016.06.11-06.02.27:125][  0]LogPlatformFile: Not using cached read wrapper
[2016.06.11-06.02.27:125][  0]LogInit:Display: RandInit(-2084268037) SRandInit(-2084268035).
[2016.06.11-06.02.27:125][  0]LogTaskGraph: Started task graph with 4 named threads and 5 total threads.
[2016.06.11-06.02.27:125][  0]LogStats: Stats thread started at 0.154167
[2016.06.11-06.02.27:125][  0]LogInit: Version: 4.10.2-2818068+++depot+UE4-Releases+4.10
[2016.06.11-06.02.27:125][  0]LogInit: API Version: 2758231
[2016.06.11-06.02.27:125][  0]LogInit: Compiled (64-bit): Jan  6 2016 17:36:42
[2016.06.11-06.02.27:125][  0]LogInit: Compiled with Visual C++: 19.00.23026.00
[2016.06.11-06.02.27:125][  0]LogInit: Build Configuration: Development
[2016.06.11-06.02.27:125][  0]LogInit: Branch Name: ++depot+UE4-Releases+4.10
[2016.06.11-06.02.27:125][  0]LogInit: Command line:  
[2016.06.11-06.02.27:125][  0]LogInit: Base directory: C:/Program Files/Epic Games/4.10/Engine/Binaries/Win64/
[2016.06.11-06.02.27:125][  0]LogInit: Rocket: 1
[2016.06.11-06.02.27:180][  0]LogInit: Using libcurl 7.41.0
[2016.06.11-06.02.27:180][  0]LogInit:  - built for x86_64-pc-win32
[2016.06.11-06.02.27:180][  0]LogInit:  - supports SSL with WinSSL
[2016.06.11-06.02.27:180][  0]LogInit:  - other features:
[2016.06.11-06.02.27:180][  0]LogInit:      CURL_VERSION_SSL
[2016.06.11-06.02.27:180][  0]LogInit:      CURL_VERSION_IPV6
[2016.06.11-06.02.27:180][  0]LogInit:      CURL_VERSION_ASYNCHDNS
[2016.06.11-06.02.27:180][  0]LogInit:      CURL_VERSION_LARGEFILE
[2016.06.11-06.02.27:180][  0]LogInit:      CURL_VERSION_IDN
[2016.06.11-06.02.27:180][  0]LogInit:  CurlRequestOptions (configurable via config and command line):
[2016.06.11-06.02.27:180][  0]LogInit:  - bVerifyPeer = true  - Libcurl will verify peer certificate
[2016.06.11-06.02.27:180][  0]LogInit:  - bUseHttpProxy = false  - Libcurl will NOT use HTTP proxy
[2016.06.11-06.02.27:180][  0]LogInit:  - bDontReuseConnections = false  - Libcurl will reuse connections
[2016.06.11-06.02.27:180][  0]LogInit:  - CertBundlePath = nullptr  - Libcurl will use whatever was configured at build time.
[2016.06.11-06.02.27:320][  0]LogInit: Presizing for 0 objects not considered by GC, pre-allocating 0 bytes.
[2016.06.11-06.02.27:330][  0]LogInit: Object subsystem initialized
[2016.06.11-06.02.27:331][  0]LogInit: Selected Device Profile: [Windows]
[2016.06.11-06.02.27:331][  0]LogInit: Applying CVar settings loaded from the selected device profile: [Windows]
[2016.06.11-06.02.27:372][  0]LogInit: Computer: COLLEGE-PC
[2016.06.11-06.02.27:372][  0]LogInit: User: Marco
[2016.06.11-06.02.27:372][  0]LogInit: CPU Page size=4096, Cores=2
[2016.06.11-06.02.27:372][  0]LogInit: High frequency timer resolution =1.753829 MHz
[2016.06.11-06.02.27:372][  0]LogMemory: Memory total: Physical=7.9GB (8GB approx)
[2016.06.11-06.02.27:372][  0]LogMemory: Platform Memory Stats for Windows
[2016.06.11-06.02.27:372][  0]LogMemory: Process Physical Memory: 56.07 MB used, 56.07 MB peak
[2016.06.11-06.02.27:372][  0]LogMemory: Process Virtual Memory: 55.57 MB used, 55.57 MB peak
[2016.06.11-06.02.27:372][  0]LogMemory: Physical Memory: 5001.12 MB used, 8056.15 MB total
[2016.06.11-06.02.27:372][  0]LogMemory: Virtual Memory: 380.51 MB used, 134217728.00 MB total
[2016.06.11-06.02.27:855][  0]LogTextLocalizationManager: No specific translations for ('en-US') exist, so ('en') translations will be used.
[2016.06.11-06.02.28:566][  0]LogD3D11RHI: Found D3D11 adapter 0: Intel(R) HD Graphics 4000 (Feature Level 11_0)
[2016.06.11-06.02.28:566][  0]LogD3D11RHI: Adapter has 32MB of dedicated video memory, 0MB of dedicated system memory, and 1760MB of shared system memory, 1 output[s]
[2016.06.11-06.02.28:569][  0]LogD3D11RHI: Found D3D11 adapter 1: Microsoft Basic Render Driver (Feature Level 11_0)
[2016.06.11-06.02.28:569][  0]LogD3D11RHI: Adapter has 0MB of dedicated video memory, 0MB of dedicated system memory, and 4028MB of shared system memory, 0 output[s]
[2016.06.11-06.02.28:569][  0]LogD3D11RHI: Chosen D3D11 Adapter Id = 0
[2016.06.11-06.02.28:576][  0]LogD3D11RHI: !Direct3DDevice
[2016.06.11-06.02.28:576][  0]LogRHI: Texture pool is 638 MB (70% of 912 MB)
[2016.06.11-06.02.28:580][  0]LogD3D11RHI: Async texture creation enabled
[2016.06.11-06.02.28:584][  0]LogShaderCompilers: Guid format shader working directory is -32 characters bigger than the processId version (../../../../../../Users/Marco/Documents/GitHub/Indepedent-Study/MyProject14V5/Intermediate/Shaders/WorkingDirectory/12952/).
[2016.06.11-06.02.28:585][  0]LogShaderCompilers: Cleaned the shader compiler working directory 'C:/Users/Marco/AppData/Local/Temp/UnrealShaderWorkingDir/C9921C714E7C35144074949A730A9A98/'.
[2016.06.11-06.02.28:585][  0]LogShaderCompilers:Display: Using Local Shader Compiler.
[2016.06.11-06.02.31:415][  0]LogTemp:Display: Loaded TP AllDesktopTargetPlatform
[2016.06.11-06.02.31:422][  0]LogTemp:Display: Loaded TP WindowsClientTargetPlatform
[2016.06.11-06.02.31:430][  0]LogTemp:Display: Loaded TP WindowsNoEditorTargetPlatform
[2016.06.11-06.02.31:437][  0]LogTemp:Display: Loaded TP WindowsServerTargetPlatform
[2016.06.11-06.02.31:444][  0]LogTemp:Display: Loaded TP WindowsTargetPlatform
[2016.06.11-06.02.31:452][  0]LogTemp:Display: Loaded TP AndroidTargetPlatform
[2016.06.11-06.02.31:456][  0]LogTemp:Display: Loaded TP Android_ASTCTargetPlatform
[2016.06.11-06.02.31:461][  0]LogTemp:Display: Loaded TP Android_ATCTargetPlatform
[2016.06.11-06.02.31:465][  0]LogTemp:Display: Loaded TP Android_DXTTargetPlatform
[2016.06.11-06.02.31:470][  0]LogTemp:Display: Loaded TP Android_ETC1TargetPlatform
[2016.06.11-06.02.31:477][  0]LogTemp:Display: Loaded TP Android_ETC2TargetPlatform
[2016.06.11-06.02.31:487][  0]LogTemp:Display: Loaded TP Android_MultiTargetPlatform
[2016.06.11-06.02.31:487][  0]LogTemp:Display: Loaded TP Android_PVRTCTargetPlatform
[2016.06.11-06.02.31:488][  0]LogTemp:Display: Loaded TP HTML5TargetPlatform
[2016.06.11-06.02.31:593][  0]LogTemp:Display: Loaded TP IOSTargetPlatform
[2016.06.11-06.02.31:597][  0]LogTemp:Display: Loaded TP LinuxNoEditorTargetPlatform
[2016.06.11-06.02.31:602][  0]LogTemp:Display: Loaded TP LinuxServerTargetPlatform
[2016.06.11-06.02.31:609][  0]LogTemp:Display: Loaded TP LinuxTargetPlatform
[2016.06.11-06.02.31:609][  0]LogTargetPlatformManager:Display: Building Assets For Windows
[2016.06.11-06.02.32:354][  0]LogDerivedDataCache:Display: Max Cache Size: 512 MB
[2016.06.11-06.02.32:701][  0]LogDerivedDataCache: Loaded boot cache 0.35s 41MB C:/Users/Marco/AppData/Local/UnrealEngine/4.10/DerivedDataCache/Boot.ddc.
[2016.06.11-06.02.32:701][  0]LogDerivedDataCache:Display: Loaded Boot cache: C:/Users/Marco/AppData/Local/UnrealEngine/4.10/DerivedDataCache/Boot.ddc
[2016.06.11-06.02.32:701][  0]LogDerivedDataCache: FDerivedDataBackendGraph:  Pak pak cache file ../../../../../../Users/Marco/Documents/GitHub/Indepedent-Study/MyProject14V5/DerivedDataCache/DDC.ddp not found, will not use a pak cache.
[2016.06.11-06.02.32:701][  0]LogDerivedDataCache: Unable to find inner node Pak for hierarchical cache Hierarchy.
[2016.06.11-06.02.32:702][  0]LogDerivedDataCache: FDerivedDataBackendGraph:  CompressedPak pak cache file ../../../../../../Users/Marco/Documents/GitHub/Indepedent-Study/MyProject14V5/DerivedDataCache/Compressed.ddp not found, will not use a pak cache.
[2016.06.11-06.02.32:702][  0]LogDerivedDataCache: Unable to find inner node CompressedPak for hierarchical cache Hierarchy.
[2016.06.11-06.02.32:853][  0]LogDerivedDataCache:Display: Pak cache opened for reading ../../../Engine/DerivedDataCache/Compressed.ddp.
[2016.06.11-06.02.32:866][  0]LogDerivedDataCache: Using Local data cache path C:/Users/Marco/AppData/Local/UnrealEngine/Common/DerivedDataCache: Writable
[2016.06.11-06.02.47:101][  0]LogInit: Selected Device Profile: [Windows]
[2016.06.11-06.02.47:104][  0]LogContentStreaming: Texture pool size is 0.000000MB
[2016.06.11-06.02.47:384][  0]LogMeshUtilities: No automatic mesh reduction module available
[2016.06.11-06.02.47:384][  0]LogMeshUtilities: No automatic mesh merging module available
[2016.06.11-06.02.48:422][  0]LogInit: WinSock: version 1.1 (2.2), MaxSocks=32767, MaxUdp=65467
[2016.06.11-06.03.10:378][  0]UdpMessaging: Initializing bridge on interface 0.0.0.0:0 to multicast group 230.0.0.1:6666.
[2016.06.11-06.03.11:157][  0]LogAssetRegistry: FAssetRegistry took 0.0108 seconds to start up
[2016.06.11-06.03.11:860][  0]SourceControl: Info Source control is disabled
[2016.06.11-06.03.11:862][  0]SourceControl: Info Source control is disabled
[2016.06.11-06.03.11:887][  0]SourceControl: Info Source control is disabled
[2016.06.11-06.03.11:909][  0]SourceControl: Info Source control is disabled
[2016.06.11-06.03.13:004][  0]LogObj: 28633 objects as part of root set at end of initial load.
[2016.06.11-06.03.13:004][  0]LogUObjectAllocator: 6099744 out of 0 bytes used by permanent object pool.
[2016.06.11-06.03.13:176][  0]LogEngine: Initializing Engine...
[2016.06.11-06.03.13:181][  0]LogHMD: Can't find Oculus library dev build: is proper Runtime installed? Version: 0.8.0.0
[2016.06.11-06.03.13:264][  0]LogHMD: SteamVR failed to initialize.  Err: 110
[2016.06.11-06.03.13:775][  0]LogAIModule: Creating AISystem for world NewWorld
[2016.06.11-06.03.13:782][  0]LogInit: XAudio2 using 'Speakers (Realtek High Definition Audio)' : 2 channels at 48 kHz using 32 bits per sample (channel mask 0x3)
[2016.06.11-06.03.13:989][  0]LogInit: FAudioDevice initialized.
[2016.06.11-06.03.14:021][  0]LogDerivedDataCache: Saved boot cache 0.03s 41MB C:/Users/Marco/AppData/Local/UnrealEngine/4.10/DerivedDataCache/Boot.ddc.
[2016.06.11-06.03.14:030][  0]LogInit: Texture streaming: Enabled
[2016.06.11-06.03.14:041][  0]LogAnalytics: Creating configured Analytics provider AnalyticsET
[2016.06.11-06.03.14:041][  0]LogAnalytics: [UEEditor.Rocket.Release] APIServer = http://et2.epicgames.com/ET2/. AppVersion = 4.10.2-2818068+++depot+UE4-Releases+4.10
[2016.06.11-06.03.14:042][  0]LogAnalytics: [UEEditor.Rocket.Release] SetUserId 85acbbeb4fa470e2753714ac1086d3bd|88d36554639f44f4bd4e8c6eb6b2f054|3605c710-a9cd-4ece-9192-2fc6e5fb8996
[2016.06.11-06.03.14:042][  0]LogAnalytics: [UEEditor.Rocket.Release] AnalyticsET::StartSession
[2016.06.11-06.03.14:062][  0]LogInit: Transaction tracking system initialized
[2016.06.11-06.03.14:138][  0]BlueprintLog: New page: Editor Load
[2016.06.11-06.03.14:435][  0]LocalizationService: Info Localization service is disabled
[2016.06.11-06.03.16:457][  0]LogConsoleResponse:Display: 
[2016.06.11-06.03.17:545][  0]LogCook:Display: Done creating registry. It took  0.00s.
[2016.06.11-06.03.18:191][  0]LogFileCache: Scanning file cache for directory 'C:/Users/Marco/Documents/GitHub/Indepedent-Study/MyProject14V5/Content/' took 0.02s
[2016.06.11-06.03.18:191][  0]SourceControl: Info Source control is disabled
[2016.06.11-06.03.18:192][  0]Cmd: MAP LOAD FILE="../../../../../../Users/Marco/Documents/GitHub/Indepedent-Study/MyProject14V5/Content/StarterContent/Maps/Minimal_Default.umap" TEMPLATE=0 SHOWPROGRESS=1 FEATURELEVEL=3
[2016.06.11-06.03.18:214][  0]LightingResults: New page: Lighting Build
[2016.06.11-06.03.18:219][  0]MapCheck: New page: Map Check
[2016.06.11-06.03.18:219][  0]LightingResults: New page: Lighting Build
[2016.06.11-06.03.18:244][  0]LogParticles: Destroying 0 GPU particle simulations for FXSystem 0x0000017E70B36AC0
[2016.06.11-06.03.20:070][  0]LogAIModule: Creating AISystem for world Minimal_Default
[2016.06.11-06.03.20:079][  0]PIE:Warning: Warning Invalid Simulate Options: Body (rotatingSky_C_0.StaticMesh cylinder) is set to simulate physics but Collision Enabled is incompatible
[2016.06.11-06.03.20:079][  0]PIE:Warning: Warning Invalid Simulate Options: Body (rotatingSky_C_0.StaticMesh cylinder) is set to simulate physics but Collision Enabled is incompatible
[2016.06.11-06.03.20:083][  0]PIE:Warning: Warning Invalid Simulate Options: Body (rotatingSky_C_0.StaticMesh cylinder) is set to simulate physics but Collision Enabled is incompatible
[2016.06.11-06.03.20:083][  0]PIE:Warning: Warning Invalid Simulate Options: Body (rotatingSky_C_0.StaticMesh cylinder) is set to simulate physics but Collision Enabled is incompatible
[2016.06.11-06.03.20:083][  0]PIE:Warning: Warning Invalid Simulate Options: Body (rotatingSky_C_0.StaticMesh cylinder) is set to simulate physics but Collision Enabled is incompatible
[2016.06.11-06.03.20:083][  0]PIE:Warning: Warning Invalid Simulate Options: Body (rotatingSky_C_0.StaticMesh cylinder) is set to simulate physics but Collision Enabled is incompatible
[2016.06.11-06.03.20:087][  0]LogEditorServer: Finished looking for orphan Actors (0.000 secs)
[2016.06.11-06.03.20:108][  0]Cmd: MAP CHECKDEP NOCLEARLOG
[2016.06.11-06.03.20:184][  0]MapCheck: Info Map check complete: 0 Error(s), 0 Warning(s), took 76.225ms to complete.
[2016.06.11-06.03.20:184][  0]LogFileHelpers: Loading map 'Minimal_Default' took 1.992
[2016.06.11-06.03.20:459][  0]LogCollectionManager: Loaded 0 collections in 0.003561 seconds
[2016.06.11-06.03.20:500][  0]LogFileCache: Scanning file cache for directory 'C:/Users/Marco/Documents/GitHub/Indepedent-Study/MyProject14V5/Saved/Collections/' took 0.01s
[2016.06.11-06.03.20:500][  0]LogFileCache: Scanning file cache for directory 'C:/Users/Marco/Documents/GitHub/Indepedent-Study/MyProject14V5/Content/Developers/Marco/Collections/' took 0.01s
[2016.06.11-06.03.20:500][  0]LogFileCache: Scanning file cache for directory 'C:/Users/Marco/Documents/GitHub/Indepedent-Study/MyProject14V5/Content/Collections/' took 0.01s
[2016.06.11-06.03.20:500][  0]LogCollectionManager: Rebuilt the GUID cache for 0 collections in 0.000002 seconds
[2016.06.11-06.03.20:514][  0]LogContentBrowser: Native class hierarchy populated in 0.0131 seconds. Added 1893 classes and 338 folders.
[2016.06.11-06.03.20:530][  0]LogContentBrowser: Native class hierarchy updated for 'WidgetCarousel' in 0.0004 seconds. Added 0 classes and 0 folders.
[2016.06.11-06.03.21:971][  0]LogContentBrowser: Native class hierarchy updated for 'AddContentDialog' in 0.0007 seconds. Added 0 classes and 0 folders.
[2016.06.11-06.03.21:977][  0]LogContentBrowser: Native class hierarchy updated for 'SceneOutliner' in 0.0007 seconds. Added 1 classes and 2 folders.
[2016.06.11-06.03.22:081][  0]LogCrashTracker: Crashtracker disabled due to settings.
[2016.06.11-06.03.22:093][  0]LogUObjectGlobals:Warning: Failed to find object 'Class None.'
[2016.06.11-06.03.22:116][  0]LogLoad: Full Startup: 56.76 seconds (BP compile: 0.35 seconds)
[2016.06.11-06.03.22:459][  0]LogOcInput: Can't find Oculus library dev build: is proper Runtime installed? Version: 0.8.0.0
[2016.06.11-06.03.22:707][  0]LogContentStreaming: Texture pool size now 200 MB
[2016.06.11-06.03.23:096][  0]LogRenderer: Reallocating scene render targets to support 748x312 (Frame:2).
[2016.06.11-06.03.23:539][  1]LogFileCache: Retrieving MD5 hashes for directory 'C:/Users/Marco/Documents/GitHub/Indepedent-Study/MyProject14V5/Content/' took 1.07s
[2016.06.11-06.03.25:549][  7]LogAssetRegistry: Asset discovery search completed in 14.4033 seconds
[2016.06.11-06.03.25:549][  7]LogCollectionManager: Rebuilt the object cache for 0 collections in 0.000002 seconds (found 0 objects)
[2016.06.11-06.03.25:549][  7]LogCollectionManager: Fixed up redirectors for 0 collections in 0.000025 seconds (updated 0 objects)
[2016.06.11-06.03.25:906][  8]AssetReimport: New page: Outstanding source content changes 4:03:25 PM
[2016.06.11-06.03.25:926][  8]LogFactory: FactoryCreateBinary: Texture with ReimportTextureFactory (0 0 C:/Users/Marco/Documents/GitHub/Indepedent-Study/MyProject14V5/Content/GameOver.jpg)
[2016.06.11-06.03.26:206][  9]LogFactory: FactoryCreateBinary: Texture with ReimportTextureFactory (0 0 C:/Users/Marco/Documents/GitHub/Indepedent-Study/MyProject14V5/Content/Title_Screen.jpg)
[2016.06.11-06.03.26:362][  9]LogFactory: FactoryCreateBinary: Texture with ReimportTextureFactory (0 0 C:/Users/Marco/Documents/GitHub/Indepedent-Study/MyProject14V5/Content/tutorial1.jpg)
[2016.06.11-06.03.26:782][ 10]Cmd: OBJ SAVEPACKAGE PACKAGE="/Game/GameOver" FILE="../../../../../../Users/Marco/Documents/GitHub/Indepedent-Study/MyProject14V5/Content/GameOver.uasset" SILENT=true
[2016.06.11-06.03.26:881][ 10]LogSavePackage: Save=75.304375ms
[2016.06.11-06.03.26:881][ 10]LogSavePackage: Moving '../../../../../../Users/Marco/Documents/GitHub/Indepedent-Study/MyProject14V5/Saved/GameOverB8D8B1C34373E8E4A74C23A0C85F08D1.tmp' to '../../../../../../Users/Marco/Documents/GitHub/Indepedent-Study/MyProject14V5/Content/GameOver.uasset'
[2016.06.11-06.03.26:890][ 10]LogSavePackage: Total save time: 106.144898ms
[2016.06.11-06.03.26:890][ 10]LogSavePackage:Display: Finished SavePackage ../../../../../../Users/Marco/Documents/GitHub/Indepedent-Study/MyProject14V5/Content/GameOver.uasset
[2016.06.11-06.03.26:911][ 10]Cmd: OBJ SAVEPACKAGE PACKAGE="/Game/Title_Screen" FILE="../../../../../../Users/Marco/Documents/GitHub/Indepedent-Study/MyProject14V5/Content/Title_Screen.uasset" SILENT=true
[2016.06.11-06.03.26:994][ 10]LogSavePackage: Save=79.716438ms
[2016.06.11-06.03.26:994][ 10]LogSavePackage: Moving '../../../../../../Users/Marco/Documents/GitHub/Indepedent-Study/MyProject14V5/Saved/Title_Screen47FE0D9C4FDFB0B18AC1B1AD1503D2F4.tmp' to '../../../../../../Users/Marco/Documents/GitHub/Indepedent-Study/MyProject14V5/Content/Title_Screen.uasset'
[2016.06.11-06.03.26:998][ 10]LogSavePackage: Total save time: 84.148452ms
[2016.06.11-06.03.26:998][ 10]LogSavePackage:Display: Finished SavePackage ../../../../../../Users/Marco/Documents/GitHub/Indepedent-Study/MyProject14V5/Content/Title_Screen.uasset
[2016.06.11-06.03.27:015][ 10]Cmd: OBJ SAVEPACKAGE PACKAGE="/Game/tutorial1" FILE="../../../../../../Users/Marco/Documents/GitHub/Indepedent-Study/MyProject14V5/Content/tutorial1.uasset" SILENT=true
[2016.06.11-06.03.27:089][ 10]LogSavePackage: Save=72.229958ms
[2016.06.11-06.03.27:089][ 10]LogSavePackage: Moving '../../../../../../Users/Marco/Documents/GitHub/Indepedent-Study/MyProject14V5/Saved/tutorial1972A4EBA4E2F19349424DD925B02FDAB.tmp' to '../../../../../../Users/Marco/Documents/GitHub/Indepedent-Study/MyProject14V5/Content/tutorial1.uasset'
[2016.06.11-06.03.27:094][ 10]LogSavePackage: Total save time: 76.951630ms
[2016.06.11-06.03.27:094][ 10]LogSavePackage:Display: Finished SavePackage ../../../../../../Users/Marco/Documents/GitHub/Indepedent-Study/MyProject14V5/Content/tutorial1.uasset
[2016.06.11-06.03.30:228][ 20]AssetReimport: Info Importing new asset /Game/GameOver.
[2016.06.11-06.03.30:228][ 20]AssetReimport: Info Importing new asset /Game/Title_Screen.
[2016.06.11-06.03.30:228][ 20]AssetReimport: Info Importing new asset /Game/tutorial1.
[2016.06.12-01.55.53:737][626]LogWindowsTextInputMethodSystem:Display: IME system now deactivated.
[2016.06.12-08.03.57:195][873]LogWindowsTextInputMethodSystem:Display: IME system now deactivated.
[2016.06.12-09.03.44:476][606]LogD3D11RHI: Timed out while waiting for GPU to catch up. (500 ms)
[2016.06.13-06.32.28:367][467]LogFactory: FactoryCreateBinary: StaticMesh with FbxFactory (0 0 C:\Users\Marco\Desktop\Floor3.fbx)
[2016.06.13-06.32.28:971][467]LogFbx: ItemName: GlobalSettings, ItemCount : 1
[2016.06.13-06.32.28:971][467]LogFbx: ItemName: AnimationStack, ItemCount : 1
[2016.06.13-06.32.28:971][467]LogFbx: ItemName: AnimationLayer, ItemCount : 1
[2016.06.13-06.32.28:972][467]LogFbx: ItemName: NodeAttribute, ItemCount : 5
[2016.06.13-06.32.28:972][467]LogFbx: ItemName: Model, ItemCount : 96
[2016.06.13-06.32.28:972][467]LogFbx: ItemName: Geometry, ItemCount : 91
[2016.06.13-06.32.28:972][467]LogFbx: ItemName: Material, ItemCount : 9
[2016.06.13-06.32.28:972][467]LogFbx: ItemName: Texture, ItemCount : 2
[2016.06.13-06.32.28:972][467]LogFbx: ItemName: CollectionExclusive, ItemCount : 4
[2016.06.13-06.32.28:972][467]LogFbx: ItemName: Video, ItemCount : 2
[2016.06.13-06.32.29:227][467]LogFbx: Loading FBX Scene from C:\Users\Marco\Desktop\Floor3.fbx
[2016.06.13-06.32.30:449][467]LogFbx: FBX Scene Loaded Succesfully
[2016.06.13-06.32.38:809][467]LogFbx: Loading FBX Scene from C:\Users\Marco\Desktop\Floor3.fbx
[2016.06.13-06.32.39:675][467]LogFbx: FBX Scene Loaded Succesfully
[2016.06.13-06.32.40:005][467]LogLinker:Warning: Can't find file '/Game/StarterContent/Blueprints/BlueWall'
[2016.06.13-06.32.40:025][467]LogLinker:Warning: Can't find file '/Game/StarterContent/Blueprints/BlueWall'
[2016.06.13-06.32.40:390][467]LogMaterial: Missing cached shader map for material BlueWall, compiling. 
[2016.06.13-06.32.40:707][467]PIE:Warning: Warning Invalid Simulate Options: Body (rotatingSky_C_0.StaticMesh cylinder) is set to simulate physics but Collision Enabled is incompatible
[2016.06.13-06.32.40:748][467]PIE:Warning: Warning Invalid Simulate Options: Body (rotatingSky_C_0.StaticMesh cylinder) is set to simulate physics but Collision Enabled is incompatible
[2016.06.13-06.32.40:985][467]LogLinker:Warning: Can't find file '/Game/StarterContent/Blueprints/GrayWall'
[2016.06.13-06.32.40:985][467]LogLinker:Warning: Can't find file '/Game/StarterContent/Blueprints/GrayWall'
[2016.06.13-06.32.41:084][467]LogMaterial: Missing cached shader map for material GrayWall, compiling. 
[2016.06.13-06.32.41:092][467]PIE:Warning: Warning Invalid Simulate Options: Body (rotatingSky_C_0.StaticMesh cylinder) is set to simulate physics but Collision Enabled is incompatible
[2016.06.13-06.32.41:092][467]PIE:Warning: Warning Invalid Simulate Options: Body (rotatingSky_C_0.StaticMesh cylinder) is set to simulate physics but Collision Enabled is incompatible
[2016.06.13-06.32.41:236][467]LogLinker:Warning: Can't find file '/Game/StarterContent/Blueprints/Windowframes'
[2016.06.13-06.32.41:237][467]LogLinker:Warning: Can't find file '/Game/StarterContent/Blueprints/Windowframes'
[2016.06.13-06.32.41:336][467]LogMaterial: Missing cached shader map for material Windowframes, compiling. 
[2016.06.13-06.32.41:343][467]PIE:Warning: Warning Invalid Simulate Options: Body (rotatingSky_C_0.StaticMesh cylinder) is set to simulate physics but Collision Enabled is incompatible
[2016.06.13-06.32.41:343][467]PIE:Warning: Warning Invalid Simulate Options: Body (rotatingSky_C_0.StaticMesh cylinder) is set to simulate physics but Collision Enabled is incompatible
[2016.06.13-06.32.41:345][467]LogLinker:Warning: Can't find file '/Game/StarterContent/Blueprints/Glass'
[2016.06.13-06.32.41:345][467]LogLinker:Warning: Can't find file '/Game/StarterContent/Blueprints/Glass'
[2016.06.13-06.32.41:506][467]LogMaterial: Missing cached shader map for material Glass, compiling. 
[2016.06.13-06.32.41:524][467]PIE:Warning: Warning Invalid Simulate Options: Body (rotatingSky_C_0.StaticMesh cylinder) is set to simulate physics but Collision Enabled is incompatible
[2016.06.13-06.32.41:524][467]PIE:Warning: Warning Invalid Simulate Options: Body (rotatingSky_C_0.StaticMesh cylinder) is set to simulate physics but Collision Enabled is incompatible
[2016.06.13-06.32.42:133][467]LogLinker:Warning: Can't find file '/Game/StarterContent/Blueprints/BathroomTile'
[2016.06.13-06.32.42:134][467]LogLinker:Warning: Can't find file '/Game/StarterContent/Blueprints/BathroomTile'
[2016.06.13-06.32.42:356][467]LogMaterial: Missing cached shader map for material BathroomTile, compiling. 
[2016.06.13-06.32.42:364][467]PIE:Warning: Warning Invalid Simulate Options: Body (rotatingSky_C_0.StaticMesh cylinder) is set to simulate physics but Collision Enabled is incompatible
[2016.06.13-06.32.42:364][467]PIE:Warning: Warning Invalid Simulate Options: Body (rotatingSky_C_0.StaticMesh cylinder) is set to simulate physics but Collision Enabled is incompatible
[2016.06.13-06.32.42:372][467]LogLinker:Warning: Can't find file '/Game/StarterContent/Blueprints/Carpet'
[2016.06.13-06.32.42:372][467]LogLinker:Warning: Can't find file '/Game/StarterContent/Blueprints/Carpet'
[2016.06.13-06.32.42:483][467]LogLinker:Warning: Can't find file '/Game/StarterContent/Blueprints/TexturesCom_Carpet0015_1_S'
[2016.06.13-06.32.42:483][467]LogLinker:Warning: Can't find file '/Game/StarterContent/Blueprints/TexturesCom_Carpet0015_1_S'
[2016.06.13-06.32.42:483][467]LogUObjectGlobals:Warning: Failed to find object 'Texture /Game/StarterContent/Blueprints/TexturesCom_Carpet0015_1_S.TexturesCom_Carpet0015_1_S'
[2016.06.13-06.32.43:093][467]LogTexture:Display: Building textures: TexturesCom_Carpet0015_1_S (AutoDXT)
[2016.06.13-06.32.47:552][467]LogMaterial: Missing cached shader map for material Carpet, compiling. 
[2016.06.13-06.32.47:777][467]PIE:Warning: Warning Invalid Simulate Options: Body (rotatingSky_C_0.StaticMesh cylinder) is set to simulate physics but Collision Enabled is incompatible
[2016.06.13-06.32.47:777][467]PIE:Warning: Warning Invalid Simulate Options: Body (rotatingSky_C_0.StaticMesh cylinder) is set to simulate physics but Collision Enabled is incompatible
[2016.06.13-06.32.47:785][467]LogLinker:Warning: Can't find file '/Game/StarterContent/Blueprints/HallwayFloor'
[2016.06.13-06.32.47:786][467]LogLinker:Warning: Can't find file '/Game/StarterContent/Blueprints/HallwayFloor'
[2016.06.13-06.32.47:883][467]LogMaterial: Missing cached shader map for material HallwayFloor, compiling. 
[2016.06.13-06.32.47:894][467]PIE:Warning: Warning Invalid Simulate Options: Body (rotatingSky_C_0.StaticMesh cylinder) is set to simulate physics but Collision Enabled is incompatible
[2016.06.13-06.32.47:894][467]PIE:Warning: Warning Invalid Simulate Options: Body (rotatingSky_C_0.StaticMesh cylinder) is set to simulate physics but Collision Enabled is incompatible
[2016.06.13-06.32.47:896][467]LogLinker:Warning: Can't find file '/Game/StarterContent/Blueprints/WoodFloor'
[2016.06.13-06.32.47:897][467]LogLinker:Warning: Can't find file '/Game/StarterContent/Blueprints/WoodFloor'
[2016.06.13-06.32.47:901][467]LogLinker:Warning: Can't find file '/Game/StarterContent/Blueprints/TexturesCom_WoodFine0039_1_S'
[2016.06.13-06.32.47:901][467]LogLinker:Warning: Can't find file '/Game/StarterContent/Blueprints/TexturesCom_WoodFine0039_1_S'
[2016.06.13-06.32.47:901][467]LogUObjectGlobals:Warning: Failed to find object 'Texture /Game/StarterContent/Blueprints/TexturesCom_WoodFine0039_1_S.TexturesCom_WoodFine0039_1_S'
[2016.06.13-06.32.48:011][467]LogTexture:Display: Building textures: TexturesCom_WoodFine0039_1_S (AutoDXT)
[2016.06.13-06.32.52:027][467]LogMaterial: Missing cached shader map for material WoodFloor, compiling. 
[2016.06.13-06.32.52:039][467]PIE:Warning: Warning Invalid Simulate Options: Body (rotatingSky_C_0.StaticMesh cylinder) is set to simulate physics but Collision Enabled is incompatible
[2016.06.13-06.32.52:039][467]PIE:Warning: Warning Invalid Simulate Options: Body (rotatingSky_C_0.StaticMesh cylinder) is set to simulate physics but Collision Enabled is incompatible
[2016.06.13-06.32.52:289][467]LogStaticMesh: Building static mesh Floor3...
[2016.06.13-06.32.56:095][467]LogStaticMesh: Built static mesh [3.833760.2s] /Game/StarterContent/Blueprints/Floor3.Floor3
[2016.06.13-06.32.56:384][467]LogStaticMesh:Warning: Floor3 has degenerate tangent bases which will result in incorrect shading. 
[2016.06.13-06.32.56:747][467]FBXImport:Warning: Warning Floor3 has degenerate tangent bases which will result in incorrect shading.  
[2016.06.13-06.33.22:797][513]LogSavePackage: Save=5030.406738ms
[2016.06.13-06.33.22:797][513]LogSavePackage: Moving '../../../../../../Users/Marco/Documents/GitHub/Indepedent-Study/MyProject14V5/Saved/Minimal_Default_Auto12C7A212544E5F116AFC64599DE965310.tmp' to '../../../../../../Users/Marco/Documents/GitHub/Indepedent-Study/MyProject14V5/Saved/Autosaves/Game/StarterContent/Maps/Minimal_Default_Auto1.umap'
[2016.06.13-06.33.22:799][513]LogSavePackage: Total save time: 7975.566033ms
[2016.06.13-06.33.22:799][513]LogSavePackage:Display: Finished SavePackage ../../../../../../Users/Marco/Documents/GitHub/Indepedent-Study/MyProject14V5/Saved/Autosaves/Game/StarterContent/Maps/Minimal_Default_Auto1.umap
[2016.06.13-06.33.22:855][513]LogFileHelpers: Editor autosave (incl. sublevels) for '/Game/StarterContent/Maps/Minimal_Default' took 9.332
[2016.06.13-06.33.22:855][513]LogFileHelpers: Editor autosave (incl. sublevels) for all levels took 9.332
[2016.06.13-06.33.22:885][513]OBJ SavePackage: Generating thumbnails for [1] asset(s) in package [/Game/StarterContent/Blueprints/Floor3] ([1] browsable assets)...
[2016.06.13-06.33.23:084][513]OBJ SavePackage:     Rendered thumbnail for [StaticMesh /Game/StarterContent/Blueprints/Floor3.Floor3]
[2016.06.13-06.33.23:084][513]OBJ SavePackage: Finished generating thumbnails for package [/Game/StarterContent/Blueprints/Floor3]
[2016.06.13-06.33.23:111][513]LogSavePackage: Save=22.324867ms
[2016.06.13-06.33.23:111][513]LogSavePackage: Moving '../../../../../../Users/Marco/Documents/GitHub/Indepedent-Study/MyProject14V5/Saved/Floor3_Auto1E274DEF74D2F1E17DAEF1F8D1AC6BDF0.tmp' to '../../../../../../Users/Marco/Documents/GitHub/Indepedent-Study/MyProject14V5/Saved/Autosaves/Game/StarterContent/Blueprints/Floor3_Auto1.uasset'
[2016.06.13-06.33.23:115][513]LogSavePackage: Total save time: 26.613768ms
[2016.06.13-06.33.23:115][513]LogSavePackage:Display: Finished SavePackage ../../../../../../Users/Marco/Documents/GitHub/Indepedent-Study/MyProject14V5/Saved/Autosaves/Game/StarterContent/Blueprints/Floor3_Auto1.uasset
[2016.06.13-06.33.23:119][513]OBJ SavePackage: Generating thumbnails for [1] asset(s) in package [/Game/StarterContent/Blueprints/BlueWall] ([1] browsable assets)...
[2016.06.13-06.33.23:143][513]OBJ SavePackage:     Rendered thumbnail for [Material /Game/StarterContent/Blueprints/BlueWall.BlueWall]
[2016.06.13-06.33.23:143][513]OBJ SavePackage: Finished generating thumbnails for package [/Game/StarterContent/Blueprints/BlueWall]
[2016.06.13-06.33.23:168][513]LogSavePackage: Save=21.189636ms
[2016.06.13-06.33.23:168][513]LogSavePackage: Moving '../../../../../../Users/Marco/Documents/GitHub/Indepedent-Study/MyProject14V5/Saved/BlueWall_Auto1D4A7C7894CD15113FD052C86E49B493F.tmp' to '../../../../../../Users/Marco/Documents/GitHub/Indepedent-Study/MyProject14V5/Saved/Autosaves/Game/StarterContent/Blueprints/BlueWall_Auto1.uasset'
[2016.06.13-06.33.23:171][513]LogSavePackage: Total save time: 24.102122ms
[2016.06.13-06.33.23:171][513]LogSavePackage:Display: Finished SavePackage ../../../../../../Users/Marco/Documents/GitHub/Indepedent-Study/MyProject14V5/Saved/Autosaves/Game/StarterContent/Blueprints/BlueWall_Auto1.uasset
[2016.06.13-06.33.23:174][513]OBJ SavePackage: Generating thumbnails for [1] asset(s) in package [/Game/StarterContent/Blueprints/GrayWall] ([1] browsable assets)...
[2016.06.13-06.33.23:195][513]OBJ SavePackage:     Rendered thumbnail for [Material /Game/StarterContent/Blueprints/GrayWall.GrayWall]
[2016.06.13-06.33.23:195][513]OBJ SavePackage: Finished generating thumbnails for package [/Game/StarterContent/Blueprints/GrayWall]
[2016.06.13-06.33.23:242][513]LogSavePackage: Save=44.016262ms
[2016.06.13-06.33.23:243][513]LogSavePackage: Moving '../../../../../../Users/Marco/Documents/GitHub/Indepedent-Study/MyProject14V5/Saved/GrayWall_Auto186461C4D4C6C1A7F81E1ED9DE5379CF2.tmp' to '../../../../../../Users/Marco/Documents/GitHub/Indepedent-Study/MyProject14V5/Saved/Autosaves/Game/StarterContent/Blueprints/GrayWall_Auto1.uasset'
[2016.06.13-06.33.23:287][513]LogSavePackage: Total save time: 88.785168ms
[2016.06.13-06.33.23:288][513]LogSavePackage:Display: Finished SavePackage ../../../../../../Users/Marco/Documents/GitHub/Indepedent-Study/MyProject14V5/Saved/Autosaves/Game/StarterContent/Blueprints/GrayWall_Auto1.uasset
[2016.06.13-06.33.23:293][513]OBJ SavePackage: Generating thumbnails for [1] asset(s) in package [/Game/StarterContent/Blueprints/Windowframes] ([1] browsable assets)...
[2016.06.13-06.33.23:315][513]OBJ SavePackage:     Rendered thumbnail for [Material /Game/StarterContent/Blueprints/Windowframes.Windowframes]
[2016.06.13-06.33.23:316][513]OBJ SavePackage: Finished generating thumbnails for package [/Game/StarterContent/Blueprints/Windowframes]
[2016.06.13-06.33.23:339][513]LogSavePackage: Save=21.262051ms
[2016.06.13-06.33.23:339][513]LogSavePackage: Moving '../../../../../../Users/Marco/Documents/GitHub/Indepedent-Study/MyProject14V5/Saved/Windowframes_Auto1E4D9E26A496F2CBF80E8D6BA455E975D.tmp' to '../../../../../../Users/Marco/Documents/GitHub/Indepedent-Study/MyProject14V5/Saved/Autosaves/Game/StarterContent/Blueprints/Windowframes_Auto1.uasset'
[2016.06.13-06.33.23:364][513]LogSavePackage: Total save time: 46.007909ms
[2016.06.13-06.33.23:364][513]LogSavePackage:Display: Finished SavePackage ../../../../../../Users/Marco/Documents/GitHub/Indepedent-Study/MyProject14V5/Saved/Autosaves/Game/StarterContent/Blueprints/Windowframes_Auto1.uasset
[2016.06.13-06.33.23:368][513]OBJ SavePackage: Generating thumbnails for [1] asset(s) in package [/Game/StarterContent/Blueprints/Glass] ([1] browsable assets)...
[2016.06.13-06.33.23:390][513]OBJ SavePackage:     Rendered thumbnail for [Material /Game/StarterContent/Blueprints/Glass.Glass]
[2016.06.13-06.33.23:390][513]OBJ SavePackage: Finished generating thumbnails for package [/Game/StarterContent/Blueprints/Glass]
[2016.06.13-06.33.23:416][513]LogSavePackage: Save=23.039305ms
[2016.06.13-06.33.23:416][513]LogSavePackage: Moving '../../../../../../Users/Marco/Documents/GitHub/Indepedent-Study/MyProject14V5/Saved/Glass_Auto1BD3AC5DB478128A875A9E48D3391E0A6.tmp' to '../../../../../../Users/Marco/Documents/GitHub/Indepedent-Study/MyProject14V5/Saved/Autosaves/Game/StarterContent/Blueprints/Glass_Auto1.uasset'
[2016.06.13-06.33.23:420][513]LogSavePackage: Total save time: 27.303118ms
[2016.06.13-06.33.23:420][513]LogSavePackage:Display: Finished SavePackage ../../../../../../Users/Marco/Documents/GitHub/Indepedent-Study/MyProject14V5/Saved/Autosaves/Game/StarterContent/Blueprints/Glass_Auto1.uasset
[2016.06.13-06.33.23:425][513]OBJ SavePackage: Generating thumbnails for [1] asset(s) in package [/Game/StarterContent/Blueprints/BathroomTile] ([1] browsable assets)...
[2016.06.13-06.33.23:451][513]OBJ SavePackage:     Rendered thumbnail for [Material /Game/StarterContent/Blueprints/BathroomTile.BathroomTile]
[2016.06.13-06.33.23:451][513]OBJ SavePackage: Finished generating thumbnails for package [/Game/StarterContent/Blueprints/BathroomTile]
[2016.06.13-06.33.23:611][513]LogSavePackage: Save=157.571228ms
[2016.06.13-06.33.23:611][513]LogSavePackage: Moving '../../../../../../Users/Marco/Documents/GitHub/Indepedent-Study/MyProject14V5/Saved/BathroomTile_Auto11C9528B94EA54AAFCB9E3CAB7ADE7C72.tmp' to '../../../../../../Users/Marco/Documents/GitHub/Indepedent-Study/MyProject14V5/Saved/Autosaves/Game/StarterContent/Blueprints/BathroomTile_Auto1.uasset'
[2016.06.13-06.33.23:616][513]LogSavePackage: Total save time: 163.394496ms
[2016.06.13-06.33.23:617][513]LogSavePackage:Display: Finished SavePackage ../../../../../../Users/Marco/Documents/GitHub/Indepedent-Study/MyProject14V5/Saved/Autosaves/Game/StarterContent/Blueprints/BathroomTile_Auto1.uasset
[2016.06.13-06.33.23:623][513]OBJ SavePackage: Generating thumbnails for [1] asset(s) in package [/Game/StarterContent/Blueprints/Carpet] ([1] browsable assets)...
[2016.06.13-06.33.23:645][513]OBJ SavePackage:     Rendered thumbnail for [Material /Game/StarterContent/Blueprints/Carpet.Carpet]
[2016.06.13-06.33.23:645][513]OBJ SavePackage: Finished generating thumbnails for package [/Game/StarterContent/Blueprints/Carpet]
[2016.06.13-06.33.23:670][513]LogSavePackage: Save=21.553984ms
[2016.06.13-06.33.23:670][513]LogSavePackage: Moving '../../../../../../Users/Marco/Documents/GitHub/Indepedent-Study/MyProject14V5/Saved/Carpet_Auto142D7986645C20D4560224BADC97C8837.tmp' to '../../../../../../Users/Marco/Documents/GitHub/Indepedent-Study/MyProject14V5/Saved/Autosaves/Game/StarterContent/Blueprints/Carpet_Auto1.uasset'
[2016.06.13-06.33.23:672][513]LogSavePackage: Total save time: 24.413440ms
[2016.06.13-06.33.23:672][513]LogSavePackage:Display: Finished SavePackage ../../../../../../Users/Marco/Documents/GitHub/Indepedent-Study/MyProject14V5/Saved/Autosaves/Game/StarterContent/Blueprints/Carpet_Auto1.uasset
[2016.06.13-06.33.23:677][513]OBJ SavePackage: Generating thumbnails for [1] asset(s) in package [/Game/StarterContent/Blueprints/TexturesCom_Carpet0015_1_S] ([1] browsable assets)...
[2016.06.13-06.33.23:691][513]OBJ SavePackage:     Rendered thumbnail for [Texture2D /Game/StarterContent/Blueprints/TexturesCom_Carpet0015_1_S.TexturesCom_Carpet0015_1_S]
[2016.06.13-06.33.23:691][513]OBJ SavePackage: Finished generating thumbnails for package [/Game/StarterContent/Blueprints/TexturesCom_Carpet0015_1_S]
[2016.06.13-06.33.23:719][513]LogSavePackage: Save=25.139280ms
[2016.06.13-06.33.23:719][513]LogSavePackage: Moving '../../../../../../Users/Marco/Documents/GitHub/Indepedent-Study/MyProject14V5/Saved/TexturesCom_Carpet0015_1_S_Auto1D2FA16B44ABC4E1B4C2964A92ECE1336.tmp' to '../../../../../../Users/Marco/Documents/GitHub/Indepedent-Study/MyProject14V5/Saved/Autosaves/Game/StarterContent/Blueprints/TexturesCom_Carpet0015_1_S_Auto1.uasset'
[2016.06.13-06.33.23:721][513]LogSavePackage: Total save time: 27.770095ms
[2016.06.13-06.33.23:721][513]LogSavePackage:Display: Finished SavePackage ../../../../../../Users/Marco/Documents/GitHub/Indepedent-Study/MyProject14V5/Saved/Autosaves/Game/StarterContent/Blueprints/TexturesCom_Carpet0015_1_S_Auto1.uasset
[2016.06.13-06.33.23:725][513]OBJ SavePackage: Generating thumbnails for [1] asset(s) in package [/Game/StarterContent/Blueprints/HallwayFloor] ([1] browsable assets)...
[2016.06.13-06.33.23:754][513]OBJ SavePackage:     Rendered thumbnail for [Material /Game/StarterContent/Blueprints/HallwayFloor.HallwayFloor]
[2016.06.13-06.33.23:754][513]OBJ SavePackage: Finished generating thumbnails for package [/Game/StarterContent/Blueprints/HallwayFloor]
[2016.06.13-06.33.23:778][513]LogSavePackage: Save=19.633614ms
[2016.06.13-06.33.23:778][513]LogSavePackage: Moving '../../../../../../Users/Marco/Documents/GitHub/Indepedent-Study/MyProject14V5/Saved/HallwayFloor_Auto15635D7DC48FA121A15E7429711A00AAC.tmp' to '../../../../../../Users/Marco/Documents/GitHub/Indepedent-Study/MyProject14V5/Saved/Autosaves/Game/StarterContent/Blueprints/HallwayFloor_Auto1.uasset'
[2016.06.13-06.33.23:781][513]LogSavePackage: Total save time: 22.559784ms
[2016.06.13-06.33.23:781][513]LogSavePackage:Display: Finished SavePackage ../../../../../../Users/Marco/Documents/GitHub/Indepedent-Study/MyProject14V5/Saved/Autosaves/Game/StarterContent/Blueprints/HallwayFloor_Auto1.uasset
[2016.06.13-06.33.23:784][513]OBJ SavePackage: Generating thumbnails for [1] asset(s) in package [/Game/StarterContent/Blueprints/WoodFloor] ([1] browsable assets)...
[2016.06.13-06.33.23:808][513]OBJ SavePackage:     Rendered thumbnail for [Material /Game/StarterContent/Blueprints/WoodFloor.WoodFloor]
[2016.06.13-06.33.23:809][513]OBJ SavePackage: Finished generating thumbnails for package [/Game/StarterContent/Blueprints/WoodFloor]
[2016.06.13-06.33.23:841][513]LogSavePackage: Save=28.782738ms
[2016.06.13-06.33.23:841][513]LogSavePackage: Moving '../../../../../../Users/Marco/Documents/GitHub/Indepedent-Study/MyProject14V5/Saved/WoodFloor_Auto1713E993F46551C41C2A4339B99C2FEA2.tmp' to '../../../../../../Users/Marco/Documents/GitHub/Indepedent-Study/MyProject14V5/Saved/Autosaves/Game/StarterContent/Blueprints/WoodFloor_Auto1.uasset'
[2016.06.13-06.33.23:844][513]LogSavePackage: Total save time: 32.548212ms
[2016.06.13-06.33.23:844][513]LogSavePackage:Display: Finished SavePackage ../../../../../../Users/Marco/Documents/GitHub/Indepedent-Study/MyProject14V5/Saved/Autosaves/Game/StarterContent/Blueprints/WoodFloor_Auto1.uasset
[2016.06.13-06.33.23:852][513]OBJ SavePackage: Generating thumbnails for [1] asset(s) in package [/Game/StarterContent/Blueprints/TexturesCom_WoodFine0039_1_S] ([1] browsable assets)...
[2016.06.13-06.33.23:882][513]OBJ SavePackage:     Rendered thumbnail for [Texture2D /Game/StarterContent/Blueprints/TexturesCom_WoodFine0039_1_S.TexturesCom_WoodFine0039_1_S]
[2016.06.13-06.33.23:882][513]OBJ SavePackage: Finished generating thumbnails for package [/Game/StarterContent/Blueprints/TexturesCom_WoodFine0039_1_S]
[2016.06.13-06.33.23:915][513]LogSavePackage: Save=26.873772ms
[2016.06.13-06.33.23:915][513]LogSavePackage: Moving '../../../../../../Users/Marco/Documents/GitHub/Indepedent-Study/MyProject14V5/Saved/TexturesCom_WoodFine0039_1_S_Auto164A87F7A4865955AF75C688C92B25153.tmp' to '../../../../../../Users/Marco/Documents/GitHub/Indepedent-Study/MyProject14V5/Saved/Autosaves/Game/StarterContent/Blueprints/TexturesCom_WoodFine0039_1_S_Auto1.uasset'
[2016.06.13-06.33.23:918][513]LogSavePackage: Total save time: 30.256085ms
[2016.06.13-06.33.23:918][513]LogSavePackage:Display: Finished SavePackage ../../../../../../Users/Marco/Documents/GitHub/Indepedent-Study/MyProject14V5/Saved/Autosaves/Game/StarterContent/Blueprints/TexturesCom_WoodFine0039_1_S_Auto1.uasset
[2016.06.13-06.33.23:918][513]LogFileHelpers: Auto-saving content packages took 1.062
[2016.06.13-06.33.30:259][709]LogActorFactory: Actor Factory created Floor3
[2016.06.13-06.33.31:869][759]LogActorFactory: Actor Factory created Floor3
[2016.06.13-06.33.36:234][836]Cmd: CAMERA ALIGN ACTIVEVIEWPORTONLY
[2016.06.13-06.33.40:605][  4]Cmd: CAMERA ALIGN ACTIVEVIEWPORTONLY
[2016.06.13-06.33.43:574][126]Cmd: CAMERA ALIGN ACTIVEVIEWPORTONLY
[2016.06.13-06.33.48:107][326]LogRenderer: Reallocating scene render targets to support 748x488 (Frame:1250).
[2016.06.13-06.34.05:192][897]Cmd: CAMERA ALIGN ACTIVEVIEWPORTONLY
[2016.06.13-06.34.26:615][562]LogEditorViewport: Clicking on Actor (LMB): BP_Sky_Sphere_C (BP_Sky_Sphere)
[2016.06.13-06.34.38:481][ 17]LogEditorViewport: Clicking on Actor (LMB): StaticMeshActor (Floor3)
[2016.06.13-06.34.54:760][348]LogRenderer: Reallocating scene render targets to support 1016x600 (Frame:3867).
[2016.06.13-06.35.25:686][ 55]LogSavePackage: Save=28.988573ms
[2016.06.13-06.35.25:686][ 55]LogSavePackage: Moving '../../../../../../Users/Marco/Documents/GitHub/Indepedent-Study/MyProject14V5/Saved/Floor3A942738C4759BAA798B52AAAA19DA5C2.tmp' to '../../../../../../Users/Marco/Documents/GitHub/Indepedent-Study/MyProject14V5/Content/StarterContent/Blueprints/Floor3.uasset'
[2016.06.13-06.35.25:702][ 55]LogSavePackage: Total save time: 45.344219ms
[2016.06.13-06.35.25:702][ 55]LogSavePackage:Display: Finished SavePackage ../../../../../../Users/Marco/Documents/GitHub/Indepedent-Study/MyProject14V5/Content/StarterContent/Blueprints/Floor3.uasset
[2016.06.13-06.36.46:430][844]LogEditorFactories: Performing atomic reimport of [C:/Users/Marco/Desktop/Floor3.fbx]
[2016.06.13-06.36.46:615][844]LogFbx: Loading FBX Scene from C:/Users/Marco/Desktop/Floor3.fbx
[2016.06.13-06.36.47:909][844]LogFbx: FBX Scene Loaded Succesfully
[2016.06.13-06.36.49:352][844]LogStaticMesh: Building static mesh Floor3...
[2016.06.13-06.36.52:676][844]LogStaticMesh: Built static mesh [3.359604.2s] /Game/StarterContent/Blueprints/Floor3.Floor3
[2016.06.13-06.36.52:958][844]LogStaticMesh:Warning: Floor3 has degenerate tangent bases which will result in incorrect shading. 
[2016.06.13-06.36.52:960][844]LogFbx:Warning: Warning Floor3 has degenerate tangent bases which will result in incorrect shading. 
[2016.06.13-06.36.53:045][844]LogEditorFactories: -- imported successfully
[2016.06.13-06.39.03:493][718]LogEditorFactories: Performing atomic reimport of [C:/Users/Marco/Desktop/Floor3.fbx]
[2016.06.13-06.39.03:613][718]LogFbx: Loading FBX Scene from C:/Users/Marco/Desktop/Floor3.fbx
[2016.06.13-06.39.04:454][718]LogFbx: FBX Scene Loaded Succesfully
[2016.06.13-06.39.05:383][718]LogStaticMesh: Building static mesh Floor3...
[2016.06.13-06.39.07:565][718]LogStaticMesh: Built static mesh [2.241545.2s] /Game/StarterContent/Blueprints/Floor3.Floor3
[2016.06.13-06.39.07:706][718]LogStaticMesh:Warning: Floor3 has degenerate tangent bases which will result in incorrect shading. 
[2016.06.13-06.39.07:709][718]LogFbx:Warning: Warning Floor3 has degenerate tangent bases which will result in incorrect shading. 
[2016.06.13-06.39.07:725][718]LogEditorFactories: -- imported successfully
[2016.06.13-06.39.19:884][194]LogEditorViewport: Clicking on Actor (LMB): StaticMeshActor (Floor3)
[2016.06.13-06.39.26:441][437]Cmd: CAMERA ALIGN ACTIVEVIEWPORTONLY
[2016.06.13-06.39.33:667][726]Cmd: CAMERA ALIGN ACTIVEVIEWPORTONLY
[2016.06.13-06.39.45:935][208]Cmd: CAMERA ALIGN ACTIVEVIEWPORTONLY
[2016.06.13-06.41.43:259][493]LogEditorFactories: Performing atomic reimport of [C:/Users/Marco/Desktop/Floor3.fbx]
[2016.06.13-06.41.43:442][493]LogFbx: Loading FBX Scene from C:/Users/Marco/Desktop/Floor3.fbx
[2016.06.13-06.41.44:651][493]LogFbx: FBX Scene Loaded Succesfully
[2016.06.13-06.41.45:958][493]LogStaticMesh: Building static mesh Floor3...
[2016.06.13-06.41.49:116][493]LogStaticMesh: Built static mesh [3.229247.2s] /Game/StarterContent/Blueprints/Floor3.Floor3
[2016.06.13-06.41.49:313][493]LogStaticMesh:Warning: Floor3 has degenerate tangent bases which will result in incorrect shading. 
[2016.06.13-06.41.49:314][493]LogFbx:Warning: Warning Floor3 has degenerate tangent bases which will result in incorrect shading. 
[2016.06.13-06.41.49:331][493]LogEditorFactories: -- imported successfully
[2016.06.13-06.42.59:278][ 52]LogEditorViewport: Clicking on Actor (LMB): StaticMeshActor (Floor3)
[2016.06.13-06.43.35:365][550]LogParticles: Destroying 0 GPU particle simulations for FXSystem 0x0000017E74790720
[2016.06.13-06.43.35:684][550]LogSavePackage: Save=179.243820ms
[2016.06.13-06.43.35:684][550]LogSavePackage: Moving '../../../../../../Users/Marco/Documents/GitHub/Indepedent-Study/MyProject14V5/Saved/Minimal_Default_Auto21C053BD94126C4E1201D568C4351A56F.tmp' to '../../../../../../Users/Marco/Documents/GitHub/Indepedent-Study/MyProject14V5/Saved/Autosaves/Game/StarterContent/Maps/Minimal_Default_Auto2.umap'
[2016.06.13-06.43.35:688][550]LogSavePackage: Total save time: 295.326397ms
[2016.06.13-06.43.35:688][550]LogSavePackage:Display: Finished SavePackage ../../../../../../Users/Marco/Documents/GitHub/Indepedent-Study/MyProject14V5/Saved/Autosaves/Game/StarterContent/Maps/Minimal_Default_Auto2.umap
[2016.06.13-06.43.35:691][550]LogFileHelpers: Editor autosave (incl. sublevels) for '/Game/StarterContent/Maps/Minimal_Default' took 0.362
[2016.06.13-06.43.35:691][550]LogFileHelpers: Editor autosave (incl. sublevels) for all levels took 0.362
[2016.06.13-06.43.35:701][550]OBJ SavePackage: Generating thumbnails for [1] asset(s) in package [/Game/StarterContent/Blueprints/Floor3] ([1] browsable assets)...
[2016.06.13-06.43.35:723][550]OBJ SavePackage:     Rendered thumbnail for [StaticMesh /Game/StarterContent/Blueprints/Floor3.Floor3]
[2016.06.13-06.43.35:723][550]OBJ SavePackage: Finished generating thumbnails for package [/Game/StarterContent/Blueprints/Floor3]
[2016.06.13-06.43.35:811][550]LogSavePackage: Save=19.617647ms
[2016.06.13-06.43.35:811][550]LogSavePackage: Moving '../../../../../../Users/Marco/Documents/GitHub/Indepedent-Study/MyProject14V5/Saved/Floor3_Auto2FF9EFB704C6308D799BD94816490FD4B.tmp' to '../../../../../../Users/Marco/Documents/GitHub/Indepedent-Study/MyProject14V5/Saved/Autosaves/Game/StarterContent/Blueprints/Floor3_Auto2.uasset'
[2016.06.13-06.43.35:813][550]LogSavePackage: Total save time: 88.197310ms
[2016.06.13-06.43.35:813][550]LogSavePackage:Display: Finished SavePackage ../../../../../../Users/Marco/Documents/GitHub/Indepedent-Study/MyProject14V5/Saved/Autosaves/Game/StarterContent/Blueprints/Floor3_Auto2.uasset
[2016.06.13-06.43.35:813][550]LogFileHelpers: Auto-saving content packages took 0.116
[2016.06.13-06.43.49:897][702]LogEditorFactories: Performing atomic reimport of [C:/Users/Marco/Desktop/Floor3.fbx]
[2016.06.13-06.43.50:216][702]LogFbx: Loading FBX Scene from C:/Users/Marco/Desktop/Floor3.fbx
[2016.06.13-06.43.50:371][702]LogFbx:Warning: Warning FBX Scene Loading Failed : 'File is corrupted (or invalid)'
[2016.06.13-06.43.50:615][702]LogEditorFactories:Warning: -- import failed
[2016.06.13-06.44.38:947][721]LogCrashTracker: 


[2016.06.13-06.44.39:422][721]LogCrashTracker: 


[2016.06.13-06.44.39:422][721]LogWindows:Error: === Critical error: ===
Fatal error!



[2016.06.13-06.44.39:684][721]LogExit: Executing StaticShutdownAfterError
[2016.06.13-06.44.40:191][721]LogPhysics:Warning: PHYSX: ..\..\PhysX\src\NpScene.cpp (2946) 8 : PxScene::unlockWrite() called without matching call to PxScene::lockWrite(), behaviour will be undefined.
[2016.06.13-06.44.40:194][721]LogPhysics:Warning: PHYSX: ..\..\PhysX\src\NpScene.cpp (2946) 8 : PxScene::unlockWrite() called without matching call to PxScene::lockWrite(), behaviour will be undefined.
[2016.06.13-06.44.40:234][721]LogWindows: FPlatformMisc::RequestExit(1)
[2016.06.13-06.44.40:234][721]Log file closed, 06/12/16 23:44:40
