[2016.06.11-00.09.58:815][  0]Log file open, 06/10/16 17:09:58
[2016.06.11-00.09.58:815][  0]LogInit:Display: Running engine for game: MyProject14
[2016.06.11-00.09.58:815][  0]LogPlatformFile: Not using cached read wrapper
[2016.06.11-00.09.58:815][  0]LogInit:Display: RandInit(-518608772) SRandInit(-518608771).
[2016.06.11-00.09.58:815][  0]LogTaskGraph: Started task graph with 4 named threads and 5 total threads.
[2016.06.11-00.09.58:815][  0]LogStats: Stats thread started at 0.068585
[2016.06.11-00.09.58:815][  0]LogInit: Version: 4.10.2-2818068+++depot+UE4-Releases+4.10
[2016.06.11-00.09.58:815][  0]LogInit: API Version: 2758231
[2016.06.11-00.09.58:815][  0]LogInit: Compiled (64-bit): Jan  6 2016 17:36:42
[2016.06.11-00.09.58:815][  0]LogInit: Compiled with Visual C++: 19.00.23026.00
[2016.06.11-00.09.58:815][  0]LogInit: Build Configuration: Development
[2016.06.11-00.09.58:815][  0]LogInit: Branch Name: ++depot+UE4-Releases+4.10
[2016.06.11-00.09.58:815][  0]LogInit: Command line:  
[2016.06.11-00.09.58:815][  0]LogInit: Base directory: C:/Program Files/Epic Games/4.10/Engine/Binaries/Win64/
[2016.06.11-00.09.58:815][  0]LogInit: Rocket: 1
[2016.06.11-00.09.58:825][  0]LogInit: Using libcurl 7.41.0
[2016.06.11-00.09.58:825][  0]LogInit:  - built for x86_64-pc-win32
[2016.06.11-00.09.58:825][  0]LogInit:  - supports SSL with WinSSL
[2016.06.11-00.09.58:825][  0]LogInit:  - other features:
[2016.06.11-00.09.58:825][  0]LogInit:      CURL_VERSION_SSL
[2016.06.11-00.09.58:825][  0]LogInit:      CURL_VERSION_IPV6
[2016.06.11-00.09.58:825][  0]LogInit:      CURL_VERSION_ASYNCHDNS
[2016.06.11-00.09.58:825][  0]LogInit:      CURL_VERSION_LARGEFILE
[2016.06.11-00.09.58:825][  0]LogInit:      CURL_VERSION_IDN
[2016.06.11-00.09.58:825][  0]LogInit:  CurlRequestOptions (configurable via config and command line):
[2016.06.11-00.09.58:825][  0]LogInit:  - bVerifyPeer = true  - Libcurl will verify peer certificate
[2016.06.11-00.09.58:825][  0]LogInit:  - bUseHttpProxy = false  - Libcurl will NOT use HTTP proxy
[2016.06.11-00.09.58:825][  0]LogInit:  - bDontReuseConnections = false  - Libcurl will reuse connections
[2016.06.11-00.09.58:825][  0]LogInit:  - CertBundlePath = nullptr  - Libcurl will use whatever was configured at build time.
[2016.06.11-00.09.58:836][  0]LogInit: Presizing for 0 objects not considered by GC, pre-allocating 0 bytes.
[2016.06.11-00.09.58:845][  0]LogInit: Object subsystem initialized
[2016.06.11-00.09.58:846][  0]LogInit: Selected Device Profile: [Windows]
[2016.06.11-00.09.58:846][  0]LogInit: Applying CVar settings loaded from the selected device profile: [Windows]
[2016.06.11-00.09.58:871][  0]LogInit: Computer: COLLEGE-PC
[2016.06.11-00.09.58:871][  0]LogInit: User: Marco
[2016.06.11-00.09.58:871][  0]LogInit: CPU Page size=4096, Cores=2
[2016.06.11-00.09.58:871][  0]LogInit: High frequency timer resolution =1.753829 MHz
[2016.06.11-00.09.58:871][  0]LogMemory: Memory total: Physical=7.9GB (8GB approx)
[2016.06.11-00.09.58:871][  0]LogMemory: Platform Memory Stats for Windows
[2016.06.11-00.09.58:872][  0]LogMemory: Process Physical Memory: 56.49 MB used, 56.49 MB peak
[2016.06.11-00.09.58:872][  0]LogMemory: Process Virtual Memory: 55.61 MB used, 55.61 MB peak
[2016.06.11-00.09.58:872][  0]LogMemory: Physical Memory: 5108.97 MB used, 8056.15 MB total
[2016.06.11-00.09.58:872][  0]LogMemory: Virtual Memory: 380.51 MB used, 134217728.00 MB total
[2016.06.11-00.09.58:909][  0]LogTextLocalizationManager: No specific translations for ('en-US') exist, so ('en') translations will be used.
[2016.06.11-00.09.59:490][  0]LogD3D11RHI: Found D3D11 adapter 0: Intel(R) HD Graphics 4000 (Feature Level 11_0)
[2016.06.11-00.09.59:490][  0]LogD3D11RHI: Adapter has 32MB of dedicated video memory, 0MB of dedicated system memory, and 1760MB of shared system memory, 1 output[s]
[2016.06.11-00.09.59:492][  0]LogD3D11RHI: Found D3D11 adapter 1: Microsoft Basic Render Driver (Feature Level 11_0)
[2016.06.11-00.09.59:492][  0]LogD3D11RHI: Adapter has 0MB of dedicated video memory, 0MB of dedicated system memory, and 4028MB of shared system memory, 0 output[s]
[2016.06.11-00.09.59:493][  0]LogD3D11RHI: Chosen D3D11 Adapter Id = 0
[2016.06.11-00.09.59:500][  0]LogD3D11RHI: !Direct3DDevice
[2016.06.11-00.09.59:500][  0]LogRHI: Texture pool is 638 MB (70% of 912 MB)
[2016.06.11-00.09.59:506][  0]LogD3D11RHI: Async texture creation enabled
[2016.06.11-00.09.59:512][  0]LogShaderCompilers: Guid format shader working directory is -31 characters bigger than the processId version (../../../../../../Users/Marco/Documents/GitHub/Indepedent-Study/MyProject14V5/Intermediate/Shaders/WorkingDirectory/9816/).
[2016.06.11-00.09.59:512][  0]LogShaderCompilers: Cleaned the shader compiler working directory 'C:/Users/Marco/AppData/Local/Temp/UnrealShaderWorkingDir/7F08F6F5498721ED56BDC3BB7C36C566/'.
[2016.06.11-00.09.59:512][  0]LogShaderCompilers:Display: Using Local Shader Compiler.
[2016.06.11-00.10.01:003][  0]LogTemp:Display: Loaded TP AllDesktopTargetPlatform
[2016.06.11-00.10.01:011][  0]LogTemp:Display: Loaded TP WindowsClientTargetPlatform
[2016.06.11-00.10.01:019][  0]LogTemp:Display: Loaded TP WindowsNoEditorTargetPlatform
[2016.06.11-00.10.01:026][  0]LogTemp:Display: Loaded TP WindowsServerTargetPlatform
[2016.06.11-00.10.01:033][  0]LogTemp:Display: Loaded TP WindowsTargetPlatform
[2016.06.11-00.10.01:037][  0]LogTemp:Display: Loaded TP AndroidTargetPlatform
[2016.06.11-00.10.01:042][  0]LogTemp:Display: Loaded TP Android_ASTCTargetPlatform
[2016.06.11-00.10.01:046][  0]LogTemp:Display: Loaded TP Android_ATCTargetPlatform
[2016.06.11-00.10.01:051][  0]LogTemp:Display: Loaded TP Android_DXTTargetPlatform
[2016.06.11-00.10.01:055][  0]LogTemp:Display: Loaded TP Android_ETC1TargetPlatform
[2016.06.11-00.10.01:059][  0]LogTemp:Display: Loaded TP Android_ETC2TargetPlatform
[2016.06.11-00.10.01:069][  0]LogTemp:Display: Loaded TP Android_MultiTargetPlatform
[2016.06.11-00.10.01:069][  0]LogTemp:Display: Loaded TP Android_PVRTCTargetPlatform
[2016.06.11-00.10.01:070][  0]LogTemp:Display: Loaded TP HTML5TargetPlatform
[2016.06.11-00.10.01:090][  0]LogTemp:Display: Loaded TP IOSTargetPlatform
[2016.06.11-00.10.01:094][  0]LogTemp:Display: Loaded TP LinuxNoEditorTargetPlatform
[2016.06.11-00.10.01:098][  0]LogTemp:Display: Loaded TP LinuxServerTargetPlatform
[2016.06.11-00.10.01:102][  0]LogTemp:Display: Loaded TP LinuxTargetPlatform
[2016.06.11-00.10.01:102][  0]LogTargetPlatformManager:Display: Building Assets For Windows
[2016.06.11-00.10.01:249][  0]LogDerivedDataCache:Display: Max Cache Size: 512 MB
[2016.06.11-00.10.01:711][  0]LogDerivedDataCache: Loaded boot cache 0.46s 41MB C:/Users/Marco/AppData/Local/UnrealEngine/4.10/DerivedDataCache/Boot.ddc.
[2016.06.11-00.10.01:711][  0]LogDerivedDataCache:Display: Loaded Boot cache: C:/Users/Marco/AppData/Local/UnrealEngine/4.10/DerivedDataCache/Boot.ddc
[2016.06.11-00.10.01:711][  0]LogDerivedDataCache: FDerivedDataBackendGraph:  Pak pak cache file ../../../../../../Users/Marco/Documents/GitHub/Indepedent-Study/MyProject14V5/DerivedDataCache/DDC.ddp not found, will not use a pak cache.
[2016.06.11-00.10.01:711][  0]LogDerivedDataCache: Unable to find inner node Pak for hierarchical cache Hierarchy.
[2016.06.11-00.10.01:711][  0]LogDerivedDataCache: FDerivedDataBackendGraph:  CompressedPak pak cache file ../../../../../../Users/Marco/Documents/GitHub/Indepedent-Study/MyProject14V5/DerivedDataCache/Compressed.ddp not found, will not use a pak cache.
[2016.06.11-00.10.01:711][  0]LogDerivedDataCache: Unable to find inner node CompressedPak for hierarchical cache Hierarchy.
[2016.06.11-00.10.01:799][  0]LogDerivedDataCache:Display: Pak cache opened for reading ../../../Engine/DerivedDataCache/Compressed.ddp.
[2016.06.11-00.10.01:812][  0]LogDerivedDataCache: Using Local data cache path C:/Users/Marco/AppData/Local/UnrealEngine/Common/DerivedDataCache: Writable
[2016.06.11-00.10.02:080][  0]LogInit: Selected Device Profile: [Windows]
[2016.06.11-00.10.02:084][  0]LogContentStreaming: Texture pool size is 0.000000MB
[2016.06.11-00.10.02:237][  0]LogMeshUtilities: No automatic mesh reduction module available
[2016.06.11-00.10.02:237][  0]LogMeshUtilities: No automatic mesh merging module available
[2016.06.11-00.10.02:678][  0]LogInit: WinSock: version 1.1 (2.2), MaxSocks=32767, MaxUdp=65467
[2016.06.11-00.10.24:374][  0]UdpMessaging: Initializing bridge on interface 0.0.0.0:0 to multicast group 230.0.0.1:6666.
[2016.06.11-00.10.24:963][  0]LogAssetRegistry: FAssetRegistry took 0.0115 seconds to start up
[2016.06.11-00.10.25:449][  0]SourceControl: Info Source control is disabled
[2016.06.11-00.10.25:450][  0]SourceControl: Info Source control is disabled
[2016.06.11-00.10.25:487][  0]SourceControl: Info Source control is disabled
[2016.06.11-00.10.25:527][  0]SourceControl: Info Source control is disabled
[2016.06.11-00.10.26:390][  0]LogObj: 28633 objects as part of root set at end of initial load.
[2016.06.11-00.10.26:390][  0]LogUObjectAllocator: 6099744 out of 0 bytes used by permanent object pool.
[2016.06.11-00.10.26:491][  0]LogEngine: Initializing Engine...
[2016.06.11-00.10.26:495][  0]LogHMD: Can't find Oculus library dev build: is proper Runtime installed? Version: 0.8.0.0
[2016.06.11-00.10.26:496][  0]LogHMD: SteamVR failed to initialize.  Err: 110
[2016.06.11-00.10.26:680][  0]LogAIModule: Creating AISystem for world NewWorld
[2016.06.11-00.10.26:688][  0]LogInit: XAudio2 using 'Speakers (Realtek High Definition Audio)' : 2 channels at 48 kHz using 32 bits per sample (channel mask 0x3)
[2016.06.11-00.10.26:857][  0]LogInit: FAudioDevice initialized.
[2016.06.11-00.10.26:885][  0]LogDerivedDataCache: Saved boot cache 0.03s 41MB C:/Users/Marco/AppData/Local/UnrealEngine/4.10/DerivedDataCache/Boot.ddc.
[2016.06.11-00.10.26:891][  0]LogInit: Texture streaming: Enabled
[2016.06.11-00.10.26:900][  0]LogAnalytics: Creating configured Analytics provider AnalyticsET
[2016.06.11-00.10.26:900][  0]LogAnalytics: [UEEditor.Rocket.Release] APIServer = http://et2.epicgames.com/ET2/. AppVersion = 4.10.2-2818068+++depot+UE4-Releases+4.10
[2016.06.11-00.10.26:900][  0]LogAnalytics: [UEEditor.Rocket.Release] SetUserId 85acbbeb4fa470e2753714ac1086d3bd|88d36554639f44f4bd4e8c6eb6b2f054|3605c710-a9cd-4ece-9192-2fc6e5fb8996
[2016.06.11-00.10.26:900][  0]LogAnalytics: [UEEditor.Rocket.Release] AnalyticsET::StartSession
[2016.06.11-00.10.26:914][  0]LogInit: Transaction tracking system initialized
[2016.06.11-00.10.26:971][  0]BlueprintLog: New page: Editor Load
[2016.06.11-00.10.27:129][  0]LocalizationService: Info Localization service is disabled
[2016.06.11-00.10.28:812][  0]LogConsoleResponse:Display: 
[2016.06.11-00.10.29:119][  0]LogCook:Display: Done creating registry. It took  0.00s.
[2016.06.11-00.10.29:554][  0]LogFileCache: Scanning file cache for directory 'C:/Users/Marco/Documents/GitHub/Indepedent-Study/MyProject14V5/Content/' took 0.02s
[2016.06.11-00.10.29:554][  0]SourceControl: Info Source control is disabled
[2016.06.11-00.10.29:554][  0]Cmd: MAP LOAD FILE="../../../../../../Users/Marco/Documents/GitHub/Indepedent-Study/MyProject14V5/Content/StarterContent/Maps/Minimal_Default.umap" TEMPLATE=0 SHOWPROGRESS=1 FEATURELEVEL=3
[2016.06.11-00.10.29:555][  0]LightingResults: New page: Lighting Build
[2016.06.11-00.10.29:560][  0]MapCheck: New page: Map Check
[2016.06.11-00.10.29:560][  0]LightingResults: New page: Lighting Build
[2016.06.11-00.10.29:592][  0]LogParticles: Destroying 0 GPU particle simulations for FXSystem 0x000001BA46D7EAC0
[2016.06.11-00.10.31:021][  0]LogAIModule: Creating AISystem for world Minimal_Default
[2016.06.11-00.10.31:027][  0]PIE:Warning: Warning Invalid Simulate Options: Body (rotatingSky_C_0.StaticMesh cylinder) is set to simulate physics but Collision Enabled is incompatible
[2016.06.11-00.10.31:027][  0]PIE:Warning: Warning Invalid Simulate Options: Body (rotatingSky_C_0.StaticMesh cylinder) is set to simulate physics but Collision Enabled is incompatible
[2016.06.11-00.10.31:030][  0]PIE:Warning: Warning Invalid Simulate Options: Body (rotatingSky_C_0.StaticMesh cylinder) is set to simulate physics but Collision Enabled is incompatible
[2016.06.11-00.10.31:030][  0]PIE:Warning: Warning Invalid Simulate Options: Body (rotatingSky_C_0.StaticMesh cylinder) is set to simulate physics but Collision Enabled is incompatible
[2016.06.11-00.10.31:030][  0]PIE:Warning: Warning Invalid Simulate Options: Body (rotatingSky_C_0.StaticMesh cylinder) is set to simulate physics but Collision Enabled is incompatible
[2016.06.11-00.10.31:030][  0]PIE:Warning: Warning Invalid Simulate Options: Body (rotatingSky_C_0.StaticMesh cylinder) is set to simulate physics but Collision Enabled is incompatible
[2016.06.11-00.10.31:033][  0]LogEditorServer: Finished looking for orphan Actors (0.000 secs)
[2016.06.11-00.10.31:033][  0]Cmd: MAP CHECKDEP NOCLEARLOG
[2016.06.11-00.10.31:111][  0]MapCheck: Info Map check complete: 0 Error(s), 0 Warning(s), took 77.396ms to complete.
[2016.06.11-00.10.31:111][  0]LogFileHelpers: Loading map 'Minimal_Default' took 1.557
[2016.06.11-00.10.31:605][  0]LogCollectionManager: Loaded 0 collections in 0.003939 seconds
[2016.06.11-00.10.31:646][  0]LogFileCache: Scanning file cache for directory 'C:/Users/Marco/Documents/GitHub/Indepedent-Study/MyProject14V5/Saved/Collections/' took 0.01s
[2016.06.11-00.10.31:646][  0]LogFileCache: Scanning file cache for directory 'C:/Users/Marco/Documents/GitHub/Indepedent-Study/MyProject14V5/Content/Developers/Marco/Collections/' took 0.01s
[2016.06.11-00.10.31:647][  0]LogFileCache: Scanning file cache for directory 'C:/Users/Marco/Documents/GitHub/Indepedent-Study/MyProject14V5/Content/Collections/' took 0.01s
[2016.06.11-00.10.31:647][  0]LogCollectionManager: Rebuilt the GUID cache for 0 collections in 0.000002 seconds
[2016.06.11-00.10.31:658][  0]LogContentBrowser: Native class hierarchy populated in 0.0110 seconds. Added 1893 classes and 338 folders.
[2016.06.11-00.10.31:668][  0]LogContentBrowser: Native class hierarchy updated for 'WidgetCarousel' in 0.0004 seconds. Added 0 classes and 0 folders.
[2016.06.11-00.10.32:826][  0]LogContentBrowser: Native class hierarchy updated for 'AddContentDialog' in 0.0005 seconds. Added 0 classes and 0 folders.
[2016.06.11-00.10.32:831][  0]LogContentBrowser: Native class hierarchy updated for 'SceneOutliner' in 0.0004 seconds. Added 1 classes and 2 folders.
[2016.06.11-00.10.32:891][  0]LogCrashTracker: Crashtracker disabled due to settings.
[2016.06.11-00.10.32:896][  0]LogUObjectGlobals:Warning: Failed to find object 'Class None.'
[2016.06.11-00.10.32:919][  0]LogLoad: Full Startup: 34.95 seconds (BP compile: 0.32 seconds)
[2016.06.11-00.10.33:262][  0]LogOcInput: Can't find Oculus library dev build: is proper Runtime installed? Version: 0.8.0.0
[2016.06.11-00.10.33:392][  0]LogContentStreaming: Texture pool size now 200 MB
[2016.06.11-00.10.33:577][  0]LogRenderer: Reallocating scene render targets to support 748x280 (Frame:2).
[2016.06.11-00.10.36:306][  8]LogAssetRegistry: Asset discovery search completed in 11.3540 seconds
[2016.06.11-00.10.36:306][  8]LogCollectionManager: Rebuilt the object cache for 0 collections in 0.000001 seconds (found 0 objects)
[2016.06.11-00.10.36:306][  8]LogCollectionManager: Fixed up redirectors for 0 collections in 0.000025 seconds (updated 0 objects)
[2016.06.11-00.13.12:455][588]LogBlueprintUserMessages: Early PlayInEditor Detection: Level '/Game/StarterContent/Maps/Minimal_Default.Minimal_Default:PersistentLevel' has LevelScriptBlueprint '/Game/StarterContent/Maps/Minimal_Default.Minimal_Default:PersistentLevel.Minimal_Default' with GeneratedClass '/Game/StarterContent/Maps/Minimal_Default.Minimal_Default_C' with ClassGeneratedBy '/Game/StarterContent/Maps/Minimal_Default.Minimal_Default:PersistentLevel.Minimal_Default'
[2016.06.11-00.13.12:455][588]LogPlayLevel: PlayLevel: No blueprints needed recompiling
[2016.06.11-00.13.12:455][588]PIE: New page: PIE session: Minimal_Default (Jun 10, 2016, 10:13:12 AM)
[2016.06.11-00.13.12:455][588]LogPlayLevel: Creating play world package: /Game/StarterContent/Maps/UEDPIE_0_Minimal_Default
[2016.06.11-00.13.12:590][588]LogPlayLevel: PIE: StaticDuplicateObject took: (0.134448s)
[2016.06.11-00.13.12:592][588]LogAIModule: Creating AISystem for world Minimal_Default
[2016.06.11-00.13.12:593][588]LogPlayLevel: PIE: World Init took: (0.002812s)
[2016.06.11-00.13.12:593][588]LogPlayLevel: PIE: Created PIE world by copying editor world from /Game/StarterContent/Maps/Minimal_Default.Minimal_Default to /Game/StarterContent/Maps/UEDPIE_0_Minimal_Default.Minimal_Default (0.137702s)
[2016.06.11-00.13.12:653][588]LogInit: XAudio2 using 'Speakers (Realtek High Definition Audio)' : 2 channels at 48 kHz using 32 bits per sample (channel mask 0x3)
[2016.06.11-00.13.12:827][588]LogInit: FAudioDevice initialized.
[2016.06.11-00.13.12:934][588]LogWorld: Game class is 'GameMode'
[2016.06.11-00.13.12:939][588]PIE:Warning: Warning Invalid Simulate Options: Body (rotatingSky_C_0.StaticMesh cylinder) is set to simulate physics but Collision Enabled is incompatible
[2016.06.11-00.13.12:940][588]LogWorld: Bringing World /Game/StarterContent/Maps/UEDPIE_0_Minimal_Default.Minimal_Default up for play (max tick rate 0) at 2016.06.10-17.13.12
[2016.06.11-00.13.12:940][588]LogActor:Warning: GameSession /Game/StarterContent/Maps/UEDPIE_0_Minimal_Default.Minimal_Default:PersistentLevel.GameSession_0 has natively added scene component(s), but none of them were set as the actor's RootComponent - picking one arbitrarily
[2016.06.11-00.13.12:940][588]LogActor:Warning: GameNetworkManager /Game/StarterContent/Maps/UEDPIE_0_Minimal_Default.Minimal_Default:PersistentLevel.GameNetworkManager_0 has natively added scene component(s), but none of them were set as the actor's RootComponent - picking one arbitrarily
[2016.06.11-00.13.12:941][588]LogWorld: Bringing up level for play took: 0.004946
[2016.06.11-00.13.13:076][588]PIE: Info Play in editor start time for /Game/StarterContent/Maps/UEDPIE_0_Minimal_Default 1.108
[2016.06.11-00.13.13:076][588]LogBlueprintUserMessages: Late PlayInEditor Detection: Level '/Game/StarterContent/Maps/Minimal_Default.Minimal_Default:PersistentLevel' has LevelScriptBlueprint '/Game/StarterContent/Maps/Minimal_Default.Minimal_Default:PersistentLevel.Minimal_Default' with GeneratedClass '/Game/StarterContent/Maps/Minimal_Default.Minimal_Default_C' with ClassGeneratedBy '/Game/StarterContent/Maps/Minimal_Default.Minimal_Default:PersistentLevel.Minimal_Default'
[2016.06.11-00.13.13:157][589]LogRenderer: Reallocating scene render targets to support 748x360 (Frame:149).
[2016.06.11-00.13.14:051][633]PIE:Warning: Warning Invalid Simulate Options: Body (laser_C_0.laser laser_beam) is set to simulate physics but Collision Enabled is incompatible
[2016.06.11-00.13.14:051][633]PIE:Warning: Warning Invalid Simulate Options: Body (laser_C_0.laser laser_beam) is set to simulate physics but Collision Enabled is incompatible
[2016.06.11-00.13.14:082][633]PIE:Warning: Warning laser_C_0.laser laser_beam has to have 'CollisionEnabled' set to 'Query and Physics' or 'Physics only' if you'd like to AddImpulse. 
[2016.06.11-00.13.14:240][641]PIE:Warning: Warning Invalid Simulate Options: Body (laser_C_1.laser laser_beam) is set to simulate physics but Collision Enabled is incompatible
[2016.06.11-00.13.14:240][641]PIE:Warning: Warning Invalid Simulate Options: Body (laser_C_1.laser laser_beam) is set to simulate physics but Collision Enabled is incompatible
[2016.06.11-00.13.14:241][641]PIE:Warning: Warning laser_C_1.laser laser_beam has to have 'CollisionEnabled' set to 'Query and Physics' or 'Physics only' if you'd like to AddImpulse. 
[2016.06.11-00.13.14:426][651]PIE:Warning: Warning Invalid Simulate Options: Body (laser_C_2.laser laser_beam) is set to simulate physics but Collision Enabled is incompatible
[2016.06.11-00.13.14:426][651]PIE:Warning: Warning Invalid Simulate Options: Body (laser_C_2.laser laser_beam) is set to simulate physics but Collision Enabled is incompatible
[2016.06.11-00.13.14:427][651]PIE:Warning: Warning laser_C_2.laser laser_beam has to have 'CollisionEnabled' set to 'Query and Physics' or 'Physics only' if you'd like to AddImpulse. 
[2016.06.11-00.13.14:652][662]PIE:Warning: Warning Invalid Simulate Options: Body (laser_C_3.laser laser_beam) is set to simulate physics but Collision Enabled is incompatible
[2016.06.11-00.13.14:652][662]PIE:Warning: Warning Invalid Simulate Options: Body (laser_C_3.laser laser_beam) is set to simulate physics but Collision Enabled is incompatible
[2016.06.11-00.13.14:653][662]PIE:Warning: Warning laser_C_3.laser laser_beam has to have 'CollisionEnabled' set to 'Query and Physics' or 'Physics only' if you'd like to AddImpulse. 
[2016.06.11-00.13.14:833][672]PIE:Warning: Warning Invalid Simulate Options: Body (laser_C_4.laser laser_beam) is set to simulate physics but Collision Enabled is incompatible
[2016.06.11-00.13.14:833][672]PIE:Warning: Warning Invalid Simulate Options: Body (laser_C_4.laser laser_beam) is set to simulate physics but Collision Enabled is incompatible
[2016.06.11-00.13.14:834][672]PIE:Warning: Warning laser_C_4.laser laser_beam has to have 'CollisionEnabled' set to 'Query and Physics' or 'Physics only' if you'd like to AddImpulse. 
[2016.06.11-00.13.15:113][679]PIE:Warning: Warning Invalid Simulate Options: Body (laser_C_5.laser laser_beam) is set to simulate physics but Collision Enabled is incompatible
[2016.06.11-00.13.15:114][679]PIE:Warning: Warning Invalid Simulate Options: Body (laser_C_5.laser laser_beam) is set to simulate physics but Collision Enabled is incompatible
[2016.06.11-00.13.15:116][679]PIE:Warning: Warning laser_C_5.laser laser_beam has to have 'CollisionEnabled' set to 'Query and Physics' or 'Physics only' if you'd like to AddImpulse. 
[2016.06.11-00.13.15:275][683]PIE:Warning: Warning Invalid Simulate Options: Body (laser_C_6.laser laser_beam) is set to simulate physics but Collision Enabled is incompatible
[2016.06.11-00.13.15:275][683]PIE:Warning: Warning Invalid Simulate Options: Body (laser_C_6.laser laser_beam) is set to simulate physics but Collision Enabled is incompatible
[2016.06.11-00.13.15:278][683]PIE:Warning: Warning laser_C_6.laser laser_beam has to have 'CollisionEnabled' set to 'Query and Physics' or 'Physics only' if you'd like to AddImpulse. 
[2016.06.11-00.13.15:507][688]PIE:Warning: Warning Invalid Simulate Options: Body (laser_C_7.laser laser_beam) is set to simulate physics but Collision Enabled is incompatible
[2016.06.11-00.13.15:507][688]PIE:Warning: Warning Invalid Simulate Options: Body (laser_C_7.laser laser_beam) is set to simulate physics but Collision Enabled is incompatible
[2016.06.11-00.13.15:508][688]PIE:Warning: Warning laser_C_7.laser laser_beam has to have 'CollisionEnabled' set to 'Query and Physics' or 'Physics only' if you'd like to AddImpulse. 
[2016.06.11-00.13.15:684][693]PIE:Warning: Warning Invalid Simulate Options: Body (laser_C_8.laser laser_beam) is set to simulate physics but Collision Enabled is incompatible
[2016.06.11-00.13.15:684][693]PIE:Warning: Warning Invalid Simulate Options: Body (laser_C_8.laser laser_beam) is set to simulate physics but Collision Enabled is incompatible
[2016.06.11-00.13.15:685][693]PIE:Warning: Warning laser_C_8.laser laser_beam has to have 'CollisionEnabled' set to 'Query and Physics' or 'Physics only' if you'd like to AddImpulse. 
[2016.06.11-00.13.15:924][699]PIE:Warning: Warning Invalid Simulate Options: Body (laser_C_9.laser laser_beam) is set to simulate physics but Collision Enabled is incompatible
[2016.06.11-00.13.15:924][699]PIE:Warning: Warning Invalid Simulate Options: Body (laser_C_9.laser laser_beam) is set to simulate physics but Collision Enabled is incompatible
[2016.06.11-00.13.15:924][699]PIE:Warning: Warning laser_C_9.laser laser_beam has to have 'CollisionEnabled' set to 'Query and Physics' or 'Physics only' if you'd like to AddImpulse. 
[2016.06.11-00.13.16:093][704]PIE:Warning: Warning Invalid Simulate Options: Body (laser_C_10.laser laser_beam) is set to simulate physics but Collision Enabled is incompatible
[2016.06.11-00.13.16:093][704]PIE:Warning: Warning Invalid Simulate Options: Body (laser_C_10.laser laser_beam) is set to simulate physics but Collision Enabled is incompatible
[2016.06.11-00.13.16:095][704]PIE:Warning: Warning laser_C_10.laser laser_beam has to have 'CollisionEnabled' set to 'Query and Physics' or 'Physics only' if you'd like to AddImpulse. 
[2016.06.11-00.13.16:562][717]PIE:Warning: Warning Invalid Simulate Options: Body (laser_C_11.laser laser_beam) is set to simulate physics but Collision Enabled is incompatible
[2016.06.11-00.13.16:562][717]PIE:Warning: Warning Invalid Simulate Options: Body (laser_C_11.laser laser_beam) is set to simulate physics but Collision Enabled is incompatible
[2016.06.11-00.13.16:563][717]PIE:Warning: Warning laser_C_11.laser laser_beam has to have 'CollisionEnabled' set to 'Query and Physics' or 'Physics only' if you'd like to AddImpulse. 
[2016.06.11-00.13.16:786][724]PIE:Warning: Warning Invalid Simulate Options: Body (laser_C_12.laser laser_beam) is set to simulate physics but Collision Enabled is incompatible
[2016.06.11-00.13.16:786][724]PIE:Warning: Warning Invalid Simulate Options: Body (laser_C_12.laser laser_beam) is set to simulate physics but Collision Enabled is incompatible
[2016.06.11-00.13.16:786][724]PIE:Warning: Warning laser_C_12.laser laser_beam has to have 'CollisionEnabled' set to 'Query and Physics' or 'Physics only' if you'd like to AddImpulse. 
[2016.06.11-00.13.17:336][749]LogBlueprintUserMessages: Early EndPlayMap Detection: Level '/Game/StarterContent/Maps/Minimal_Default.Minimal_Default:PersistentLevel' has LevelScriptBlueprint '/Game/StarterContent/Maps/Minimal_Default.Minimal_Default:PersistentLevel.Minimal_Default' with GeneratedClass '/Game/StarterContent/Maps/Minimal_Default.Minimal_Default_C' with ClassGeneratedBy '/Game/StarterContent/Maps/Minimal_Default.Minimal_Default:PersistentLevel.Minimal_Default'
[2016.06.11-00.13.17:417][749]LogBlueprintUserMessages: Late EndPlayMap Detection: Level '/Game/StarterContent/Maps/Minimal_Default.Minimal_Default:PersistentLevel' has LevelScriptBlueprint '/Game/StarterContent/Maps/Minimal_Default.Minimal_Default:PersistentLevel.Minimal_Default' with GeneratedClass '/Game/StarterContent/Maps/Minimal_Default.Minimal_Default_C' with ClassGeneratedBy '/Game/StarterContent/Maps/Minimal_Default.Minimal_Default:PersistentLevel.Minimal_Default'
[2016.06.11-00.13.17:477][749]LogParticles: Destroying 0 GPU particle simulations for FXSystem 0x000001BA665A39C0
[2016.06.11-00.13.20:407][932]LogWindowsTextInputMethodSystem:Display: IME system now deactivated.
[2016.06.11-00.13.20:785][933]Cmd: QUIT_EDITOR
[2016.06.11-00.13.21:677][933]LogExit: Preparing to exit.
[2016.06.11-00.13.22:604][933]LogExit: Editor shut down
[2016.06.11-00.13.22:604][933]LogExit: Transaction tracking system shut down
[2016.06.11-00.13.22:610][933]LogParticles: Destroying 0 GPU particle simulations for FXSystem 0x000001BA36EFC2C0
[2016.06.11-00.13.22:611][933]LogParticles: Destroying 0 GPU particle simulations for FXSystem 0x000001BA45A79DA0
[2016.06.11-00.13.22:611][933]LogParticles: Destroying 0 GPU particle simulations for FXSystem 0x000001BA4E9AB2E0
[2016.06.11-00.13.22:611][933]LogParticles: Destroying 0 GPU particle simulations for FXSystem 0x000001BA581C31A0
[2016.06.11-00.13.22:611][933]LogParticles: Destroying 0 GPU particle simulations for FXSystem 0x000001BA581C2E80
[2016.06.11-00.13.22:928][933]LogExit: Object subsystem successfully closed.
[2016.06.11-00.13.22:953][933]LogD3D11RHI: Shutdown
[2016.06.11-00.13.22:953][933]LogD3D11RHI: CleanupD3DDevice
[2016.06.11-00.13.23:045][933]LogD3D11RHI: ~FD3D11DynamicRHI
[2016.06.11-00.13.23:090][933]LogModuleManager: Shutting down and abandoning module CrashTracker (198)
[2016.06.11-00.13.23:090][933]LogModuleManager: Shutting down and abandoning module SceneOutliner (197)
[2016.06.11-00.13.23:091][933]LogModuleManager: Shutting down and abandoning module SuperSearch (196)
[2016.06.11-00.13.23:091][933]LogModuleManager: Shutting down and abandoning module WidgetCarousel (195)
[2016.06.11-00.13.23:091][933]LogModuleManager: Shutting down and abandoning module AddContentDialog (194)
[2016.06.11-00.13.23:103][933]LogModuleManager: Shutting down and abandoning module EditorWidgets (193)
[2016.06.11-00.13.23:103][933]LogModuleManager: Shutting down and abandoning module CollectionManager (192)
[2016.06.11-00.13.23:103][933]LogModuleManager: Shutting down and abandoning module StatsViewer (191)
[2016.06.11-00.13.23:104][933]LogModuleManager: Shutting down and abandoning module FoliageEdit (190)
[2016.06.11-00.13.23:104][933]LogModuleManager: Shutting down and abandoning module LandscapeEditor (189)
[2016.06.11-00.13.23:104][933]LogModuleManager: Shutting down and abandoning module ActorPickerMode (188)
[2016.06.11-00.13.23:104][933]LogModuleManager: Shutting down and abandoning module GeometryMode (187)
[2016.06.11-00.13.23:104][933]LogModuleManager: Shutting down and abandoning module TextureAlignMode (186)
[2016.06.11-00.13.23:104][933]LogModuleManager: Shutting down and abandoning module BspMode (185)
[2016.06.11-00.13.23:104][933]LogModuleManager: Shutting down and abandoning module PlacementMode (184)
[2016.06.11-00.13.23:104][933]LogModuleManager: Shutting down and abandoning module AutomationWorker (183)
[2016.06.11-00.13.23:104][933]LogModuleManager: Shutting down and abandoning module CharacterAI (182)
[2016.06.11-00.13.23:104][933]LogModuleManager: Shutting down and abandoning module SmartSnapping (181)
[2016.06.11-00.13.23:104][933]LogModuleManager: Shutting down and abandoning module ViewportSnapping (180)
[2016.06.11-00.13.23:104][933]LogModuleManager: Shutting down and abandoning module LogVisualizer (179)
[2016.06.11-00.13.23:105][933]LogModuleManager: Shutting down and abandoning module GameProjectGeneration (178)
[2016.06.11-00.13.23:105][933]LogModuleManager: Shutting down and abandoning module IntroTutorials (177)
[2016.06.11-00.13.23:105][933]LogModuleManager: Shutting down and abandoning module EditorLiveStreaming (176)
[2016.06.11-00.13.23:105][933]LogModuleManager: Shutting down and abandoning module IOSPlatformEditor (175)
[2016.06.11-00.13.23:105][933]LogModuleManager: Shutting down and abandoning module HTML5PlatformEditor (174)
[2016.06.11-00.13.23:105][933]LogModuleManager: Shutting down and abandoning module AndroidDeviceDetection (173)
[2016.06.11-00.13.23:278][933]LogModuleManager: Shutting down and abandoning module AndroidPlatformEditor (172)
[2016.06.11-00.13.23:278][933]LogModuleManager: Shutting down and abandoning module IOSRuntimeSettings (171)
[2016.06.11-00.13.23:278][933]LogModuleManager: Shutting down and abandoning module AndroidRuntimeSettings (170)
[2016.06.11-00.13.23:278][933]LogModuleManager: Shutting down and abandoning module MergeActors (169)
[2016.06.11-00.13.23:278][933]LogModuleManager: Shutting down and abandoning module SizeMap (168)
[2016.06.11-00.13.23:278][933]LogModuleManager: Shutting down and abandoning module TreeMap (167)
[2016.06.11-00.13.23:278][933]LogModuleManager: Shutting down and abandoning module ReferenceViewer (166)
[2016.06.11-00.13.23:278][933]LogModuleManager: Shutting down and abandoning module LocalizationService (165)
[2016.06.11-00.13.23:279][933]LogModuleManager: Shutting down and abandoning module LocalizationDashboard (164)
[2016.06.11-00.13.23:279][933]LogModuleManager: Shutting down and abandoning module HardwareTargeting (163)
[2016.06.11-00.13.23:279][933]LogModuleManager: Shutting down and abandoning module DeviceProfileEditor (162)
[2016.06.11-00.13.23:279][933]LogModuleManager: Shutting down and abandoning module UndoHistory (161)
[2016.06.11-00.13.23:279][933]LogModuleManager: Shutting down and abandoning module GameplayTagsEditor (160)
[2016.06.11-00.13.23:279][933]LogModuleManager: Shutting down and abandoning module UserFeedback (159)
[2016.06.11-00.13.23:279][933]LogModuleManager: Shutting down and abandoning module XmlParser (158)
[2016.06.11-00.13.23:279][933]LogModuleManager: Shutting down and abandoning module Blutility (157)
[2016.06.11-00.13.23:279][933]LogModuleManager: Shutting down and abandoning module ProjectTargetPlatformEditor (156)
[2016.06.11-00.13.23:279][933]LogModuleManager: Shutting down and abandoning module ProjectSettingsViewer (155)
[2016.06.11-00.13.23:279][933]LogModuleManager: Shutting down and abandoning module InputBindingEditor (154)
[2016.06.11-00.13.23:280][933]LogModuleManager: Shutting down and abandoning module EditorSettingsViewer (153)
[2016.06.11-00.13.23:280][933]LogModuleManager: Shutting down and abandoning module SettingsEditor (152)
[2016.06.11-00.13.23:280][933]LogModuleManager: Shutting down and abandoning module ProjectLauncher (151)
[2016.06.11-00.13.23:280][933]LogModuleManager: Shutting down and abandoning module SessionFrontend (150)
[2016.06.11-00.13.23:280][933]LogModuleManager: Shutting down and abandoning module ProfilerClient (149)
[2016.06.11-00.13.23:280][933]LogModuleManager: Shutting down and abandoning module TargetDeviceServices (148)
[2016.06.11-00.13.23:280][933]LogModuleManager: Shutting down and abandoning module DeviceManager (147)
[2016.06.11-00.13.23:280][933]LogModuleManager: Shutting down and abandoning module AutomationController (146)
[2016.06.11-00.13.23:280][933]LogModuleManager: Shutting down and abandoning module AutomationWindow (145)
[2016.06.11-00.13.23:280][933]LogModuleManager: Shutting down and abandoning module Layers (144)
[2016.06.11-00.13.23:280][933]LogModuleManager: Shutting down and abandoning module ComponentVisualizers (143)
[2016.06.11-00.13.23:281][933]LogModuleManager: Shutting down and abandoning module DetailCustomizations (142)
[2016.06.11-00.13.23:281][933]LogModuleManager: Shutting down and abandoning module PackagesDialog (141)
[2016.06.11-00.13.23:281][933]LogModuleManager: Shutting down and abandoning module Persona (140)
[2016.06.11-00.13.23:283][933]LogModuleManager: Shutting down and abandoning module Kismet (139)
[2016.06.11-00.13.23:283][933]LogModuleManager: Shutting down and abandoning module GraphEditor (138)
[2016.06.11-00.13.23:283][933]LogModuleManager: Shutting down and abandoning module ClassViewer (137)
[2016.06.11-00.13.23:283][933]LogModuleManager: Shutting down and abandoning module Toolbox (136)
[2016.06.11-00.13.23:283][933]LogModuleManager: Shutting down and abandoning module ModuleUI (135)
[2016.06.11-00.13.23:283][933]LogModuleManager: Shutting down and abandoning module MovieSceneTools (134)
[2016.06.11-00.13.23:283][933]LogModuleManager: Shutting down and abandoning module OutputLog (133)
[2016.06.11-00.13.23:283][933]LogModuleManager: Shutting down and abandoning module GammaUI (132)
[2016.06.11-00.13.23:283][933]LogModuleManager: Shutting down and abandoning module Documentation (131)
[2016.06.11-00.13.23:284][933]LogModuleManager: Shutting down and abandoning module GameLiveStreaming (130)
[2016.06.11-00.13.23:284][933]LogModuleManager: Shutting down and abandoning module StreamingPauseRendering (129)
[2016.06.11-00.13.23:284][933]LogModuleManager: Shutting down and abandoning module AnalyticsET (128)
[2016.06.11-00.13.23:284][933]LogModuleManager: Shutting down and abandoning module Analytics (127)
[2016.06.11-00.13.23:284][933]LogModuleManager: Shutting down and abandoning module AITestSuite (126)
[2016.06.11-00.13.23:284][933]LogModuleManager: Shutting down and abandoning module GameplayDebugger (125)
[2016.06.11-00.13.23:284][933]LogModuleManager: Shutting down and abandoning module AIModule (124)
[2016.06.11-00.13.23:284][933]LogModuleManager: Shutting down and abandoning module ProfilerService (123)
[2016.06.11-00.13.23:401][933]LogModuleManager: Shutting down and abandoning module TaskGraph (122)
[2016.06.11-00.13.23:401][933]LogModuleManager: Shutting down and abandoning module SlateRemote (121)
[2016.06.11-00.13.23:401][933]LogModuleManager: Shutting down and abandoning module SteamVRController (120)
[2016.06.11-00.13.23:401][933]LogModuleManager: Shutting down and abandoning module SteamVR (119)
[2016.06.11-00.13.23:401][933]LogModuleManager: Shutting down and abandoning module ProceduralMeshComponent (118)
[2016.06.11-00.13.23:401][933]LogModuleManager: Shutting down and abandoning module OculusLibrary (117)
[2016.06.11-00.13.23:401][933]LogModuleManager: Shutting down and abandoning module OculusInput (116)
[2016.06.11-00.13.23:401][933]LogModuleManager: Shutting down and abandoning module LeapMotionController (115)
[2016.06.11-00.13.23:461][933]LogModuleManager: Shutting down and abandoning module CustomMeshComponent (114)
[2016.06.11-00.13.23:461][933]LogModuleManager: Shutting down and abandoning module CableComponent (113)
[2016.06.11-00.13.23:461][933]LogModuleManager: Shutting down and abandoning module ArchVisCharacter (112)
[2016.06.11-00.13.23:461][933]LogModuleManager: Shutting down and abandoning module MessagingDebugger (111)
[2016.06.11-00.13.23:461][933]LogModuleManager: Shutting down and abandoning module MediaPlayerEditor (110)
[2016.06.11-00.13.23:461][933]LogModuleManager: Shutting down and abandoning module HTML5Networking (109)
[2016.06.11-00.13.23:461][933]LogModuleManager: Shutting down and abandoning module SpeedTreeImporter (108)
[2016.06.11-00.13.23:461][933]LogModuleManager: Shutting down and abandoning module PluginBrowser (107)
[2016.06.11-00.13.23:461][933]LogModuleManager: Shutting down and abandoning module EpicSurvey (106)
[2016.06.11-00.13.23:461][933]LogModuleManager: Shutting down and abandoning module DesktopPlatform (105)
[2016.06.11-00.13.23:462][933]LogModuleManager: Shutting down and abandoning module VisualStudioSourceCodeAccess (104)
[2016.06.11-00.13.23:462][933]LogModuleManager: Shutting down and abandoning module UObjectPlugin (103)
[2016.06.11-00.13.23:462][933]LogModuleManager: Shutting down and abandoning module SubversionSourceControl (102)
[2016.06.11-00.13.23:462][933]LogModuleManager: Shutting down and abandoning module PerforceSourceControl (101)
[2016.06.11-00.13.23:462][933]LogModuleManager: Shutting down and abandoning module SourceControl (100)
[2016.06.11-00.13.23:462][933]LogModuleManager: Shutting down and abandoning module GitSourceControl (99)
[2016.06.11-00.13.23:462][933]LogModuleManager: Shutting down and abandoning module LightPropagationVolumeEditor (98)
[2016.06.11-00.13.23:462][933]LogModuleManager: Shutting down and abandoning module PaperTiledImporter (97)
[2016.06.11-00.13.23:462][933]LogModuleManager: Shutting down and abandoning module PaperSpriteSheetImporter (96)
[2016.06.11-00.13.23:462][933]LogModuleManager: Shutting down and abandoning module MeshPaint (95)
[2016.06.11-00.13.23:462][933]LogModuleManager: Shutting down and abandoning module SlateReflector (94)
[2016.06.11-00.13.23:462][933]LogModuleManager: Shutting down and abandoning module HotReload (93)
[2016.06.11-00.13.23:462][933]LogModuleManager: Shutting down and abandoning module MainFrame (92)
[2016.06.11-00.13.23:462][933]LogModuleManager: Shutting down and abandoning module LevelEditor (91)
[2016.06.11-00.13.23:464][933]LogModuleManager: Shutting down and abandoning module DirectoryWatcher (90)
[2016.06.11-00.13.23:467][933]LogModuleManager: Shutting down and abandoning module AssetRegistry (89)
[2016.06.11-00.13.23:551][933]LogModuleManager: Shutting down and abandoning module ContentBrowser (88)
[2016.06.11-00.13.23:552][933]LogModuleManager: Shutting down and abandoning module Paper2DEditor (87)
[2016.06.11-00.13.23:552][933]LogModuleManager: Shutting down and abandoning module UdpMessaging (86)
[2016.06.11-00.13.23:652][933]LogModuleManager: Shutting down and abandoning module LightPropagationVolumeRuntime (85)
[2016.06.11-00.13.23:652][933]LogModuleManager: Shutting down and abandoning module Paper2D (84)
[2016.06.11-00.13.23:652][933]LogModuleManager: Shutting down and abandoning module WindowsMoviePlayer (83)
[2016.06.11-00.13.23:656][933]LogModuleManager: Shutting down and abandoning module Media (82)
[2016.06.11-00.13.23:656][933]LogModuleManager: Shutting down and abandoning module WmfMedia (81)
[2016.06.11-00.13.23:657][933]LogModuleManager: Shutting down and abandoning module OnlineBlueprintSupport (80)
[2016.06.11-00.13.23:657][933]LogModuleManager: Shutting down and abandoning module GameplayTasksEditor (79)
[2016.06.11-00.13.23:657][933]LogModuleManager: Shutting down and abandoning module PropertyEditor (78)
[2016.06.11-00.13.23:657][933]LogModuleManager: Shutting down and abandoning module BehaviorTreeEditor (77)
[2016.06.11-00.13.23:657][933]LogModuleManager: Shutting down and abandoning module FunctionalTesting (76)
[2016.06.11-00.13.23:657][933]LogModuleManager: Shutting down and abandoning module CollisionAnalyzer (75)
[2016.06.11-00.13.23:657][933]LogModuleManager: Shutting down and abandoning module WorkspaceMenuStructure (74)
[2016.06.11-00.13.23:657][933]LogModuleManager: Shutting down and abandoning module MessageLog (73)
[2016.06.11-00.13.23:657][933]LogModuleManager: Shutting down and abandoning module Sequencer (72)
[2016.06.11-00.13.23:657][933]LogModuleManager: Shutting down and abandoning module AssetTools (71)
[2016.06.11-00.13.23:657][933]LogModuleManager: Shutting down and abandoning module UMGEditor (70)
[2016.06.11-00.13.23:657][933]LogModuleManager: Shutting down and abandoning module UMG (69)
[2016.06.11-00.13.23:657][933]LogModuleManager: Shutting down and abandoning module Slate (68)
[2016.06.11-00.13.23:657][933]LogModuleManager: Shutting down and abandoning module EditorStyle (67)
[2016.06.11-00.13.23:661][933]LogModuleManager: Shutting down and abandoning module SessionServices (66)
[2016.06.11-00.13.23:661][933]LogModuleManager: Shutting down and abandoning module SourceCodeAccess (65)
[2016.06.11-00.13.23:661][933]LogModuleManager: Shutting down and abandoning module HeadMountedDisplay (64)
[2016.06.11-00.13.23:661][933]LogModuleManager: Shutting down and abandoning module XAudio2 (63)
[2016.06.11-00.13.23:661][933]LogModuleManager: Shutting down and abandoning module Networking (61)
[2016.06.11-00.13.23:661][933]LogModuleManager: Shutting down and abandoning module Core (60)
[2016.06.11-00.13.23:661][933]LogModuleManager: Shutting down and abandoning module KismetCompiler (59)
[2016.06.11-00.13.23:661][933]LogModuleManager: Shutting down and abandoning module PhysXFormats (58)
[2016.06.11-00.13.23:662][933]LogModuleManager: Shutting down and abandoning module MeshUtilities (57)
[2016.06.11-00.13.23:662][933]LogModuleManager: Shutting down and abandoning module DerivedDataCache (56)
[2016.06.11-00.13.23:716][933]LogDerivedDataCache: Shutdown
[2016.06.11-00.13.23:716][933]LogModuleManager: Shutting down and abandoning module ShaderFormatOpenGL (55)
[2016.06.11-00.13.23:716][933]LogModuleManager: Shutting down and abandoning module ShaderFormatD3D (54)
[2016.06.11-00.13.23:716][933]LogModuleManager: Shutting down and abandoning module MetalShaderFormat (53)
[2016.06.11-00.13.23:716][933]LogModuleManager: Shutting down and abandoning module TextureFormatUncompressed (52)
[2016.06.11-00.13.23:716][933]LogModuleManager: Shutting down and abandoning module TextureFormatPVR (51)
[2016.06.11-00.13.23:716][933]LogModuleManager: Shutting down and abandoning module TextureFormatIntelISPCTexComp (50)
[2016.06.11-00.13.23:716][933]LogModuleManager: Shutting down and abandoning module TextureFormatDXT (49)
[2016.06.11-00.13.23:716][933]LogModuleManager: Shutting down and abandoning module ImageWrapper (48)
[2016.06.11-00.13.23:716][933]LogModuleManager: Shutting down and abandoning module TextureFormatASTC (47)
[2016.06.11-00.13.23:716][933]LogModuleManager: Shutting down and abandoning module TextureFormatAndroid (46)
[2016.06.11-00.13.23:716][933]LogModuleManager: Shutting down and abandoning module AudioFormatOpus (45)
[2016.06.11-00.13.23:716][933]LogModuleManager: Shutting down and abandoning module AudioFormatOgg (44)
[2016.06.11-00.13.23:716][933]LogModuleManager: Shutting down and abandoning module AudioFormatADPCM (43)
[2016.06.11-00.13.23:716][933]LogModuleManager: Shutting down and abandoning module LinuxTargetPlatform (42)
[2016.06.11-00.13.23:716][933]LogModuleManager: Shutting down and abandoning module LinuxServerTargetPlatform (41)
[2016.06.11-00.13.23:716][933]LogModuleManager: Shutting down and abandoning module LinuxNoEditorTargetPlatform (40)
[2016.06.11-00.13.23:716][933]LogModuleManager: Shutting down and abandoning module Messaging (39)
[2016.06.11-00.13.23:717][933]LogModuleManager: Shutting down and abandoning module IOSTargetPlatform (38)
[2016.06.11-00.13.23:717][933]LogModuleManager: Shutting down and abandoning module HTML5TargetPlatform (37)
[2016.06.11-00.13.23:717][933]LogModuleManager: Shutting down and abandoning module Android_PVRTCTargetPlatform (36)
[2016.06.11-00.13.23:717][933]LogModuleManager: Shutting down and abandoning module Android_MultiTargetPlatform (35)
[2016.06.11-00.13.23:717][933]LogModuleManager: Shutting down and abandoning module Android_ETC2TargetPlatform (34)
[2016.06.11-00.13.23:717][933]LogModuleManager: Shutting down and abandoning module Android_ETC1TargetPlatform (33)
[2016.06.11-00.13.23:717][933]LogModuleManager: Shutting down and abandoning module Android_DXTTargetPlatform (32)
[2016.06.11-00.13.23:717][933]LogModuleManager: Shutting down and abandoning module Android_ATCTargetPlatform (31)
[2016.06.11-00.13.23:717][933]LogModuleManager: Shutting down and abandoning module Android_ASTCTargetPlatform (30)
[2016.06.11-00.13.23:717][933]LogModuleManager: Shutting down and abandoning module AndroidTargetPlatform (29)
[2016.06.11-00.13.23:717][933]LogModuleManager: Shutting down and abandoning module WindowsTargetPlatform (28)
[2016.06.11-00.13.23:717][933]LogModuleManager: Shutting down and abandoning module WindowsServerTargetPlatform (27)
[2016.06.11-00.13.23:717][933]LogModuleManager: Shutting down and abandoning module WindowsNoEditorTargetPlatform (26)
[2016.06.11-00.13.23:717][933]LogModuleManager: Shutting down and abandoning module WindowsClientTargetPlatform (25)
[2016.06.11-00.13.23:717][933]LogModuleManager: Shutting down and abandoning module AllDesktopTargetPlatform (24)
[2016.06.11-00.13.23:717][933]LogModuleManager: Shutting down and abandoning module TargetPlatform (23)
[2016.06.11-00.13.23:717][933]LogModuleManager: Shutting down and abandoning module InputCore (22)
[2016.06.11-00.13.23:717][933]LogModuleManager: Shutting down and abandoning module Settings (21)
[2016.06.11-00.13.23:717][933]LogModuleManager: Shutting down and abandoning module OnlineSubsystem (19)
[2016.06.11-00.13.23:717][933]LogModuleManager: Shutting down and abandoning module HTTP (18)
[2016.06.11-00.13.25:722][933]LogModuleManager: Shutting down and abandoning module XMPP (17)
[2016.06.11-00.13.25:722][933]LogModuleManager: Shutting down and abandoning module OculusRift (16)
[2016.06.11-00.13.25:722][933]LogModuleManager: Shutting down and abandoning module ExampleDeviceProfileSelector (15)
[2016.06.11-00.13.25:722][933]LogModuleManager: Shutting down and abandoning module TextureCompressor (14)
[2016.06.11-00.13.25:723][933]LogModuleManager: Shutting down and abandoning module ShaderCore (13)
[2016.06.11-00.13.25:723][933]LogModuleManager: Shutting down and abandoning module Landscape (12)
[2016.06.11-00.13.25:723][933]LogModuleManager: Shutting down and abandoning module SlateRHIRenderer (11)
[2016.06.11-00.13.25:725][933]LogModuleManager: Shutting down and abandoning module OpenGLDrv (10)
[2016.06.11-00.13.25:725][933]LogModuleManager: Shutting down and abandoning module D3D11RHI (9)
[2016.06.11-00.13.25:725][933]LogModuleManager: Shutting down and abandoning module AnimGraphRuntime (8)
[2016.06.11-00.13.25:725][933]LogModuleManager: Shutting down and abandoning module Renderer (7)
[2016.06.11-00.13.25:725][933]LogModuleManager: Shutting down and abandoning module Engine (6)
[2016.06.11-00.13.25:725][933]LogModuleManager: Shutting down and abandoning module CoreUObject (5)
[2016.06.11-00.13.25:725][933]LogModuleManager: Shutting down and abandoning module NetworkFile (4)
[2016.06.11-00.13.25:725][933]LogModuleManager: Shutting down and abandoning module StreamingFile (3)
[2016.06.11-00.13.25:725][933]LogModuleManager: Shutting down and abandoning module SandboxFile (2)
[2016.06.11-00.13.25:725][933]LogModuleManager: Shutting down and abandoning module PakFile (1)
[2016.06.11-00.13.25:727][933]LogExit: Exiting.
[2016.06.11-00.13.25:729][933]Log file closed, 06/10/16 17:13:25
