[2016.06.11-02.37.00:200][  0]Log file open, 06/10/16 19:37:00
[2016.06.11-02.37.00:200][  0]LogInit:Display: Running engine for game: MyProject14
[2016.06.11-02.37.00:200][  0]LogPlatformFile: Not using cached read wrapper
[2016.06.11-02.37.00:200][  0]LogInit:Display: RandInit(2067807695) SRandInit(2067807696).
[2016.06.11-02.37.00:200][  0]LogTaskGraph: Started task graph with 4 named threads and 5 total threads.
[2016.06.11-02.37.00:200][  0]LogStats: Stats thread started at 0.067369
[2016.06.11-02.37.00:200][  0]LogInit: Version: 4.10.2-2818068+++depot+UE4-Releases+4.10
[2016.06.11-02.37.00:200][  0]LogInit: API Version: 2758231
[2016.06.11-02.37.00:200][  0]LogInit: Compiled (64-bit): Jan  6 2016 17:36:42
[2016.06.11-02.37.00:200][  0]LogInit: Compiled with Visual C++: 19.00.23026.00
[2016.06.11-02.37.00:200][  0]LogInit: Build Configuration: Development
[2016.06.11-02.37.00:200][  0]LogInit: Branch Name: ++depot+UE4-Releases+4.10
[2016.06.11-02.37.00:200][  0]LogInit: Command line:  
[2016.06.11-02.37.00:200][  0]LogInit: Base directory: C:/Program Files/Epic Games/4.10/Engine/Binaries/Win64/
[2016.06.11-02.37.00:200][  0]LogInit: Rocket: 1
[2016.06.11-02.37.00:210][  0]LogInit: Using libcurl 7.41.0
[2016.06.11-02.37.00:210][  0]LogInit:  - built for x86_64-pc-win32
[2016.06.11-02.37.00:210][  0]LogInit:  - supports SSL with WinSSL
[2016.06.11-02.37.00:210][  0]LogInit:  - other features:
[2016.06.11-02.37.00:210][  0]LogInit:      CURL_VERSION_SSL
[2016.06.11-02.37.00:210][  0]LogInit:      CURL_VERSION_IPV6
[2016.06.11-02.37.00:210][  0]LogInit:      CURL_VERSION_ASYNCHDNS
[2016.06.11-02.37.00:210][  0]LogInit:      CURL_VERSION_LARGEFILE
[2016.06.11-02.37.00:210][  0]LogInit:      CURL_VERSION_IDN
[2016.06.11-02.37.00:210][  0]LogInit:  CurlRequestOptions (configurable via config and command line):
[2016.06.11-02.37.00:210][  0]LogInit:  - bVerifyPeer = true  - Libcurl will verify peer certificate
[2016.06.11-02.37.00:210][  0]LogInit:  - bUseHttpProxy = false  - Libcurl will NOT use HTTP proxy
[2016.06.11-02.37.00:210][  0]LogInit:  - bDontReuseConnections = false  - Libcurl will reuse connections
[2016.06.11-02.37.00:210][  0]LogInit:  - CertBundlePath = nullptr  - Libcurl will use whatever was configured at build time.
[2016.06.11-02.37.00:221][  0]LogInit: Presizing for 0 objects not considered by GC, pre-allocating 0 bytes.
[2016.06.11-02.37.00:231][  0]LogInit: Object subsystem initialized
[2016.06.11-02.37.00:233][  0]LogInit: Selected Device Profile: [Windows]
[2016.06.11-02.37.00:233][  0]LogInit: Applying CVar settings loaded from the selected device profile: [Windows]
[2016.06.11-02.37.00:268][  0]LogInit: Computer: COLLEGE-PC
[2016.06.11-02.37.00:268][  0]LogInit: User: Marco
[2016.06.11-02.37.00:268][  0]LogInit: CPU Page size=4096, Cores=2
[2016.06.11-02.37.00:268][  0]LogInit: High frequency timer resolution =1.753829 MHz
[2016.06.11-02.37.00:268][  0]LogMemory: Memory total: Physical=7.9GB (8GB approx)
[2016.06.11-02.37.00:269][  0]LogMemory: Platform Memory Stats for Windows
[2016.06.11-02.37.00:269][  0]LogMemory: Process Physical Memory: 56.50 MB used, 56.50 MB peak
[2016.06.11-02.37.00:269][  0]LogMemory: Process Virtual Memory: 55.60 MB used, 55.60 MB peak
[2016.06.11-02.37.00:269][  0]LogMemory: Physical Memory: 4572.11 MB used, 8056.15 MB total
[2016.06.11-02.37.00:269][  0]LogMemory: Virtual Memory: 380.51 MB used, 134217728.00 MB total
[2016.06.11-02.37.00:310][  0]LogTextLocalizationManager: No specific translations for ('en-US') exist, so ('en') translations will be used.
[2016.06.11-02.37.00:897][  0]LogD3D11RHI: Found D3D11 adapter 0: Intel(R) HD Graphics 4000 (Feature Level 11_0)
[2016.06.11-02.37.00:897][  0]LogD3D11RHI: Adapter has 32MB of dedicated video memory, 0MB of dedicated system memory, and 1760MB of shared system memory, 1 output[s]
[2016.06.11-02.37.00:899][  0]LogD3D11RHI: Found D3D11 adapter 1: Microsoft Basic Render Driver (Feature Level 11_0)
[2016.06.11-02.37.00:899][  0]LogD3D11RHI: Adapter has 0MB of dedicated video memory, 0MB of dedicated system memory, and 4028MB of shared system memory, 0 output[s]
[2016.06.11-02.37.00:899][  0]LogD3D11RHI: Chosen D3D11 Adapter Id = 0
[2016.06.11-02.37.00:907][  0]LogD3D11RHI: !Direct3DDevice
[2016.06.11-02.37.00:907][  0]LogRHI: Texture pool is 638 MB (70% of 912 MB)
[2016.06.11-02.37.00:911][  0]LogD3D11RHI: Async texture creation enabled
[2016.06.11-02.37.00:917][  0]LogShaderCompilers: Guid format shader working directory is -31 characters bigger than the processId version (../../../../../../Users/Marco/Documents/GitHub/Indepedent-Study/MyProject14V5/Intermediate/Shaders/WorkingDirectory/1872/).
[2016.06.11-02.37.00:918][  0]LogShaderCompilers: Cleaned the shader compiler working directory 'C:/Users/Marco/AppData/Local/Temp/UnrealShaderWorkingDir/21BF29E346426C7A8096DDB76473AAC0/'.
[2016.06.11-02.37.00:918][  0]LogShaderCompilers:Display: Using Local Shader Compiler.
[2016.06.11-02.37.02:169][  0]LogTemp:Display: Loaded TP AllDesktopTargetPlatform
[2016.06.11-02.37.02:177][  0]LogTemp:Display: Loaded TP WindowsClientTargetPlatform
[2016.06.11-02.37.02:184][  0]LogTemp:Display: Loaded TP WindowsNoEditorTargetPlatform
[2016.06.11-02.37.02:191][  0]LogTemp:Display: Loaded TP WindowsServerTargetPlatform
[2016.06.11-02.37.02:198][  0]LogTemp:Display: Loaded TP WindowsTargetPlatform
[2016.06.11-02.37.02:203][  0]LogTemp:Display: Loaded TP AndroidTargetPlatform
[2016.06.11-02.37.02:207][  0]LogTemp:Display: Loaded TP Android_ASTCTargetPlatform
[2016.06.11-02.37.02:211][  0]LogTemp:Display: Loaded TP Android_ATCTargetPlatform
[2016.06.11-02.37.02:215][  0]LogTemp:Display: Loaded TP Android_DXTTargetPlatform
[2016.06.11-02.37.02:220][  0]LogTemp:Display: Loaded TP Android_ETC1TargetPlatform
[2016.06.11-02.37.02:224][  0]LogTemp:Display: Loaded TP Android_ETC2TargetPlatform
[2016.06.11-02.37.02:233][  0]LogTemp:Display: Loaded TP Android_MultiTargetPlatform
[2016.06.11-02.37.02:233][  0]LogTemp:Display: Loaded TP Android_PVRTCTargetPlatform
[2016.06.11-02.37.02:234][  0]LogTemp:Display: Loaded TP HTML5TargetPlatform
[2016.06.11-02.37.02:254][  0]LogTemp:Display: Loaded TP IOSTargetPlatform
[2016.06.11-02.37.02:258][  0]LogTemp:Display: Loaded TP LinuxNoEditorTargetPlatform
[2016.06.11-02.37.02:262][  0]LogTemp:Display: Loaded TP LinuxServerTargetPlatform
[2016.06.11-02.37.02:267][  0]LogTemp:Display: Loaded TP LinuxTargetPlatform
[2016.06.11-02.37.02:267][  0]LogTargetPlatformManager:Display: Building Assets For Windows
[2016.06.11-02.37.02:403][  0]LogDerivedDataCache:Display: Max Cache Size: 512 MB
[2016.06.11-02.37.02:460][  0]LogDerivedDataCache: Loaded boot cache 0.06s 41MB C:/Users/Marco/AppData/Local/UnrealEngine/4.10/DerivedDataCache/Boot.ddc.
[2016.06.11-02.37.02:460][  0]LogDerivedDataCache:Display: Loaded Boot cache: C:/Users/Marco/AppData/Local/UnrealEngine/4.10/DerivedDataCache/Boot.ddc
[2016.06.11-02.37.02:460][  0]LogDerivedDataCache: FDerivedDataBackendGraph:  Pak pak cache file ../../../../../../Users/Marco/Documents/GitHub/Indepedent-Study/MyProject14V5/DerivedDataCache/DDC.ddp not found, will not use a pak cache.
[2016.06.11-02.37.02:460][  0]LogDerivedDataCache: Unable to find inner node Pak for hierarchical cache Hierarchy.
[2016.06.11-02.37.02:460][  0]LogDerivedDataCache: FDerivedDataBackendGraph:  CompressedPak pak cache file ../../../../../../Users/Marco/Documents/GitHub/Indepedent-Study/MyProject14V5/DerivedDataCache/Compressed.ddp not found, will not use a pak cache.
[2016.06.11-02.37.02:460][  0]LogDerivedDataCache: Unable to find inner node CompressedPak for hierarchical cache Hierarchy.
[2016.06.11-02.37.02:537][  0]LogDerivedDataCache:Display: Pak cache opened for reading ../../../Engine/DerivedDataCache/Compressed.ddp.
[2016.06.11-02.37.02:549][  0]LogDerivedDataCache: Using Local data cache path C:/Users/Marco/AppData/Local/UnrealEngine/Common/DerivedDataCache: Writable
[2016.06.11-02.37.02:818][  0]LogInit: Selected Device Profile: [Windows]
[2016.06.11-02.37.02:823][  0]LogContentStreaming: Texture pool size is 0.000000MB
[2016.06.11-02.37.02:984][  0]LogMeshUtilities: No automatic mesh reduction module available
[2016.06.11-02.37.02:985][  0]LogMeshUtilities: No automatic mesh merging module available
[2016.06.11-02.37.03:306][  0]LogInit: WinSock: version 1.1 (2.2), MaxSocks=32767, MaxUdp=65467
[2016.06.11-02.37.04:323][  0]UdpMessaging: Initializing bridge on interface 0.0.0.0:0 to multicast group 230.0.0.1:6666.
[2016.06.11-02.37.04:438][  0]LogAssetRegistry: FAssetRegistry took 0.0107 seconds to start up
[2016.06.11-02.37.04:743][  0]SourceControl: Info Source control is disabled
[2016.06.11-02.37.04:745][  0]SourceControl: Info Source control is disabled
[2016.06.11-02.37.04:773][  0]SourceControl: Info Source control is disabled
[2016.06.11-02.37.04:795][  0]SourceControl: Info Source control is disabled
[2016.06.11-02.37.05:209][  0]LogObj: 28633 objects as part of root set at end of initial load.
[2016.06.11-02.37.05:209][  0]LogUObjectAllocator: 6099744 out of 0 bytes used by permanent object pool.
[2016.06.11-02.37.05:284][  0]LogEngine: Initializing Engine...
[2016.06.11-02.37.05:287][  0]LogHMD: Can't find Oculus library dev build: is proper Runtime installed? Version: 0.8.0.0
[2016.06.11-02.37.05:288][  0]LogHMD: SteamVR failed to initialize.  Err: 110
[2016.06.11-02.37.05:448][  0]LogAIModule: Creating AISystem for world NewWorld
[2016.06.11-02.37.05:453][  0]LogInit: XAudio2 using 'Speakers (Realtek High Definition Audio)' : 2 channels at 48 kHz using 32 bits per sample (channel mask 0x3)
[2016.06.11-02.37.05:580][  0]LogInit: FAudioDevice initialized.
[2016.06.11-02.37.05:607][  0]LogDerivedDataCache: Saved boot cache 0.03s 41MB C:/Users/Marco/AppData/Local/UnrealEngine/4.10/DerivedDataCache/Boot.ddc.
[2016.06.11-02.37.05:616][  0]LogInit: Texture streaming: Enabled
[2016.06.11-02.37.05:624][  0]LogAnalytics: Creating configured Analytics provider AnalyticsET
[2016.06.11-02.37.05:624][  0]LogAnalytics: [UEEditor.Rocket.Release] APIServer = http://et2.epicgames.com/ET2/. AppVersion = 4.10.2-2818068+++depot+UE4-Releases+4.10
[2016.06.11-02.37.05:625][  0]LogAnalytics: [UEEditor.Rocket.Release] SetUserId 85acbbeb4fa470e2753714ac1086d3bd|88d36554639f44f4bd4e8c6eb6b2f054|3605c710-a9cd-4ece-9192-2fc6e5fb8996
[2016.06.11-02.37.05:625][  0]LogAnalytics: [UEEditor.Rocket.Release] AnalyticsET::StartSession
[2016.06.11-02.37.05:642][  0]LogInit: Transaction tracking system initialized
[2016.06.11-02.37.05:693][  0]BlueprintLog: New page: Editor Load
[2016.06.11-02.37.05:856][  0]LocalizationService: Info Localization service is disabled
[2016.06.11-02.37.06:302][  0]LogConsoleResponse:Display: 
[2016.06.11-02.37.06:474][  0]LogCook:Display: Done creating registry. It took  0.00s.
[2016.06.11-02.37.06:881][  0]LogFileCache: Scanning file cache for directory 'C:/Users/Marco/Documents/GitHub/Indepedent-Study/MyProject14V5/Content/' took 0.02s
[2016.06.11-02.37.06:881][  0]SourceControl: Info Source control is disabled
[2016.06.11-02.37.06:881][  0]Cmd: MAP LOAD FILE="../../../../../../Users/Marco/Documents/GitHub/Indepedent-Study/MyProject14V5/Content/StarterContent/Maps/Minimal_Default.umap" TEMPLATE=0 SHOWPROGRESS=1 FEATURELEVEL=3
[2016.06.11-02.37.06:882][  0]LightingResults: New page: Lighting Build
[2016.06.11-02.37.06:886][  0]MapCheck: New page: Map Check
[2016.06.11-02.37.06:886][  0]LightingResults: New page: Lighting Build
[2016.06.11-02.37.06:909][  0]LogParticles: Destroying 0 GPU particle simulations for FXSystem 0x0000026829576AC0
[2016.06.11-02.37.08:126][  0]LogAIModule: Creating AISystem for world Minimal_Default
[2016.06.11-02.37.08:131][  0]PIE:Warning: Warning Invalid Simulate Options: Body (rotatingSky_C_0.StaticMesh cylinder) is set to simulate physics but Collision Enabled is incompatible
[2016.06.11-02.37.08:131][  0]PIE:Warning: Warning Invalid Simulate Options: Body (rotatingSky_C_0.StaticMesh cylinder) is set to simulate physics but Collision Enabled is incompatible
[2016.06.11-02.37.08:135][  0]PIE:Warning: Warning Invalid Simulate Options: Body (rotatingSky_C_0.StaticMesh cylinder) is set to simulate physics but Collision Enabled is incompatible
[2016.06.11-02.37.08:135][  0]PIE:Warning: Warning Invalid Simulate Options: Body (rotatingSky_C_0.StaticMesh cylinder) is set to simulate physics but Collision Enabled is incompatible
[2016.06.11-02.37.08:135][  0]PIE:Warning: Warning Invalid Simulate Options: Body (rotatingSky_C_0.StaticMesh cylinder) is set to simulate physics but Collision Enabled is incompatible
[2016.06.11-02.37.08:135][  0]PIE:Warning: Warning Invalid Simulate Options: Body (rotatingSky_C_0.StaticMesh cylinder) is set to simulate physics but Collision Enabled is incompatible
[2016.06.11-02.37.08:138][  0]LogEditorServer: Finished looking for orphan Actors (0.000 secs)
[2016.06.11-02.37.08:139][  0]Cmd: MAP CHECKDEP NOCLEARLOG
[2016.06.11-02.37.08:210][  0]MapCheck: Info Map check complete: 0 Error(s), 0 Warning(s), took 71.153ms to complete.
[2016.06.11-02.37.08:210][  0]LogFileHelpers: Loading map 'Minimal_Default' took 1.329
[2016.06.11-02.37.08:402][  0]LogCollectionManager: Loaded 0 collections in 0.003611 seconds
[2016.06.11-02.37.08:443][  0]LogFileCache: Scanning file cache for directory 'C:/Users/Marco/Documents/GitHub/Indepedent-Study/MyProject14V5/Saved/Collections/' took 0.01s
[2016.06.11-02.37.08:443][  0]LogFileCache: Scanning file cache for directory 'C:/Users/Marco/Documents/GitHub/Indepedent-Study/MyProject14V5/Content/Developers/Marco/Collections/' took 0.01s
[2016.06.11-02.37.08:443][  0]LogFileCache: Scanning file cache for directory 'C:/Users/Marco/Documents/GitHub/Indepedent-Study/MyProject14V5/Content/Collections/' took 0.01s
[2016.06.11-02.37.08:443][  0]LogCollectionManager: Rebuilt the GUID cache for 0 collections in 0.000002 seconds
[2016.06.11-02.37.08:454][  0]LogContentBrowser: Native class hierarchy populated in 0.0103 seconds. Added 1893 classes and 338 folders.
[2016.06.11-02.37.08:463][  0]LogContentBrowser: Native class hierarchy updated for 'WidgetCarousel' in 0.0004 seconds. Added 0 classes and 0 folders.
[2016.06.11-02.37.09:442][  0]LogContentBrowser: Native class hierarchy updated for 'AddContentDialog' in 0.0008 seconds. Added 0 classes and 0 folders.
[2016.06.11-02.37.09:453][  0]LogContentBrowser: Native class hierarchy updated for 'SceneOutliner' in 0.0008 seconds. Added 1 classes and 2 folders.
[2016.06.11-02.37.09:577][  0]LogCrashTracker: Crashtracker disabled due to settings.
[2016.06.11-02.37.09:583][  0]LogUObjectGlobals:Warning: Failed to find object 'Class None.'
[2016.06.11-02.37.09:606][  0]LogLoad: Full Startup: 10.18 seconds (BP compile: 0.20 seconds)
[2016.06.11-02.37.09:620][  0]LogOcInput: Can't find Oculus library dev build: is proper Runtime installed? Version: 0.8.0.0
[2016.06.11-02.37.09:775][  0]LogContentStreaming: Texture pool size now 200 MB
[2016.06.11-02.37.09:996][  0]LogRenderer: Reallocating scene render targets to support 748x280 (Frame:2).
[2016.06.11-02.37.10:862][  6]LogAssetRegistry: Asset discovery search completed in 6.4346 seconds
[2016.06.11-02.37.10:862][  6]LogCollectionManager: Rebuilt the object cache for 0 collections in 0.000002 seconds (found 0 objects)
[2016.06.11-02.37.10:862][  6]LogCollectionManager: Fixed up redirectors for 0 collections in 0.000026 seconds (updated 0 objects)
[2016.06.11-02.37.27:066][776]LogBlueprintUserMessages: Early PlayInEditor Detection: Level '/Game/StarterContent/Maps/Minimal_Default.Minimal_Default:PersistentLevel' has LevelScriptBlueprint '/Game/StarterContent/Maps/Minimal_Default.Minimal_Default:PersistentLevel.Minimal_Default' with GeneratedClass '/Game/StarterContent/Maps/Minimal_Default.Minimal_Default_C' with ClassGeneratedBy '/Game/StarterContent/Maps/Minimal_Default.Minimal_Default:PersistentLevel.Minimal_Default'
[2016.06.11-02.37.27:066][776]LogPlayLevel: PlayLevel: No blueprints needed recompiling
[2016.06.11-02.37.27:067][776]PIE: New page: PIE session: Minimal_Default (Jun 10, 2016, 12:37:27 PM)
[2016.06.11-02.37.27:067][776]LogPlayLevel: Creating play world package: /Game/StarterContent/Maps/UEDPIE_0_Minimal_Default
[2016.06.11-02.37.27:097][776]LogPlayLevel: PIE: StaticDuplicateObject took: (0.029715s)
[2016.06.11-02.37.27:098][776]LogAIModule: Creating AISystem for world Minimal_Default
[2016.06.11-02.37.27:098][776]LogPlayLevel: PIE: World Init took: (0.001774s)
[2016.06.11-02.37.27:099][776]LogPlayLevel: PIE: Created PIE world by copying editor world from /Game/StarterContent/Maps/Minimal_Default.Minimal_Default to /Game/StarterContent/Maps/UEDPIE_0_Minimal_Default.Minimal_Default (0.032046s)
[2016.06.11-02.37.27:171][776]LogInit: XAudio2 using 'Speakers (Realtek High Definition Audio)' : 2 channels at 48 kHz using 32 bits per sample (channel mask 0x3)
[2016.06.11-02.37.27:348][776]LogInit: FAudioDevice initialized.
[2016.06.11-02.37.27:472][776]LogWorld: Game class is 'GameMode'
[2016.06.11-02.37.27:478][776]PIE:Warning: Warning Invalid Simulate Options: Body (rotatingSky_C_0.StaticMesh cylinder) is set to simulate physics but Collision Enabled is incompatible
[2016.06.11-02.37.27:480][776]LogWorld: Bringing World /Game/StarterContent/Maps/UEDPIE_0_Minimal_Default.Minimal_Default up for play (max tick rate 0) at 2016.06.10-19.37.27
[2016.06.11-02.37.27:480][776]LogActor:Warning: GameSession /Game/StarterContent/Maps/UEDPIE_0_Minimal_Default.Minimal_Default:PersistentLevel.GameSession_0 has natively added scene component(s), but none of them were set as the actor's RootComponent - picking one arbitrarily
[2016.06.11-02.37.27:481][776]LogActor:Warning: GameNetworkManager /Game/StarterContent/Maps/UEDPIE_0_Minimal_Default.Minimal_Default:PersistentLevel.GameNetworkManager_0 has natively added scene component(s), but none of them were set as the actor's RootComponent - picking one arbitrarily
[2016.06.11-02.37.27:481][776]LogWorld: Bringing up level for play took: 0.007664
[2016.06.11-02.37.27:545][776]PIE: Info Play in editor start time for /Game/StarterContent/Maps/UEDPIE_0_Minimal_Default -0.423
[2016.06.11-02.37.27:545][776]LogBlueprintUserMessages: Late PlayInEditor Detection: Level '/Game/StarterContent/Maps/Minimal_Default.Minimal_Default:PersistentLevel' has LevelScriptBlueprint '/Game/StarterContent/Maps/Minimal_Default.Minimal_Default:PersistentLevel.Minimal_Default' with GeneratedClass '/Game/StarterContent/Maps/Minimal_Default.Minimal_Default_C' with ClassGeneratedBy '/Game/StarterContent/Maps/Minimal_Default.Minimal_Default:PersistentLevel.Minimal_Default'
[2016.06.11-02.37.27:581][777]LogRenderer: Reallocating scene render targets to support 748x360 (Frame:837).
[2016.06.11-02.37.28:403][801]PIE:Warning: Warning Invalid Simulate Options: Body (laser_C_0.laser laser_beam) is set to simulate physics but Collision Enabled is incompatible
[2016.06.11-02.37.28:403][801]PIE:Warning: Warning Invalid Simulate Options: Body (laser_C_0.laser laser_beam) is set to simulate physics but Collision Enabled is incompatible
[2016.06.11-02.37.28:404][801]PIE:Warning: Warning laser_C_0.laser laser_beam has to have 'CollisionEnabled' set to 'Query and Physics' or 'Physics only' if you'd like to AddImpulse. 
[2016.06.11-02.37.28:613][809]PIE:Warning: Warning Invalid Simulate Options: Body (laser_C_1.laser laser_beam) is set to simulate physics but Collision Enabled is incompatible
[2016.06.11-02.37.28:613][809]PIE:Warning: Warning Invalid Simulate Options: Body (laser_C_1.laser laser_beam) is set to simulate physics but Collision Enabled is incompatible
[2016.06.11-02.37.28:614][809]PIE:Warning: Warning laser_C_1.laser laser_beam has to have 'CollisionEnabled' set to 'Query and Physics' or 'Physics only' if you'd like to AddImpulse. 
[2016.06.11-02.37.28:793][815]PIE:Warning: Warning Invalid Simulate Options: Body (laser_C_2.laser laser_beam) is set to simulate physics but Collision Enabled is incompatible
[2016.06.11-02.37.28:793][815]PIE:Warning: Warning Invalid Simulate Options: Body (laser_C_2.laser laser_beam) is set to simulate physics but Collision Enabled is incompatible
[2016.06.11-02.37.28:794][815]PIE:Warning: Warning laser_C_2.laser laser_beam has to have 'CollisionEnabled' set to 'Query and Physics' or 'Physics only' if you'd like to AddImpulse. 
[2016.06.11-02.37.28:963][822]PIE:Warning: Warning Invalid Simulate Options: Body (laser_C_3.laser laser_beam) is set to simulate physics but Collision Enabled is incompatible
[2016.06.11-02.37.28:963][822]PIE:Warning: Warning Invalid Simulate Options: Body (laser_C_3.laser laser_beam) is set to simulate physics but Collision Enabled is incompatible
[2016.06.11-02.37.28:964][822]PIE:Warning: Warning laser_C_3.laser laser_beam has to have 'CollisionEnabled' set to 'Query and Physics' or 'Physics only' if you'd like to AddImpulse. 
[2016.06.11-02.37.29:174][829]PIE:Warning: Warning Invalid Simulate Options: Body (laser_C_4.laser laser_beam) is set to simulate physics but Collision Enabled is incompatible
[2016.06.11-02.37.29:174][829]PIE:Warning: Warning Invalid Simulate Options: Body (laser_C_4.laser laser_beam) is set to simulate physics but Collision Enabled is incompatible
[2016.06.11-02.37.29:175][829]PIE:Warning: Warning laser_C_4.laser laser_beam has to have 'CollisionEnabled' set to 'Query and Physics' or 'Physics only' if you'd like to AddImpulse. 
[2016.06.11-02.37.29:362][835]PIE:Warning: Warning Invalid Simulate Options: Body (laser_C_5.laser laser_beam) is set to simulate physics but Collision Enabled is incompatible
[2016.06.11-02.37.29:362][835]PIE:Warning: Warning Invalid Simulate Options: Body (laser_C_5.laser laser_beam) is set to simulate physics but Collision Enabled is incompatible
[2016.06.11-02.37.29:363][835]PIE:Warning: Warning laser_C_5.laser laser_beam has to have 'CollisionEnabled' set to 'Query and Physics' or 'Physics only' if you'd like to AddImpulse. 
[2016.06.11-02.37.29:594][843]PIE:Warning: Warning Invalid Simulate Options: Body (laser_C_6.laser laser_beam) is set to simulate physics but Collision Enabled is incompatible
[2016.06.11-02.37.29:594][843]PIE:Warning: Warning Invalid Simulate Options: Body (laser_C_6.laser laser_beam) is set to simulate physics but Collision Enabled is incompatible
[2016.06.11-02.37.29:595][843]PIE:Warning: Warning laser_C_6.laser laser_beam has to have 'CollisionEnabled' set to 'Query and Physics' or 'Physics only' if you'd like to AddImpulse. 
[2016.06.11-02.37.29:774][849]PIE:Warning: Warning Invalid Simulate Options: Body (laser_C_7.laser laser_beam) is set to simulate physics but Collision Enabled is incompatible
[2016.06.11-02.37.29:774][849]PIE:Warning: Warning Invalid Simulate Options: Body (laser_C_7.laser laser_beam) is set to simulate physics but Collision Enabled is incompatible
[2016.06.11-02.37.29:775][849]PIE:Warning: Warning laser_C_7.laser laser_beam has to have 'CollisionEnabled' set to 'Query and Physics' or 'Physics only' if you'd like to AddImpulse. 
[2016.06.11-02.37.29:957][856]PIE:Warning: Warning Invalid Simulate Options: Body (laser_C_8.laser laser_beam) is set to simulate physics but Collision Enabled is incompatible
[2016.06.11-02.37.29:957][856]PIE:Warning: Warning Invalid Simulate Options: Body (laser_C_8.laser laser_beam) is set to simulate physics but Collision Enabled is incompatible
[2016.06.11-02.37.29:957][856]PIE:Warning: Warning laser_C_8.laser laser_beam has to have 'CollisionEnabled' set to 'Query and Physics' or 'Physics only' if you'd like to AddImpulse. 
[2016.06.11-02.37.30:169][864]PIE:Warning: Warning Invalid Simulate Options: Body (laser_C_9.laser laser_beam) is set to simulate physics but Collision Enabled is incompatible
[2016.06.11-02.37.30:169][864]PIE:Warning: Warning Invalid Simulate Options: Body (laser_C_9.laser laser_beam) is set to simulate physics but Collision Enabled is incompatible
[2016.06.11-02.37.30:170][864]PIE:Warning: Warning laser_C_9.laser laser_beam has to have 'CollisionEnabled' set to 'Query and Physics' or 'Physics only' if you'd like to AddImpulse. 
[2016.06.11-02.37.30:381][872]PIE:Warning: Warning Invalid Simulate Options: Body (laser_C_10.laser laser_beam) is set to simulate physics but Collision Enabled is incompatible
[2016.06.11-02.37.30:382][872]PIE:Warning: Warning Invalid Simulate Options: Body (laser_C_10.laser laser_beam) is set to simulate physics but Collision Enabled is incompatible
[2016.06.11-02.37.30:382][872]PIE:Warning: Warning laser_C_10.laser laser_beam has to have 'CollisionEnabled' set to 'Query and Physics' or 'Physics only' if you'd like to AddImpulse. 
[2016.06.11-02.37.30:657][884]LogBlueprintUserMessages: Early EndPlayMap Detection: Level '/Game/StarterContent/Maps/Minimal_Default.Minimal_Default:PersistentLevel' has LevelScriptBlueprint '/Game/StarterContent/Maps/Minimal_Default.Minimal_Default:PersistentLevel.Minimal_Default' with GeneratedClass '/Game/StarterContent/Maps/Minimal_Default.Minimal_Default_C' with ClassGeneratedBy '/Game/StarterContent/Maps/Minimal_Default.Minimal_Default:PersistentLevel.Minimal_Default'
[2016.06.11-02.37.30:742][884]LogBlueprintUserMessages: Late EndPlayMap Detection: Level '/Game/StarterContent/Maps/Minimal_Default.Minimal_Default:PersistentLevel' has LevelScriptBlueprint '/Game/StarterContent/Maps/Minimal_Default.Minimal_Default:PersistentLevel.Minimal_Default' with GeneratedClass '/Game/StarterContent/Maps/Minimal_Default.Minimal_Default_C' with ClassGeneratedBy '/Game/StarterContent/Maps/Minimal_Default.Minimal_Default:PersistentLevel.Minimal_Default'
[2016.06.11-02.37.30:802][884]LogParticles: Destroying 0 GPU particle simulations for FXSystem 0x000002683A57D580
[2016.06.11-02.37.49:508][571]LogTexture:Display: Building textures: Title_Screen (BGRA8)
[2016.06.11-02.37.49:906][571]LogContentBrowser: Native class hierarchy updated for 'TextureEditor' in 0.0006 seconds. Added 1 classes and 2 folders.
[2016.06.11-02.37.58:058][871]LogTexture:Display: Building textures: tutorial1 (BGRA8)
[2016.06.11-02.38.06:361][160]LogTexture:Display: Building textures: GameOver (BGRA8)
[2016.06.11-02.40.26:605][609]LogLinker:Warning: Asset '../../../Engine/Content/ArtTools/RenderToTexture/Macros/RenderToTextureMacros.uasset' has been saved with empty engine version. The asset will be loaded but may be incompatible.
[2016.06.11-02.40.27:591][609]LogContentBrowser: Native class hierarchy updated for 'BlueprintGraph' in 0.0013 seconds. Added 107 classes and 0 folders.
[2016.06.11-02.41.47:554][ 17]LogParticles: Destroying 0 GPU particle simulations for FXSystem 0x0000026818C0A660
[2016.06.11-02.41.47:555][ 17]LogParticles: Destroying 0 GPU particle simulations for FXSystem 0x0000026818C09120
[2016.06.11-02.41.47:853][ 17]LogSavePackage: Save=227.882538ms
[2016.06.11-02.41.47:853][ 17]LogSavePackage: Moving '../../../../../../Users/Marco/Documents/GitHub/Indepedent-Study/MyProject14V5/Saved/Minimal_Default27596E1242A8EDA11DEC1BBFD692010C.tmp' to '../../../../../../Users/Marco/Documents/GitHub/Indepedent-Study/MyProject14V5/Content/StarterContent/Maps/Minimal_Default.umap'
[2016.06.11-02.41.47:856][ 17]LogSavePackage: Total save time: 293.631818ms
[2016.06.11-02.41.47:856][ 17]LogSavePackage:Display: Finished SavePackage ../../../../../../Users/Marco/Documents/GitHub/Indepedent-Study/MyProject14V5/Content/StarterContent/Maps/Minimal_Default.umap
[2016.06.11-02.41.51:277][101]LogWindowsTextInputMethodSystem:Display: IME system now deactivated.
[2016.06.11-02.41.51:780][102]Cmd: QUIT_EDITOR
[2016.06.11-02.41.52:946][102]LogExit: Preparing to exit.
[2016.06.11-02.41.53:765][102]LogExit: Editor shut down
[2016.06.11-02.41.53:766][102]LogExit: Transaction tracking system shut down
[2016.06.11-02.41.53:774][102]LogParticles: Destroying 0 GPU particle simulations for FXSystem 0x000002681A9E6160
[2016.06.11-02.41.53:776][102]LogParticles: Destroying 0 GPU particle simulations for FXSystem 0x0000026830932660
[2016.06.11-02.41.53:776][102]LogParticles: Destroying 0 GPU particle simulations for FXSystem 0x0000026830F29B20
[2016.06.11-02.41.53:776][102]LogParticles: Destroying 0 GPU particle simulations for FXSystem 0x00000268394D9300
[2016.06.11-02.41.53:776][102]LogParticles: Destroying 0 GPU particle simulations for FXSystem 0x00000268394D8FE0
[2016.06.11-02.41.54:211][102]LogExit: Object subsystem successfully closed.
[2016.06.11-02.41.54:225][102]LogD3D11RHI: Shutdown
[2016.06.11-02.41.54:225][102]LogD3D11RHI: CleanupD3DDevice
[2016.06.11-02.41.54:350][102]LogD3D11RHI: ~FD3D11DynamicRHI
[2016.06.11-02.41.54:391][102]LogModuleManager: Shutting down and abandoning module CookingStats (202)
[2016.06.11-02.41.54:391][102]LogModuleManager: Shutting down and abandoning module SequencerWidgets (201)
[2016.06.11-02.41.54:391][102]LogModuleManager: Shutting down and abandoning module BlueprintGraph (200)
[2016.06.11-02.41.54:391][102]LogModuleManager: Shutting down and abandoning module TextureEditor (199)
[2016.06.11-02.41.54:391][102]LogModuleManager: Shutting down and abandoning module CrashTracker (198)
[2016.06.11-02.41.54:392][102]LogModuleManager: Shutting down and abandoning module SceneOutliner (197)
[2016.06.11-02.41.54:392][102]LogModuleManager: Shutting down and abandoning module SuperSearch (196)
[2016.06.11-02.41.54:392][102]LogModuleManager: Shutting down and abandoning module WidgetCarousel (195)
[2016.06.11-02.41.54:392][102]LogModuleManager: Shutting down and abandoning module AddContentDialog (194)
[2016.06.11-02.41.54:394][102]LogModuleManager: Shutting down and abandoning module EditorWidgets (193)
[2016.06.11-02.41.54:394][102]LogModuleManager: Shutting down and abandoning module CollectionManager (192)
[2016.06.11-02.41.54:394][102]LogModuleManager: Shutting down and abandoning module StatsViewer (191)
[2016.06.11-02.41.54:394][102]LogModuleManager: Shutting down and abandoning module FoliageEdit (190)
[2016.06.11-02.41.54:394][102]LogModuleManager: Shutting down and abandoning module LandscapeEditor (189)
[2016.06.11-02.41.54:395][102]LogModuleManager: Shutting down and abandoning module ActorPickerMode (188)
[2016.06.11-02.41.54:395][102]LogModuleManager: Shutting down and abandoning module GeometryMode (187)
[2016.06.11-02.41.54:395][102]LogModuleManager: Shutting down and abandoning module TextureAlignMode (186)
[2016.06.11-02.41.54:395][102]LogModuleManager: Shutting down and abandoning module BspMode (185)
[2016.06.11-02.41.54:395][102]LogModuleManager: Shutting down and abandoning module PlacementMode (184)
[2016.06.11-02.41.54:395][102]LogModuleManager: Shutting down and abandoning module AutomationWorker (183)
[2016.06.11-02.41.54:395][102]LogModuleManager: Shutting down and abandoning module CharacterAI (182)
[2016.06.11-02.41.54:395][102]LogModuleManager: Shutting down and abandoning module SmartSnapping (181)
[2016.06.11-02.41.54:395][102]LogModuleManager: Shutting down and abandoning module ViewportSnapping (180)
[2016.06.11-02.41.54:395][102]LogModuleManager: Shutting down and abandoning module LogVisualizer (179)
[2016.06.11-02.41.54:395][102]LogModuleManager: Shutting down and abandoning module GameProjectGeneration (178)
[2016.06.11-02.41.54:396][102]LogModuleManager: Shutting down and abandoning module IntroTutorials (177)
[2016.06.11-02.41.54:396][102]LogModuleManager: Shutting down and abandoning module EditorLiveStreaming (176)
[2016.06.11-02.41.54:396][102]LogModuleManager: Shutting down and abandoning module IOSPlatformEditor (175)
[2016.06.11-02.41.54:396][102]LogModuleManager: Shutting down and abandoning module HTML5PlatformEditor (174)
[2016.06.11-02.41.54:396][102]LogModuleManager: Shutting down and abandoning module AndroidDeviceDetection (173)
[2016.06.11-02.41.55:040][102]LogModuleManager: Shutting down and abandoning module AndroidPlatformEditor (172)
[2016.06.11-02.41.55:040][102]LogModuleManager: Shutting down and abandoning module IOSRuntimeSettings (171)
[2016.06.11-02.41.55:040][102]LogModuleManager: Shutting down and abandoning module AndroidRuntimeSettings (170)
[2016.06.11-02.41.55:040][102]LogModuleManager: Shutting down and abandoning module MergeActors (169)
[2016.06.11-02.41.55:040][102]LogModuleManager: Shutting down and abandoning module SizeMap (168)
[2016.06.11-02.41.55:040][102]LogModuleManager: Shutting down and abandoning module TreeMap (167)
[2016.06.11-02.41.55:040][102]LogModuleManager: Shutting down and abandoning module ReferenceViewer (166)
[2016.06.11-02.41.55:040][102]LogModuleManager: Shutting down and abandoning module LocalizationService (165)
[2016.06.11-02.41.55:040][102]LogModuleManager: Shutting down and abandoning module LocalizationDashboard (164)
[2016.06.11-02.41.55:040][102]LogModuleManager: Shutting down and abandoning module HardwareTargeting (163)
[2016.06.11-02.41.55:040][102]LogModuleManager: Shutting down and abandoning module DeviceProfileEditor (162)
[2016.06.11-02.41.55:040][102]LogModuleManager: Shutting down and abandoning module UndoHistory (161)
[2016.06.11-02.41.55:040][102]LogModuleManager: Shutting down and abandoning module GameplayTagsEditor (160)
[2016.06.11-02.41.55:041][102]LogModuleManager: Shutting down and abandoning module UserFeedback (159)
[2016.06.11-02.41.55:041][102]LogModuleManager: Shutting down and abandoning module XmlParser (158)
[2016.06.11-02.41.55:041][102]LogModuleManager: Shutting down and abandoning module Blutility (157)
[2016.06.11-02.41.55:041][102]LogModuleManager: Shutting down and abandoning module ProjectTargetPlatformEditor (156)
[2016.06.11-02.41.55:041][102]LogModuleManager: Shutting down and abandoning module ProjectSettingsViewer (155)
[2016.06.11-02.41.55:041][102]LogModuleManager: Shutting down and abandoning module InputBindingEditor (154)
[2016.06.11-02.41.55:041][102]LogModuleManager: Shutting down and abandoning module EditorSettingsViewer (153)
[2016.06.11-02.41.55:041][102]LogModuleManager: Shutting down and abandoning module SettingsEditor (152)
[2016.06.11-02.41.55:041][102]LogModuleManager: Shutting down and abandoning module ProjectLauncher (151)
[2016.06.11-02.41.55:041][102]LogModuleManager: Shutting down and abandoning module SessionFrontend (150)
[2016.06.11-02.41.55:041][102]LogModuleManager: Shutting down and abandoning module ProfilerClient (149)
[2016.06.11-02.41.55:041][102]LogModuleManager: Shutting down and abandoning module TargetDeviceServices (148)
[2016.06.11-02.41.55:041][102]LogModuleManager: Shutting down and abandoning module DeviceManager (147)
[2016.06.11-02.41.55:042][102]LogModuleManager: Shutting down and abandoning module AutomationController (146)
[2016.06.11-02.41.55:042][102]LogModuleManager: Shutting down and abandoning module AutomationWindow (145)
[2016.06.11-02.41.55:042][102]LogModuleManager: Shutting down and abandoning module Layers (144)
[2016.06.11-02.41.55:042][102]LogModuleManager: Shutting down and abandoning module ComponentVisualizers (143)
[2016.06.11-02.41.55:042][102]LogModuleManager: Shutting down and abandoning module DetailCustomizations (142)
[2016.06.11-02.41.55:042][102]LogModuleManager: Shutting down and abandoning module PackagesDialog (141)
[2016.06.11-02.41.55:042][102]LogModuleManager: Shutting down and abandoning module Persona (140)
[2016.06.11-02.41.55:042][102]LogModuleManager: Shutting down and abandoning module Kismet (139)
[2016.06.11-02.41.55:042][102]LogModuleManager: Shutting down and abandoning module GraphEditor (138)
[2016.06.11-02.41.55:043][102]LogModuleManager: Shutting down and abandoning module ClassViewer (137)
[2016.06.11-02.41.55:043][102]LogModuleManager: Shutting down and abandoning module Toolbox (136)
[2016.06.11-02.41.55:043][102]LogModuleManager: Shutting down and abandoning module ModuleUI (135)
[2016.06.11-02.41.55:043][102]LogModuleManager: Shutting down and abandoning module MovieSceneTools (134)
[2016.06.11-02.41.55:043][102]LogModuleManager: Shutting down and abandoning module OutputLog (133)
[2016.06.11-02.41.55:043][102]LogModuleManager: Shutting down and abandoning module GammaUI (132)
[2016.06.11-02.41.55:043][102]LogModuleManager: Shutting down and abandoning module Documentation (131)
[2016.06.11-02.41.55:043][102]LogModuleManager: Shutting down and abandoning module GameLiveStreaming (130)
[2016.06.11-02.41.55:043][102]LogModuleManager: Shutting down and abandoning module StreamingPauseRendering (129)
[2016.06.11-02.41.55:043][102]LogModuleManager: Shutting down and abandoning module AnalyticsET (128)
[2016.06.11-02.41.55:043][102]LogModuleManager: Shutting down and abandoning module Analytics (127)
[2016.06.11-02.41.55:043][102]LogModuleManager: Shutting down and abandoning module AITestSuite (126)
[2016.06.11-02.41.55:043][102]LogModuleManager: Shutting down and abandoning module GameplayDebugger (125)
[2016.06.11-02.41.55:043][102]LogModuleManager: Shutting down and abandoning module AIModule (124)
[2016.06.11-02.41.55:043][102]LogModuleManager: Shutting down and abandoning module ProfilerService (123)
[2016.06.11-02.41.55:240][102]LogModuleManager: Shutting down and abandoning module TaskGraph (122)
[2016.06.11-02.41.55:240][102]LogModuleManager: Shutting down and abandoning module SlateRemote (121)
[2016.06.11-02.41.55:240][102]LogModuleManager: Shutting down and abandoning module SteamVRController (120)
[2016.06.11-02.41.55:240][102]LogModuleManager: Shutting down and abandoning module SteamVR (119)
[2016.06.11-02.41.55:240][102]LogModuleManager: Shutting down and abandoning module ProceduralMeshComponent (118)
[2016.06.11-02.41.55:240][102]LogModuleManager: Shutting down and abandoning module OculusLibrary (117)
[2016.06.11-02.41.55:241][102]LogModuleManager: Shutting down and abandoning module OculusInput (116)
[2016.06.11-02.41.55:241][102]LogModuleManager: Shutting down and abandoning module LeapMotionController (115)
[2016.06.11-02.41.55:328][102]LogModuleManager: Shutting down and abandoning module CustomMeshComponent (114)
[2016.06.11-02.41.55:328][102]LogModuleManager: Shutting down and abandoning module CableComponent (113)
[2016.06.11-02.41.55:328][102]LogModuleManager: Shutting down and abandoning module ArchVisCharacter (112)
[2016.06.11-02.41.55:328][102]LogModuleManager: Shutting down and abandoning module MessagingDebugger (111)
[2016.06.11-02.41.55:328][102]LogModuleManager: Shutting down and abandoning module MediaPlayerEditor (110)
[2016.06.11-02.41.55:328][102]LogModuleManager: Shutting down and abandoning module HTML5Networking (109)
[2016.06.11-02.41.55:328][102]LogModuleManager: Shutting down and abandoning module SpeedTreeImporter (108)
[2016.06.11-02.41.55:328][102]LogModuleManager: Shutting down and abandoning module PluginBrowser (107)
[2016.06.11-02.41.55:328][102]LogModuleManager: Shutting down and abandoning module EpicSurvey (106)
[2016.06.11-02.41.55:329][102]LogModuleManager: Shutting down and abandoning module DesktopPlatform (105)
[2016.06.11-02.41.55:329][102]LogModuleManager: Shutting down and abandoning module VisualStudioSourceCodeAccess (104)
[2016.06.11-02.41.55:329][102]LogModuleManager: Shutting down and abandoning module UObjectPlugin (103)
[2016.06.11-02.41.55:329][102]LogModuleManager: Shutting down and abandoning module SubversionSourceControl (102)
[2016.06.11-02.41.55:329][102]LogModuleManager: Shutting down and abandoning module PerforceSourceControl (101)
[2016.06.11-02.41.55:329][102]LogModuleManager: Shutting down and abandoning module SourceControl (100)
[2016.06.11-02.41.55:329][102]LogModuleManager: Shutting down and abandoning module GitSourceControl (99)
[2016.06.11-02.41.55:329][102]LogModuleManager: Shutting down and abandoning module LightPropagationVolumeEditor (98)
[2016.06.11-02.41.55:329][102]LogModuleManager: Shutting down and abandoning module PaperTiledImporter (97)
[2016.06.11-02.41.55:329][102]LogModuleManager: Shutting down and abandoning module PaperSpriteSheetImporter (96)
[2016.06.11-02.41.55:329][102]LogModuleManager: Shutting down and abandoning module MeshPaint (95)
[2016.06.11-02.41.55:329][102]LogModuleManager: Shutting down and abandoning module SlateReflector (94)
[2016.06.11-02.41.55:329][102]LogModuleManager: Shutting down and abandoning module HotReload (93)
[2016.06.11-02.41.55:329][102]LogModuleManager: Shutting down and abandoning module MainFrame (92)
[2016.06.11-02.41.55:329][102]LogModuleManager: Shutting down and abandoning module LevelEditor (91)
[2016.06.11-02.41.55:333][102]LogModuleManager: Shutting down and abandoning module DirectoryWatcher (90)
[2016.06.11-02.41.55:335][102]LogModuleManager: Shutting down and abandoning module AssetRegistry (89)
[2016.06.11-02.41.55:513][102]LogModuleManager: Shutting down and abandoning module ContentBrowser (88)
[2016.06.11-02.41.55:515][102]LogModuleManager: Shutting down and abandoning module Paper2DEditor (87)
[2016.06.11-02.41.55:515][102]LogModuleManager: Shutting down and abandoning module UdpMessaging (86)
[2016.06.11-02.41.55:616][102]LogModuleManager: Shutting down and abandoning module LightPropagationVolumeRuntime (85)
[2016.06.11-02.41.55:616][102]LogModuleManager: Shutting down and abandoning module Paper2D (84)
[2016.06.11-02.41.55:616][102]LogModuleManager: Shutting down and abandoning module WindowsMoviePlayer (83)
[2016.06.11-02.41.55:623][102]LogModuleManager: Shutting down and abandoning module Media (82)
[2016.06.11-02.41.55:623][102]LogModuleManager: Shutting down and abandoning module WmfMedia (81)
[2016.06.11-02.41.55:623][102]LogModuleManager: Shutting down and abandoning module OnlineBlueprintSupport (80)
[2016.06.11-02.41.55:623][102]LogModuleManager: Shutting down and abandoning module GameplayTasksEditor (79)
[2016.06.11-02.41.55:623][102]LogModuleManager: Shutting down and abandoning module PropertyEditor (78)
[2016.06.11-02.41.55:624][102]LogModuleManager: Shutting down and abandoning module BehaviorTreeEditor (77)
[2016.06.11-02.41.55:624][102]LogModuleManager: Shutting down and abandoning module FunctionalTesting (76)
[2016.06.11-02.41.55:624][102]LogModuleManager: Shutting down and abandoning module CollisionAnalyzer (75)
[2016.06.11-02.41.55:624][102]LogModuleManager: Shutting down and abandoning module WorkspaceMenuStructure (74)
[2016.06.11-02.41.55:624][102]LogModuleManager: Shutting down and abandoning module MessageLog (73)
[2016.06.11-02.41.55:624][102]LogModuleManager: Shutting down and abandoning module Sequencer (72)
[2016.06.11-02.41.55:624][102]LogModuleManager: Shutting down and abandoning module AssetTools (71)
[2016.06.11-02.41.55:624][102]LogModuleManager: Shutting down and abandoning module UMGEditor (70)
[2016.06.11-02.41.55:624][102]LogModuleManager: Shutting down and abandoning module UMG (69)
[2016.06.11-02.41.55:624][102]LogModuleManager: Shutting down and abandoning module Slate (68)
[2016.06.11-02.41.55:624][102]LogModuleManager: Shutting down and abandoning module EditorStyle (67)
[2016.06.11-02.41.55:630][102]LogModuleManager: Shutting down and abandoning module SessionServices (66)
[2016.06.11-02.41.55:630][102]LogModuleManager: Shutting down and abandoning module SourceCodeAccess (65)
[2016.06.11-02.41.55:630][102]LogModuleManager: Shutting down and abandoning module HeadMountedDisplay (64)
[2016.06.11-02.41.55:630][102]LogModuleManager: Shutting down and abandoning module XAudio2 (63)
[2016.06.11-02.41.55:630][102]LogModuleManager: Shutting down and abandoning module Networking (61)
[2016.06.11-02.41.55:630][102]LogModuleManager: Shutting down and abandoning module Core (60)
[2016.06.11-02.41.55:630][102]LogModuleManager: Shutting down and abandoning module KismetCompiler (59)
[2016.06.11-02.41.55:630][102]LogModuleManager: Shutting down and abandoning module PhysXFormats (58)
[2016.06.11-02.41.55:630][102]LogModuleManager: Shutting down and abandoning module MeshUtilities (57)
[2016.06.11-02.41.55:630][102]LogModuleManager: Shutting down and abandoning module DerivedDataCache (56)
[2016.06.11-02.41.55:640][102]LogDerivedDataCache: Shutdown
[2016.06.11-02.41.55:640][102]LogModuleManager: Shutting down and abandoning module ShaderFormatOpenGL (55)
[2016.06.11-02.41.55:640][102]LogModuleManager: Shutting down and abandoning module ShaderFormatD3D (54)
[2016.06.11-02.41.55:641][102]LogModuleManager: Shutting down and abandoning module MetalShaderFormat (53)
[2016.06.11-02.41.55:641][102]LogModuleManager: Shutting down and abandoning module TextureFormatUncompressed (52)
[2016.06.11-02.41.55:641][102]LogModuleManager: Shutting down and abandoning module TextureFormatPVR (51)
[2016.06.11-02.41.55:641][102]LogModuleManager: Shutting down and abandoning module TextureFormatIntelISPCTexComp (50)
[2016.06.11-02.41.55:641][102]LogModuleManager: Shutting down and abandoning module TextureFormatDXT (49)
[2016.06.11-02.41.55:641][102]LogModuleManager: Shutting down and abandoning module ImageWrapper (48)
[2016.06.11-02.41.55:641][102]LogModuleManager: Shutting down and abandoning module TextureFormatASTC (47)
[2016.06.11-02.41.55:641][102]LogModuleManager: Shutting down and abandoning module TextureFormatAndroid (46)
[2016.06.11-02.41.55:641][102]LogModuleManager: Shutting down and abandoning module AudioFormatOpus (45)
[2016.06.11-02.41.55:641][102]LogModuleManager: Shutting down and abandoning module AudioFormatOgg (44)
[2016.06.11-02.41.55:641][102]LogModuleManager: Shutting down and abandoning module AudioFormatADPCM (43)
[2016.06.11-02.41.55:641][102]LogModuleManager: Shutting down and abandoning module LinuxTargetPlatform (42)
[2016.06.11-02.41.55:641][102]LogModuleManager: Shutting down and abandoning module LinuxServerTargetPlatform (41)
[2016.06.11-02.41.55:641][102]LogModuleManager: Shutting down and abandoning module LinuxNoEditorTargetPlatform (40)
[2016.06.11-02.41.55:641][102]LogModuleManager: Shutting down and abandoning module Messaging (39)
[2016.06.11-02.41.55:641][102]LogModuleManager: Shutting down and abandoning module IOSTargetPlatform (38)
[2016.06.11-02.41.55:641][102]LogModuleManager: Shutting down and abandoning module HTML5TargetPlatform (37)
[2016.06.11-02.41.55:641][102]LogModuleManager: Shutting down and abandoning module Android_PVRTCTargetPlatform (36)
[2016.06.11-02.41.55:641][102]LogModuleManager: Shutting down and abandoning module Android_MultiTargetPlatform (35)
[2016.06.11-02.41.55:641][102]LogModuleManager: Shutting down and abandoning module Android_ETC2TargetPlatform (34)
[2016.06.11-02.41.55:641][102]LogModuleManager: Shutting down and abandoning module Android_ETC1TargetPlatform (33)
[2016.06.11-02.41.55:641][102]LogModuleManager: Shutting down and abandoning module Android_DXTTargetPlatform (32)
[2016.06.11-02.41.55:641][102]LogModuleManager: Shutting down and abandoning module Android_ATCTargetPlatform (31)
[2016.06.11-02.41.55:641][102]LogModuleManager: Shutting down and abandoning module Android_ASTCTargetPlatform (30)
[2016.06.11-02.41.55:641][102]LogModuleManager: Shutting down and abandoning module AndroidTargetPlatform (29)
[2016.06.11-02.41.55:641][102]LogModuleManager: Shutting down and abandoning module WindowsTargetPlatform (28)
[2016.06.11-02.41.55:641][102]LogModuleManager: Shutting down and abandoning module WindowsServerTargetPlatform (27)
[2016.06.11-02.41.55:641][102]LogModuleManager: Shutting down and abandoning module WindowsNoEditorTargetPlatform (26)
[2016.06.11-02.41.55:641][102]LogModuleManager: Shutting down and abandoning module WindowsClientTargetPlatform (25)
[2016.06.11-02.41.55:641][102]LogModuleManager: Shutting down and abandoning module AllDesktopTargetPlatform (24)
[2016.06.11-02.41.55:641][102]LogModuleManager: Shutting down and abandoning module TargetPlatform (23)
[2016.06.11-02.41.55:641][102]LogModuleManager: Shutting down and abandoning module InputCore (22)
[2016.06.11-02.41.55:641][102]LogModuleManager: Shutting down and abandoning module Settings (21)
[2016.06.11-02.41.55:642][102]LogModuleManager: Shutting down and abandoning module OnlineSubsystem (19)
[2016.06.11-02.41.55:642][102]LogModuleManager: Shutting down and abandoning module HTTP (18)
[2016.06.11-02.41.56:644][102]LogModuleManager: Shutting down and abandoning module XMPP (17)
[2016.06.11-02.41.56:644][102]LogModuleManager: Shutting down and abandoning module OculusRift (16)
[2016.06.11-02.41.56:644][102]LogModuleManager: Shutting down and abandoning module ExampleDeviceProfileSelector (15)
[2016.06.11-02.41.56:644][102]LogModuleManager: Shutting down and abandoning module TextureCompressor (14)
[2016.06.11-02.41.56:644][102]LogModuleManager: Shutting down and abandoning module ShaderCore (13)
[2016.06.11-02.41.56:644][102]LogModuleManager: Shutting down and abandoning module Landscape (12)
[2016.06.11-02.41.56:644][102]LogModuleManager: Shutting down and abandoning module SlateRHIRenderer (11)
[2016.06.11-02.41.56:646][102]LogModuleManager: Shutting down and abandoning module OpenGLDrv (10)
[2016.06.11-02.41.56:646][102]LogModuleManager: Shutting down and abandoning module D3D11RHI (9)
[2016.06.11-02.41.56:646][102]LogModuleManager: Shutting down and abandoning module AnimGraphRuntime (8)
[2016.06.11-02.41.56:646][102]LogModuleManager: Shutting down and abandoning module Renderer (7)
[2016.06.11-02.41.56:646][102]LogModuleManager: Shutting down and abandoning module Engine (6)
[2016.06.11-02.41.56:646][102]LogModuleManager: Shutting down and abandoning module CoreUObject (5)
[2016.06.11-02.41.56:646][102]LogModuleManager: Shutting down and abandoning module NetworkFile (4)
[2016.06.11-02.41.56:646][102]LogModuleManager: Shutting down and abandoning module StreamingFile (3)
[2016.06.11-02.41.56:646][102]LogModuleManager: Shutting down and abandoning module SandboxFile (2)
[2016.06.11-02.41.56:646][102]LogModuleManager: Shutting down and abandoning module PakFile (1)
[2016.06.11-02.41.56:649][102]LogExit: Exiting.
[2016.06.11-02.41.56:714][102]Log file closed, 06/10/16 19:41:56
