[2016.06.03-22.44.51:764][  0]Log file open, 06/03/16 15:44:51
[2016.06.03-22.44.51:764][  0]LogInit:Display: Running engine for game: MyProject14
[2016.06.03-22.44.51:764][  0]LogPlatformFile: Not using cached read wrapper
[2016.06.03-22.44.51:764][  0]LogInit:Display: RandInit(-1765039271) SRandInit(-1765039269).
[2016.06.03-22.44.51:764][  0]LogTaskGraph: Started task graph with 4 named threads and 5 total threads.
[2016.06.03-22.44.51:764][  0]LogStats: Stats thread started at 10.326283
[2016.06.03-22.44.51:764][  0]LogInit: Version: 4.10.2-2818068+++depot+UE4-Releases+4.10
[2016.06.03-22.44.51:764][  0]LogInit: API Version: 2758231
[2016.06.03-22.44.51:764][  0]LogInit: Compiled (64-bit): Jan  6 2016 17:36:42
[2016.06.03-22.44.51:764][  0]LogInit: Compiled with Visual C++: 19.00.23026.00
[2016.06.03-22.44.51:764][  0]LogInit: Build Configuration: Development
[2016.06.03-22.44.51:764][  0]LogInit: Branch Name: ++depot+UE4-Releases+4.10
[2016.06.03-22.44.51:764][  0]LogInit: Command line:  
[2016.06.03-22.44.51:764][  0]LogInit: Base directory: C:/Program Files/Epic Games/4.10/Engine/Binaries/Win64/
[2016.06.03-22.44.51:764][  0]LogInit: Rocket: 1
[2016.06.03-22.44.52:919][  0]LogInit: Using libcurl 7.41.0
[2016.06.03-22.44.52:919][  0]LogInit:  - built for x86_64-pc-win32
[2016.06.03-22.44.52:919][  0]LogInit:  - supports SSL with WinSSL
[2016.06.03-22.44.52:919][  0]LogInit:  - other features:
[2016.06.03-22.44.52:919][  0]LogInit:      CURL_VERSION_SSL
[2016.06.03-22.44.52:919][  0]LogInit:      CURL_VERSION_IPV6
[2016.06.03-22.44.52:919][  0]LogInit:      CURL_VERSION_ASYNCHDNS
[2016.06.03-22.44.52:919][  0]LogInit:      CURL_VERSION_LARGEFILE
[2016.06.03-22.44.52:919][  0]LogInit:      CURL_VERSION_IDN
[2016.06.03-22.44.52:919][  0]LogInit:  CurlRequestOptions (configurable via config and command line):
[2016.06.03-22.44.52:919][  0]LogInit:  - bVerifyPeer = true  - Libcurl will verify peer certificate
[2016.06.03-22.44.52:919][  0]LogInit:  - bUseHttpProxy = false  - Libcurl will NOT use HTTP proxy
[2016.06.03-22.44.52:919][  0]LogInit:  - bDontReuseConnections = false  - Libcurl will reuse connections
[2016.06.03-22.44.52:919][  0]LogInit:  - CertBundlePath = nullptr  - Libcurl will use whatever was configured at build time.
[2016.06.03-22.44.54:595][  0]LogInit: Presizing for 0 objects not considered by GC, pre-allocating 0 bytes.
[2016.06.03-22.44.54:606][  0]LogInit: Object subsystem initialized
[2016.06.03-22.44.54:608][  0]LogInit: Selected Device Profile: [Windows]
[2016.06.03-22.44.54:608][  0]LogInit: Applying CVar settings loaded from the selected device profile: [Windows]
[2016.06.03-22.44.54:645][  0]LogInit: Computer: COLLEGE-PC
[2016.06.03-22.44.54:645][  0]LogInit: User: Marco
[2016.06.03-22.44.54:645][  0]LogInit: CPU Page size=4096, Cores=2
[2016.06.03-22.44.54:645][  0]LogInit: High frequency timer resolution =1.753831 MHz
[2016.06.03-22.44.54:645][  0]LogMemory: Memory total: Physical=7.9GB (8GB approx)
[2016.06.03-22.44.54:645][  0]LogMemory: Platform Memory Stats for Windows
[2016.06.03-22.44.54:645][  0]LogMemory: Process Physical Memory: 56.53 MB used, 56.53 MB peak
[2016.06.03-22.44.54:645][  0]LogMemory: Process Virtual Memory: 55.61 MB used, 55.61 MB peak
[2016.06.03-22.44.54:645][  0]LogMemory: Physical Memory: 5183.24 MB used, 8056.15 MB total
[2016.06.03-22.44.54:645][  0]LogMemory: Virtual Memory: 380.51 MB used, 134217728.00 MB total
[2016.06.03-22.45.01:167][  0]LogTextLocalizationManager: No specific translations for ('en-US') exist, so ('en') translations will be used.
[2016.06.03-22.45.04:405][  0]LogD3D11RHI: Found D3D11 adapter 0: Intel(R) HD Graphics 4000 (Feature Level 11_0)
[2016.06.03-22.45.04:405][  0]LogD3D11RHI: Adapter has 32MB of dedicated video memory, 0MB of dedicated system memory, and 1760MB of shared system memory, 1 output[s]
[2016.06.03-22.45.04:409][  0]LogD3D11RHI: Found D3D11 adapter 1: Microsoft Basic Render Driver (Feature Level 11_0)
[2016.06.03-22.45.04:409][  0]LogD3D11RHI: Adapter has 0MB of dedicated video memory, 0MB of dedicated system memory, and 4028MB of shared system memory, 0 output[s]
[2016.06.03-22.45.04:409][  0]LogD3D11RHI: Chosen D3D11 Adapter Id = 0
[2016.06.03-22.45.04:418][  0]LogD3D11RHI: !Direct3DDevice
[2016.06.03-22.45.04:418][  0]LogRHI: Texture pool is 638 MB (70% of 912 MB)
[2016.06.03-22.45.04:423][  0]LogD3D11RHI: Async texture creation enabled
[2016.06.03-22.45.04:431][  0]LogShaderCompilers: Guid format shader working directory is -32 characters bigger than the processId version (../../../../../../Users/Marco/Documents/GitHub/Indepedent-Study/MyProject14V5/Intermediate/Shaders/WorkingDirectory/13080/).
[2016.06.03-22.45.04:431][  0]LogShaderCompilers: Cleaned the shader compiler working directory 'C:/Users/Marco/AppData/Local/Temp/UnrealShaderWorkingDir/6BB6948E45CF8F1BC164AF90AA4C212C/'.
[2016.06.03-22.45.04:431][  0]LogShaderCompilers:Display: Using Local Shader Compiler.
[2016.06.03-22.45.29:350][  0]LogTemp:Display: Loaded TP AllDesktopTargetPlatform
[2016.06.03-22.45.29:359][  0]LogTemp:Display: Loaded TP WindowsClientTargetPlatform
[2016.06.03-22.45.29:375][  0]LogTemp:Display: Loaded TP WindowsNoEditorTargetPlatform
[2016.06.03-22.45.29:390][  0]LogTemp:Display: Loaded TP WindowsServerTargetPlatform
[2016.06.03-22.45.29:821][  0]LogTemp:Display: Loaded TP WindowsTargetPlatform
[2016.06.03-22.45.30:032][  0]LogTemp:Display: Loaded TP AndroidTargetPlatform
[2016.06.03-22.45.30:067][  0]LogTemp:Display: Loaded TP Android_ASTCTargetPlatform
[2016.06.03-22.45.30:218][  0]LogTemp:Display: Loaded TP Android_ATCTargetPlatform
[2016.06.03-22.45.30:400][  0]LogTemp:Display: Loaded TP Android_DXTTargetPlatform
[2016.06.03-22.45.30:468][  0]LogTemp:Display: Loaded TP Android_ETC1TargetPlatform
[2016.06.03-22.45.30:616][  0]LogTemp:Display: Loaded TP Android_ETC2TargetPlatform
[2016.06.03-22.45.31:182][  0]LogTemp:Display: Loaded TP Android_MultiTargetPlatform
[2016.06.03-22.45.31:182][  0]LogTemp:Display: Loaded TP Android_PVRTCTargetPlatform
[2016.06.03-22.45.31:186][  0]LogTemp:Display: Loaded TP HTML5TargetPlatform
[2016.06.03-22.45.33:008][  0]LogTemp:Display: Loaded TP IOSTargetPlatform
[2016.06.03-22.45.33:154][  0]LogTemp:Display: Loaded TP LinuxNoEditorTargetPlatform
[2016.06.03-22.45.33:234][  0]LogTemp:Display: Loaded TP LinuxServerTargetPlatform
[2016.06.03-22.45.33:552][  0]LogTemp:Display: Loaded TP LinuxTargetPlatform
[2016.06.03-22.45.33:552][  0]LogTargetPlatformManager:Display: Building Assets For Windows
[2016.06.03-22.45.48:105][  0]LogDerivedDataCache:Display: Max Cache Size: 512 MB
[2016.06.03-22.46.13:621][  0]LogDerivedDataCache: Loaded boot cache 25.40s 41MB C:/Users/Marco/AppData/Local/UnrealEngine/4.10/DerivedDataCache/Boot.ddc.
[2016.06.03-22.46.13:621][  0]LogDerivedDataCache:Display: Loaded Boot cache: C:/Users/Marco/AppData/Local/UnrealEngine/4.10/DerivedDataCache/Boot.ddc
[2016.06.03-22.46.13:639][  0]LogDerivedDataCache: FDerivedDataBackendGraph:  Pak pak cache file ../../../../../../Users/Marco/Documents/GitHub/Indepedent-Study/MyProject14V5/DerivedDataCache/DDC.ddp not found, will not use a pak cache.
[2016.06.03-22.46.13:639][  0]LogDerivedDataCache: Unable to find inner node Pak for hierarchical cache Hierarchy.
[2016.06.03-22.46.13:639][  0]LogDerivedDataCache: FDerivedDataBackendGraph:  CompressedPak pak cache file ../../../../../../Users/Marco/Documents/GitHub/Indepedent-Study/MyProject14V5/DerivedDataCache/Compressed.ddp not found, will not use a pak cache.
[2016.06.03-22.46.13:639][  0]LogDerivedDataCache: Unable to find inner node CompressedPak for hierarchical cache Hierarchy.
[2016.06.03-22.46.15:737][  0]LogDerivedDataCache:Display: Pak cache opened for reading ../../../Engine/DerivedDataCache/Compressed.ddp.
[2016.06.03-22.46.15:913][  0]LogDerivedDataCache: Using Local data cache path C:/Users/Marco/AppData/Local/UnrealEngine/Common/DerivedDataCache: Writable
[2016.06.03-22.49.32:433][  0]LogInit: Selected Device Profile: [Windows]
[2016.06.03-22.49.34:287][  0]LogContentStreaming: Texture pool size is 0.000000MB
[2016.06.03-22.49.58:818][  0]LogMeshUtilities: No automatic mesh reduction module available
[2016.06.03-22.49.58:818][  0]LogMeshUtilities: No automatic mesh merging module available
[2016.06.03-22.51.06:097][  0]LogInit: WinSock: version 1.1 (2.2), MaxSocks=32767, MaxUdp=65467
[2016.06.03-22.55.18:345][  0]UdpMessaging: Initializing bridge on interface 0.0.0.0:0 to multicast group 230.0.0.1:6666.
[2016.06.03-22.55.29:460][  0]LogAssetRegistry: FAssetRegistry took 0.3676 seconds to start up
[2016.06.03-22.55.54:778][  0]SourceControl: Info Source control is disabled
[2016.06.03-22.55.54:951][  0]SourceControl: Info Source control is disabled
[2016.06.03-22.55.56:032][  0]SourceControl: Info Source control is disabled
[2016.06.03-22.55.56:821][  0]SourceControl: Info Source control is disabled
[2016.06.03-22.56.20:494][  0]LogObj: 28633 objects as part of root set at end of initial load.
[2016.06.03-22.56.20:494][  0]LogUObjectAllocator: 6099744 out of 0 bytes used by permanent object pool.
[2016.06.03-22.56.34:368][  0]LogAutomationTest:Warning: Smoke tests took > 1s to run: 7.88s
[2016.06.03-22.56.35:068][  0]LogEngine: Initializing Engine...
[2016.06.03-22.56.35:388][  0]LogHMD: Can't find Oculus library dev build: is proper Runtime installed? Version: 0.8.0.0
[2016.06.03-22.56.35:787][  0]LogHMD: SteamVR failed to initialize.  Err: 110
[2016.06.03-22.56.52:362][  0]LogAIModule: Creating AISystem for world NewWorld
[2016.06.03-22.56.55:490][  0]LogInit: XAudio2 using 'Speakers (Realtek High Definition Audio)' : 2 channels at 48 kHz using 32 bits per sample (channel mask 0x3)
[2016.06.03-22.56.55:786][  0]LogInit: FAudioDevice initialized.
[2016.06.03-22.56.55:792][  0]LogDerivedDataCache:Error: Could not save memory cache C:/Users/Marco/AppData/Local/UnrealEngine/4.10/DerivedDataCache/Boot.ddc.
[2016.06.03-22.56.55:799][  0]LogInit: Texture streaming: Enabled
[2016.06.03-22.56.56:825][  0]LogAnalytics: Creating configured Analytics provider AnalyticsET
[2016.06.03-22.56.58:013][  0]LogAnalytics: [UEEditor.Rocket.Release] APIServer = http://et2.epicgames.com/ET2/. AppVersion = 4.10.2-2818068+++depot+UE4-Releases+4.10
[2016.06.03-22.56.58:013][  0]LogAnalytics: [UEEditor.Rocket.Release] SetUserId 85acbbeb4fa470e2753714ac1086d3bd|88d36554639f44f4bd4e8c6eb6b2f054|3605c710-a9cd-4ece-9192-2fc6e5fb8996
[2016.06.03-22.56.58:197][  0]LogAnalytics: [UEEditor.Rocket.Release] AnalyticsET::StartSession
[2016.06.03-22.57.03:349][  0]LogInit: Transaction tracking system initialized
[2016.06.03-22.57.09:920][  0]BlueprintLog: New page: Editor Load
[2016.06.03-22.57.32:146][  0]LocalizationService: Info Localization service is disabled
[2016.06.03-22.57.42:492][  0]LogConsoleResponse:Display: 
[2016.06.03-22.57.59:249][  0]LogFileCache: Scanning file cache for directory 'C:/Users/Marco/Documents/GitHub/Indepedent-Study/MyProject14V5/Content/' took 0.02s
[2016.06.03-22.57.59:249][  0]LogCook:Display: Done creating registry. It took  0.00s.
[2016.06.03-22.58.13:714][  0]SourceControl: Info Source control is disabled
[2016.06.03-22.58.13:985][  0]Cmd: MAP LOAD FILE="../../../../../../Users/Marco/Documents/GitHub/Indepedent-Study/MyProject14V5/Content/StarterContent/Maps/Minimal_Default.umap" TEMPLATE=0 SHOWPROGRESS=1 FEATURELEVEL=3
[2016.06.03-22.58.15:173][  0]LightingResults: New page: Lighting Build
[2016.06.03-22.58.17:873][  0]MapCheck: New page: Map Check
[2016.06.03-22.58.17:873][  0]LightingResults: New page: Lighting Build
[2016.06.03-22.58.23:254][  0]LogParticles: Destroying 0 GPU particle simulations for FXSystem 0x00000236733D7240
[2016.06.03-22.58.41:951][  0]LogMaterial: Missing cached shader map for material cylinderMat, compiling. 
[2016.06.03-22.58.48:092][  0]LogDerivedDataCache: FFileSystemDerivedDataBackend: Move collision, attempt at redundant update, OK C:/Users/Marco/AppData/Local/UnrealEngine/Common/DerivedDataCache/7/1/3/PHYSX_1D9C17C451EA4FB88CB7A27536A65DB0_PHYSXPC_E1B606EB9341CF61DFCC65909181D4D__DF34555D98DEB557A27496A05E53923AB513B4E1.udd.
[2016.06.03-22.58.48:092][  0]LogMaterial: Missing cached shader map for material lambert1, compiling. 
[2016.06.03-22.58.52:615][  0]LogAIModule: Creating AISystem for world Minimal_Default
[2016.06.03-22.58.55:815][  0]PIE:Warning: Warning Invalid Simulate Options: Body (rotatingSky_C_0.StaticMesh cylinder) is set to simulate physics but Collision Enabled is incompatible
[2016.06.03-22.58.55:815][  0]PIE:Warning: Warning Invalid Simulate Options: Body (rotatingSky_C_0.StaticMesh cylinder) is set to simulate physics but Collision Enabled is incompatible
[2016.06.03-22.58.57:792][  0]PIE:Warning: Warning Invalid Simulate Options: Body (rotatingSky_C_0.StaticMesh cylinder) is set to simulate physics but Collision Enabled is incompatible
[2016.06.03-22.58.57:792][  0]PIE:Warning: Warning Invalid Simulate Options: Body (rotatingSky_C_0.StaticMesh cylinder) is set to simulate physics but Collision Enabled is incompatible
[2016.06.03-22.58.57:793][  0]PIE:Warning: Warning Invalid Simulate Options: Body (rotatingSky_C_0.StaticMesh cylinder) is set to simulate physics but Collision Enabled is incompatible
[2016.06.03-22.58.57:793][  0]PIE:Warning: Warning Invalid Simulate Options: Body (rotatingSky_C_0.StaticMesh cylinder) is set to simulate physics but Collision Enabled is incompatible
[2016.06.03-22.58.58:251][  0]LogEditorServer: Finished looking for orphan Actors (0.000 secs)
[2016.06.03-22.58.58:904][  0]Cmd: MAP CHECKDEP NOCLEARLOG
[2016.06.03-22.58.59:256][  0]MapCheck: Info Map check complete: 0 Error(s), 0 Warning(s), took 352.037ms to complete.
[2016.06.03-22.58.59:257][  0]LogFileHelpers: Loading map 'Minimal_Default' took 45.429
[2016.06.03-22.59.18:460][  0]LogCollectionManager: Loaded 0 collections in 0.004819 seconds
[2016.06.03-22.59.24:564][  0]LogFileCache: Scanning file cache for directory 'C:/Users/Marco/Documents/GitHub/Indepedent-Study/MyProject14V5/Saved/Collections/' took 0.01s
[2016.06.03-22.59.24:564][  0]LogFileCache: Scanning file cache for directory 'C:/Users/Marco/Documents/GitHub/Indepedent-Study/MyProject14V5/Content/Developers/Marco/Collections/' took 0.01s
[2016.06.03-22.59.24:564][  0]LogFileCache: Scanning file cache for directory 'C:/Users/Marco/Documents/GitHub/Indepedent-Study/MyProject14V5/Content/Collections/' took 0.01s
[2016.06.03-22.59.24:564][  0]LogCollectionManager: Rebuilt the GUID cache for 0 collections in 0.000002 seconds
[2016.06.03-22.59.25:022][  0]LogContentBrowser: Native class hierarchy populated in 0.2283 seconds. Added 1893 classes and 338 folders.
[2016.06.03-22.59.26:076][  0]LogContentBrowser: Native class hierarchy updated for 'WidgetCarousel' in 0.0005 seconds. Added 0 classes and 0 folders.
[2016.06.03-22.59.46:687][  0]LogContentBrowser: Native class hierarchy updated for 'AddContentDialog' in 0.0006 seconds. Added 0 classes and 0 folders.
[2016.06.03-22.59.48:468][  0]LogContentBrowser: Native class hierarchy updated for 'SceneOutliner' in 0.0008 seconds. Added 1 classes and 2 folders.
[2016.06.03-23.00.01:115][  0]LogCrashTracker: Crashtracker disabled due to settings.
[2016.06.03-23.00.02:590][  0]LogUObjectGlobals:Warning: Failed to find object 'Class None.'
[2016.06.03-23.00.03:307][  0]LogLoad: Full Startup: 937.85 seconds (BP compile: 11.10 seconds)
[2016.06.03-23.00.03:712][  0]LogOcInput: Can't find Oculus library dev build: is proper Runtime installed? Version: 0.8.0.0
[2016.06.03-23.00.08:014][  0]LogContentStreaming: Texture pool size now 200 MB
[2016.06.03-23.00.10:843][  0]LogRenderer: Reallocating scene render targets to support 748x280 (Frame:2).
[2016.06.03-23.00.50:042][ 10]LogAssetRegistry: Asset discovery search completed in 320.7592 seconds
[2016.06.03-23.00.50:043][ 10]LogCollectionManager: Rebuilt the object cache for 0 collections in 0.000002 seconds (found 0 objects)
[2016.06.03-23.00.50:043][ 10]LogCollectionManager: Fixed up redirectors for 0 collections in 0.000039 seconds (updated 0 objects)
[2016.06.03-23.06.15:335][966]LogWindowsTextInputMethodSystem:Display: IME system now deactivated.
[2016.06.03-23.06.18:564][967]Cmd: QUIT_EDITOR
[2016.06.03-23.06.22:745][967]LogExit: Preparing to exit.
[2016.06.03-23.06.27:883][967]LogExit: Editor shut down
[2016.06.03-23.06.27:885][967]LogExit: Transaction tracking system shut down
[2016.06.03-23.06.29:029][967]LogParticles: Destroying 0 GPU particle simulations for FXSystem 0x0000023673A539C0
[2016.06.03-23.06.29:029][967]LogParticles: Destroying 0 GPU particle simulations for FXSystem 0x000002367A4584A0
[2016.06.03-23.06.29:029][967]LogParticles: Destroying 0 GPU particle simulations for FXSystem 0x000002367AB307C0
[2016.06.03-23.06.29:030][967]LogParticles: Destroying 0 GPU particle simulations for FXSystem 0x0000023663DD3C40
[2016.06.03-23.06.29:030][967]LogParticles: Destroying 0 GPU particle simulations for FXSystem 0x000002366400B880
[2016.06.03-23.06.45:419][967]LogExit: Object subsystem successfully closed.
[2016.06.03-23.06.48:207][967]LogD3D11RHI: Shutdown
[2016.06.03-23.06.48:207][967]LogD3D11RHI: CleanupD3DDevice
[2016.06.03-23.06.48:938][967]LogD3D11RHI: ~FD3D11DynamicRHI
[2016.06.03-23.06.54:320][967]LogModuleManager: Shutting down and abandoning module CrashTracker (198)
[2016.06.03-23.06.54:320][967]LogModuleManager: Shutting down and abandoning module SceneOutliner (197)
[2016.06.03-23.06.54:320][967]LogModuleManager: Shutting down and abandoning module SuperSearch (196)
[2016.06.03-23.06.54:320][967]LogModuleManager: Shutting down and abandoning module WidgetCarousel (195)
[2016.06.03-23.06.54:337][967]LogModuleManager: Shutting down and abandoning module AddContentDialog (194)
[2016.06.03-23.06.54:381][967]LogModuleManager: Shutting down and abandoning module EditorWidgets (193)
[2016.06.03-23.06.54:381][967]LogModuleManager: Shutting down and abandoning module CollectionManager (192)
[2016.06.03-23.06.54:935][967]LogModuleManager: Shutting down and abandoning module StatsViewer (191)
[2016.06.03-23.06.55:185][967]LogModuleManager: Shutting down and abandoning module FoliageEdit (190)
[2016.06.03-23.06.55:185][967]LogModuleManager: Shutting down and abandoning module LandscapeEditor (189)
[2016.06.03-23.06.55:365][967]LogModuleManager: Shutting down and abandoning module ActorPickerMode (188)
[2016.06.03-23.06.55:365][967]LogModuleManager: Shutting down and abandoning module GeometryMode (187)
[2016.06.03-23.06.55:365][967]LogModuleManager: Shutting down and abandoning module TextureAlignMode (186)
[2016.06.03-23.06.55:365][967]LogModuleManager: Shutting down and abandoning module BspMode (185)
[2016.06.03-23.06.55:365][967]LogModuleManager: Shutting down and abandoning module PlacementMode (184)
[2016.06.03-23.06.55:365][967]LogModuleManager: Shutting down and abandoning module AutomationWorker (183)
[2016.06.03-23.06.55:365][967]LogModuleManager: Shutting down and abandoning module CharacterAI (182)
[2016.06.03-23.06.55:365][967]LogModuleManager: Shutting down and abandoning module SmartSnapping (181)
[2016.06.03-23.06.55:365][967]LogModuleManager: Shutting down and abandoning module ViewportSnapping (180)
[2016.06.03-23.06.55:365][967]LogModuleManager: Shutting down and abandoning module LogVisualizer (179)
[2016.06.03-23.06.55:536][967]LogModuleManager: Shutting down and abandoning module GameProjectGeneration (178)
[2016.06.03-23.06.55:628][967]LogModuleManager: Shutting down and abandoning module IntroTutorials (177)
[2016.06.03-23.06.55:832][967]LogModuleManager: Shutting down and abandoning module EditorLiveStreaming (176)
[2016.06.03-23.06.55:832][967]LogModuleManager: Shutting down and abandoning module IOSPlatformEditor (175)
[2016.06.03-23.06.55:972][967]LogModuleManager: Shutting down and abandoning module HTML5PlatformEditor (174)
[2016.06.03-23.06.55:972][967]LogModuleManager: Shutting down and abandoning module AndroidDeviceDetection (173)
[2016.06.03-23.06.56:483][967]LogModuleManager: Shutting down and abandoning module AndroidPlatformEditor (172)
[2016.06.03-23.06.56:484][967]LogModuleManager: Shutting down and abandoning module IOSRuntimeSettings (171)
[2016.06.03-23.06.56:484][967]LogModuleManager: Shutting down and abandoning module AndroidRuntimeSettings (170)
[2016.06.03-23.06.56:484][967]LogModuleManager: Shutting down and abandoning module MergeActors (169)
[2016.06.03-23.06.56:546][967]LogModuleManager: Shutting down and abandoning module SizeMap (168)
[2016.06.03-23.06.56:546][967]LogModuleManager: Shutting down and abandoning module TreeMap (167)
[2016.06.03-23.06.57:025][967]LogModuleManager: Shutting down and abandoning module ReferenceViewer (166)
[2016.06.03-23.06.57:151][967]LogModuleManager: Shutting down and abandoning module LocalizationService (165)
[2016.06.03-23.06.57:387][967]LogModuleManager: Shutting down and abandoning module LocalizationDashboard (164)
[2016.06.03-23.06.57:584][967]LogModuleManager: Shutting down and abandoning module HardwareTargeting (163)
[2016.06.03-23.06.57:605][967]LogModuleManager: Shutting down and abandoning module DeviceProfileEditor (162)
[2016.06.03-23.06.57:750][967]LogModuleManager: Shutting down and abandoning module UndoHistory (161)
[2016.06.03-23.06.57:765][967]LogModuleManager: Shutting down and abandoning module GameplayTagsEditor (160)
[2016.06.03-23.06.57:785][967]LogModuleManager: Shutting down and abandoning module UserFeedback (159)
[2016.06.03-23.06.57:785][967]LogModuleManager: Shutting down and abandoning module XmlParser (158)
[2016.06.03-23.06.57:785][967]LogModuleManager: Shutting down and abandoning module Blutility (157)
[2016.06.03-23.06.57:785][967]LogModuleManager: Shutting down and abandoning module ProjectTargetPlatformEditor (156)
[2016.06.03-23.06.57:798][967]LogModuleManager: Shutting down and abandoning module ProjectSettingsViewer (155)
[2016.06.03-23.06.57:798][967]LogModuleManager: Shutting down and abandoning module InputBindingEditor (154)
[2016.06.03-23.06.57:959][967]LogModuleManager: Shutting down and abandoning module EditorSettingsViewer (153)
[2016.06.03-23.06.57:960][967]LogModuleManager: Shutting down and abandoning module SettingsEditor (152)
[2016.06.03-23.06.58:102][967]LogModuleManager: Shutting down and abandoning module ProjectLauncher (151)
[2016.06.03-23.06.58:151][967]LogModuleManager: Shutting down and abandoning module SessionFrontend (150)
[2016.06.03-23.06.58:207][967]LogModuleManager: Shutting down and abandoning module ProfilerClient (149)
[2016.06.03-23.06.58:337][967]LogModuleManager: Shutting down and abandoning module TargetDeviceServices (148)
[2016.06.03-23.06.58:337][967]LogModuleManager: Shutting down and abandoning module DeviceManager (147)
[2016.06.03-23.06.58:421][967]LogModuleManager: Shutting down and abandoning module AutomationController (146)
[2016.06.03-23.06.58:464][967]LogModuleManager: Shutting down and abandoning module AutomationWindow (145)
[2016.06.03-23.06.58:579][967]LogModuleManager: Shutting down and abandoning module Layers (144)
[2016.06.03-23.06.58:853][967]LogModuleManager: Shutting down and abandoning module ComponentVisualizers (143)
[2016.06.03-23.06.58:853][967]LogModuleManager: Shutting down and abandoning module DetailCustomizations (142)
[2016.06.03-23.06.58:853][967]LogModuleManager: Shutting down and abandoning module PackagesDialog (141)
[2016.06.03-23.06.59:016][967]LogModuleManager: Shutting down and abandoning module Persona (140)
[2016.06.03-23.06.59:284][967]LogModuleManager: Shutting down and abandoning module Kismet (139)
[2016.06.03-23.06.59:423][967]LogModuleManager: Shutting down and abandoning module GraphEditor (138)
[2016.06.03-23.07.01:171][967]LogModuleManager: Shutting down and abandoning module ClassViewer (137)
[2016.06.03-23.07.01:201][967]LogModuleManager: Shutting down and abandoning module Toolbox (136)
[2016.06.03-23.07.01:201][967]LogModuleManager: Shutting down and abandoning module ModuleUI (135)
[2016.06.03-23.07.01:266][967]LogModuleManager: Shutting down and abandoning module MovieSceneTools (134)
[2016.06.03-23.07.01:430][967]LogModuleManager: Shutting down and abandoning module OutputLog (133)
[2016.06.03-23.07.01:430][967]LogModuleManager: Shutting down and abandoning module GammaUI (132)
[2016.06.03-23.07.01:496][967]LogModuleManager: Shutting down and abandoning module Documentation (131)
[2016.06.03-23.07.01:496][967]LogModuleManager: Shutting down and abandoning module GameLiveStreaming (130)
[2016.06.03-23.07.01:547][967]LogModuleManager: Shutting down and abandoning module StreamingPauseRendering (129)
[2016.06.03-23.07.01:547][967]LogModuleManager: Shutting down and abandoning module AnalyticsET (128)
[2016.06.03-23.07.01:547][967]LogModuleManager: Shutting down and abandoning module Analytics (127)
[2016.06.03-23.07.01:547][967]LogModuleManager: Shutting down and abandoning module AITestSuite (126)
[2016.06.03-23.07.01:713][967]LogModuleManager: Shutting down and abandoning module GameplayDebugger (125)
[2016.06.03-23.07.01:753][967]LogModuleManager: Shutting down and abandoning module AIModule (124)
[2016.06.03-23.07.01:753][967]LogModuleManager: Shutting down and abandoning module ProfilerService (123)
[2016.06.03-23.07.02:101][967]LogModuleManager: Shutting down and abandoning module TaskGraph (122)
[2016.06.03-23.07.02:408][967]LogModuleManager: Shutting down and abandoning module SlateRemote (121)
[2016.06.03-23.07.02:409][967]LogModuleManager: Shutting down and abandoning module SteamVRController (120)
[2016.06.03-23.07.02:409][967]LogModuleManager: Shutting down and abandoning module SteamVR (119)
[2016.06.03-23.07.02:411][967]LogModuleManager: Shutting down and abandoning module ProceduralMeshComponent (118)
[2016.06.03-23.07.02:411][967]LogModuleManager: Shutting down and abandoning module OculusLibrary (117)
[2016.06.03-23.07.02:411][967]LogModuleManager: Shutting down and abandoning module OculusInput (116)
[2016.06.03-23.07.02:411][967]LogModuleManager: Shutting down and abandoning module LeapMotionController (115)
[2016.06.03-23.07.02:965][967]LogModuleManager: Shutting down and abandoning module CustomMeshComponent (114)
[2016.06.03-23.07.02:965][967]LogModuleManager: Shutting down and abandoning module CableComponent (113)
[2016.06.03-23.07.02:995][967]LogModuleManager: Shutting down and abandoning module ArchVisCharacter (112)
[2016.06.03-23.07.02:995][967]LogModuleManager: Shutting down and abandoning module MessagingDebugger (111)
[2016.06.03-23.07.03:793][967]LogModuleManager: Shutting down and abandoning module MediaPlayerEditor (110)
[2016.06.03-23.07.03:959][967]LogModuleManager: Shutting down and abandoning module HTML5Networking (109)
[2016.06.03-23.07.03:959][967]LogModuleManager: Shutting down and abandoning module SpeedTreeImporter (108)
[2016.06.03-23.07.03:959][967]LogModuleManager: Shutting down and abandoning module PluginBrowser (107)
[2016.06.03-23.07.04:135][967]LogModuleManager: Shutting down and abandoning module EpicSurvey (106)
[2016.06.03-23.07.04:180][967]LogModuleManager: Shutting down and abandoning module DesktopPlatform (105)
[2016.06.03-23.07.04:246][967]LogModuleManager: Shutting down and abandoning module VisualStudioSourceCodeAccess (104)
[2016.06.03-23.07.04:246][967]LogModuleManager: Shutting down and abandoning module UObjectPlugin (103)
[2016.06.03-23.07.04:246][967]LogModuleManager: Shutting down and abandoning module SubversionSourceControl (102)
[2016.06.03-23.07.04:402][967]LogModuleManager: Shutting down and abandoning module PerforceSourceControl (101)
[2016.06.03-23.07.04:743][967]LogModuleManager: Shutting down and abandoning module SourceControl (100)
[2016.06.03-23.07.04:783][967]LogModuleManager: Shutting down and abandoning module GitSourceControl (99)
[2016.06.03-23.07.04:964][967]LogModuleManager: Shutting down and abandoning module LightPropagationVolumeEditor (98)
[2016.06.03-23.07.04:964][967]LogModuleManager: Shutting down and abandoning module PaperTiledImporter (97)
[2016.06.03-23.07.04:984][967]LogModuleManager: Shutting down and abandoning module PaperSpriteSheetImporter (96)
[2016.06.03-23.07.04:984][967]LogModuleManager: Shutting down and abandoning module MeshPaint (95)
[2016.06.03-23.07.04:984][967]LogModuleManager: Shutting down and abandoning module SlateReflector (94)
[2016.06.03-23.07.05:155][967]LogModuleManager: Shutting down and abandoning module HotReload (93)
[2016.06.03-23.07.05:175][967]LogModuleManager: Shutting down and abandoning module MainFrame (92)
[2016.06.03-23.07.05:176][967]LogModuleManager: Shutting down and abandoning module LevelEditor (91)
[2016.06.03-23.07.05:230][967]LogModuleManager: Shutting down and abandoning module DirectoryWatcher (90)
[2016.06.03-23.07.05:248][967]LogModuleManager: Shutting down and abandoning module AssetRegistry (89)
[2016.06.03-23.07.05:445][967]LogModuleManager: Shutting down and abandoning module ContentBrowser (88)
[2016.06.03-23.07.05:447][967]LogModuleManager: Shutting down and abandoning module Paper2DEditor (87)
[2016.06.03-23.07.05:629][967]LogModuleManager: Shutting down and abandoning module UdpMessaging (86)
[2016.06.03-23.07.05:729][967]LogModuleManager: Shutting down and abandoning module LightPropagationVolumeRuntime (85)
[2016.06.03-23.07.05:729][967]LogModuleManager: Shutting down and abandoning module Paper2D (84)
[2016.06.03-23.07.05:830][967]LogModuleManager: Shutting down and abandoning module WindowsMoviePlayer (83)
[2016.06.03-23.07.05:834][967]LogModuleManager: Shutting down and abandoning module Media (82)
[2016.06.03-23.07.05:834][967]LogModuleManager: Shutting down and abandoning module WmfMedia (81)
[2016.06.03-23.07.05:864][967]LogModuleManager: Shutting down and abandoning module OnlineBlueprintSupport (80)
[2016.06.03-23.07.05:864][967]LogModuleManager: Shutting down and abandoning module GameplayTasksEditor (79)
[2016.06.03-23.07.05:864][967]LogModuleManager: Shutting down and abandoning module PropertyEditor (78)
[2016.06.03-23.07.05:864][967]LogModuleManager: Shutting down and abandoning module BehaviorTreeEditor (77)
[2016.06.03-23.07.06:148][967]LogModuleManager: Shutting down and abandoning module FunctionalTesting (76)
[2016.06.03-23.07.06:148][967]LogModuleManager: Shutting down and abandoning module CollisionAnalyzer (75)
[2016.06.03-23.07.06:207][967]LogModuleManager: Shutting down and abandoning module WorkspaceMenuStructure (74)
[2016.06.03-23.07.06:207][967]LogModuleManager: Shutting down and abandoning module MessageLog (73)
[2016.06.03-23.07.06:207][967]LogModuleManager: Shutting down and abandoning module Sequencer (72)
[2016.06.03-23.07.06:494][967]LogModuleManager: Shutting down and abandoning module AssetTools (71)
[2016.06.03-23.07.07:722][967]LogModuleManager: Shutting down and abandoning module UMGEditor (70)
[2016.06.03-23.07.08:484][967]LogModuleManager: Shutting down and abandoning module UMG (69)
[2016.06.03-23.07.08:484][967]LogModuleManager: Shutting down and abandoning module Slate (68)
[2016.06.03-23.07.08:484][967]LogModuleManager: Shutting down and abandoning module EditorStyle (67)
[2016.06.03-23.07.08:488][967]LogModuleManager: Shutting down and abandoning module SessionServices (66)
[2016.06.03-23.07.08:488][967]LogModuleManager: Shutting down and abandoning module SourceCodeAccess (65)
[2016.06.03-23.07.08:488][967]LogModuleManager: Shutting down and abandoning module HeadMountedDisplay (64)
[2016.06.03-23.07.08:488][967]LogModuleManager: Shutting down and abandoning module XAudio2 (63)
[2016.06.03-23.07.08:488][967]LogModuleManager: Shutting down and abandoning module Networking (61)
[2016.06.03-23.07.08:488][967]LogModuleManager: Shutting down and abandoning module Core (60)
[2016.06.03-23.07.08:488][967]LogModuleManager: Shutting down and abandoning module KismetCompiler (59)
[2016.06.03-23.07.08:488][967]LogModuleManager: Shutting down and abandoning module PhysXFormats (58)
[2016.06.03-23.07.08:488][967]LogModuleManager: Shutting down and abandoning module MeshUtilities (57)
[2016.06.03-23.07.08:667][967]LogModuleManager: Shutting down and abandoning module DerivedDataCache (56)
[2016.06.03-23.07.08:687][967]LogDerivedDataCache: Shutdown
[2016.06.03-23.07.08:687][967]LogModuleManager: Shutting down and abandoning module ShaderFormatOpenGL (55)
[2016.06.03-23.07.08:694][967]LogModuleManager: Shutting down and abandoning module ShaderFormatD3D (54)
[2016.06.03-23.07.08:695][967]LogModuleManager: Shutting down and abandoning module MetalShaderFormat (53)
[2016.06.03-23.07.08:706][967]LogModuleManager: Shutting down and abandoning module TextureFormatUncompressed (52)
[2016.06.03-23.07.08:706][967]LogModuleManager: Shutting down and abandoning module TextureFormatPVR (51)
[2016.06.03-23.07.08:706][967]LogModuleManager: Shutting down and abandoning module TextureFormatIntelISPCTexComp (50)
[2016.06.03-23.07.08:706][967]LogModuleManager: Shutting down and abandoning module TextureFormatDXT (49)
[2016.06.03-23.07.08:706][967]LogModuleManager: Shutting down and abandoning module ImageWrapper (48)
[2016.06.03-23.07.08:706][967]LogModuleManager: Shutting down and abandoning module TextureFormatASTC (47)
[2016.06.03-23.07.08:706][967]LogModuleManager: Shutting down and abandoning module TextureFormatAndroid (46)
[2016.06.03-23.07.08:706][967]LogModuleManager: Shutting down and abandoning module AudioFormatOpus (45)
[2016.06.03-23.07.08:718][967]LogModuleManager: Shutting down and abandoning module AudioFormatOgg (44)
[2016.06.03-23.07.08:718][967]LogModuleManager: Shutting down and abandoning module AudioFormatADPCM (43)
[2016.06.03-23.07.08:718][967]LogModuleManager: Shutting down and abandoning module LinuxTargetPlatform (42)
[2016.06.03-23.07.08:719][967]LogModuleManager: Shutting down and abandoning module LinuxServerTargetPlatform (41)
[2016.06.03-23.07.08:719][967]LogModuleManager: Shutting down and abandoning module LinuxNoEditorTargetPlatform (40)
[2016.06.03-23.07.08:719][967]LogModuleManager: Shutting down and abandoning module Messaging (39)
[2016.06.03-23.07.08:719][967]LogModuleManager: Shutting down and abandoning module IOSTargetPlatform (38)
[2016.06.03-23.07.08:719][967]LogModuleManager: Shutting down and abandoning module HTML5TargetPlatform (37)
[2016.06.03-23.07.08:719][967]LogModuleManager: Shutting down and abandoning module Android_PVRTCTargetPlatform (36)
[2016.06.03-23.07.08:719][967]LogModuleManager: Shutting down and abandoning module Android_MultiTargetPlatform (35)
[2016.06.03-23.07.08:719][967]LogModuleManager: Shutting down and abandoning module Android_ETC2TargetPlatform (34)
[2016.06.03-23.07.08:720][967]LogModuleManager: Shutting down and abandoning module Android_ETC1TargetPlatform (33)
[2016.06.03-23.07.08:720][967]LogModuleManager: Shutting down and abandoning module Android_DXTTargetPlatform (32)
[2016.06.03-23.07.08:720][967]LogModuleManager: Shutting down and abandoning module Android_ATCTargetPlatform (31)
[2016.06.03-23.07.08:720][967]LogModuleManager: Shutting down and abandoning module Android_ASTCTargetPlatform (30)
[2016.06.03-23.07.08:720][967]LogModuleManager: Shutting down and abandoning module AndroidTargetPlatform (29)
[2016.06.03-23.07.08:720][967]LogModuleManager: Shutting down and abandoning module WindowsTargetPlatform (28)
[2016.06.03-23.07.08:720][967]LogModuleManager: Shutting down and abandoning module WindowsServerTargetPlatform (27)
[2016.06.03-23.07.08:720][967]LogModuleManager: Shutting down and abandoning module WindowsNoEditorTargetPlatform (26)
[2016.06.03-23.07.08:720][967]LogModuleManager: Shutting down and abandoning module WindowsClientTargetPlatform (25)
[2016.06.03-23.07.08:720][967]LogModuleManager: Shutting down and abandoning module AllDesktopTargetPlatform (24)
[2016.06.03-23.07.08:720][967]LogModuleManager: Shutting down and abandoning module TargetPlatform (23)
[2016.06.03-23.07.08:720][967]LogModuleManager: Shutting down and abandoning module InputCore (22)
[2016.06.03-23.07.08:720][967]LogModuleManager: Shutting down and abandoning module Settings (21)
[2016.06.03-23.07.08:721][967]LogModuleManager: Shutting down and abandoning module OnlineSubsystem (19)
[2016.06.03-23.07.08:721][967]LogModuleManager: Shutting down and abandoning module HTTP (18)
[2016.06.03-23.07.10:724][967]LogModuleManager: Shutting down and abandoning module XMPP (17)
[2016.06.03-23.07.10:896][967]LogModuleManager: Shutting down and abandoning module OculusRift (16)
[2016.06.03-23.07.10:943][967]LogModuleManager: Shutting down and abandoning module ExampleDeviceProfileSelector (15)
[2016.06.03-23.07.10:943][967]LogModuleManager: Shutting down and abandoning module TextureCompressor (14)
[2016.06.03-23.07.11:072][967]LogModuleManager: Shutting down and abandoning module ShaderCore (13)
[2016.06.03-23.07.11:072][967]LogModuleManager: Shutting down and abandoning module Landscape (12)
[2016.06.03-23.07.11:072][967]LogModuleManager: Shutting down and abandoning module SlateRHIRenderer (11)
[2016.06.03-23.07.11:113][967]LogModuleManager: Shutting down and abandoning module OpenGLDrv (10)
[2016.06.03-23.07.11:156][967]LogModuleManager: Shutting down and abandoning module D3D11RHI (9)
[2016.06.03-23.07.11:156][967]LogModuleManager: Shutting down and abandoning module AnimGraphRuntime (8)
[2016.06.03-23.07.11:180][967]LogModuleManager: Shutting down and abandoning module Renderer (7)
[2016.06.03-23.07.11:180][967]LogModuleManager: Shutting down and abandoning module Engine (6)
[2016.06.03-23.07.11:180][967]LogModuleManager: Shutting down and abandoning module CoreUObject (5)
[2016.06.03-23.07.11:180][967]LogModuleManager: Shutting down and abandoning module NetworkFile (4)
[2016.06.03-23.07.11:330][967]LogModuleManager: Shutting down and abandoning module StreamingFile (3)
[2016.06.03-23.07.11:330][967]LogModuleManager: Shutting down and abandoning module SandboxFile (2)
[2016.06.03-23.07.11:330][967]LogModuleManager: Shutting down and abandoning module PakFile (1)
[2016.06.03-23.07.11:391][967]LogExit: Exiting.
[2016.06.03-23.07.11:503][967]Log file closed, 06/03/16 16:07:11
